#
# A fatal error has been detected by the Java Runtime Environment:
#
#  EXCEPTION_ACCESS_VIOLATION (0xc0000005) at pc=0x00007ffbce2b7c51, pid=4496, tid=0x00000000000049f8
#
# JRE version: Java(TM) SE Runtime Environment (8.0_281-b09) (build 1.8.0_281-b09)
# Java VM: Java HotSpot(TM) 64-Bit Server VM (25.281-b09 mixed mode windows-amd64 compressed oops)
# Problematic frame:
# C  [sgfplib.dll+0x7c51]
#
# Failed to write core dump. Minidumps are not enabled by default on client versions of Windows
#
# If you would like to submit a bug report, please visit:
#   http://bugreport.java.com/bugreport/crash.jsp
# The crash happened outside the Java Virtual Machine in native code.
# See problematic frame for where to report the bug.
#

---------------  T H R E A D  ---------------

Current thread (0x0000014a7dd35800):  JavaThread "AWT-EventQueue-0" [_thread_in_native, id=18936, stack(0x00000022b2500000,0x00000022b2600000)]

siginfo: ExceptionCode=0xc0000005, reading address 0x0000014a07770000

Registers:
RAX=0x0000000000000000, RBX=0x0000014a07504320, RCX=0x00000022b25fc750, RDX=0x0000014a07770000
RSP=0x00000022b25fc3d0, RBP=0x00000022b25fc4d0, RSI=0x0000000000000003, RDI=0x0000014a06eb9030
R8 =0x0000000000000200, R9 =0x00000022b25fc5d0, R10=0x00007ffbce2d6a88, R11=0x0000014a07504320
R12=0x0000000000000000, R13=0x0000014a071642c8, R14=0x00000022b25fc7d0, R15=0x0000014a7dd35800
RIP=0x00007ffbce2b7c51, EFLAGS=0x0000000000010246

Top of Stack: (sp=0x00000022b25fc3d0)
0x00000022b25fc3d0:   0000014a071642c8 ffffffff00000000
0x00000022b25fc3e0:   0000014a071642c8 00000000673b64d0
0x00000022b25fc3f0:   00000022b25fc710 0000014a0000000b
0x00000022b25fc400:   0000000001520000 0000000000000000
0x00000022b25fc410:   0000014a669e2d77 000000006739ff6f
0x00000022b25fc420:   0000000000000000 00007ffbdc78a43c
0x00000022b25fc430:   00000022b25fc710 fffffffffffffffe
0x00000022b25fc440:   0000014a07500000 0000014a07504318
0x00000022b25fc450:   0000014a669e2d77 0000014a0000000b
0x00000022b25fc460:   0000000001520000 0000000000000005
0x00000022b25fc470:   0000014a669e2d00 0000014a07504320
0x00000022b25fc480:   0000000000000000 0000000000000001
0x00000022b25fc490:   0000014a07504310 000000000000001f
0x00000022b25fc4a0:   0000000000000000 0000000000000024
0x00000022b25fc4b0:   0000014a07500150 000000000152d336
0x00000022b25fc4c0:   0000000000000005 0000000000000080 

Instructions: (pc=0x00007ffbce2b7c51)
0x00007ffbce2b7c31:   60 0f 29 41 60 48 8d 89 80 00 00 00 0f 28 4a 70
0x00007ffbce2b7c41:   0f 29 49 f0 48 8d 92 80 00 00 00 48 ff c8 75 af
0x00007ffbce2b7c51:   0f 28 02 0f 29 01 eb 0e 41 b8 90 01 00 00 49 8b
0x00007ffbce2b7c61:   c9 e8 e9 85 00 00 4c 8d 4c 24 70 48 8d 4c 24 70 


Register to memory mapping:

RAX=0x0000000000000000 is an unknown value
RBX=0x0000014a07504320 is an unknown value
RCX=0x00000022b25fc750 is pointing into the stack for thread: 0x0000014a7dd35800
RDX=0x0000014a07770000 is an unknown value
RSP=0x00000022b25fc3d0 is pointing into the stack for thread: 0x0000014a7dd35800
RBP=0x00000022b25fc4d0 is pointing into the stack for thread: 0x0000014a7dd35800
RSI=0x0000000000000003 is an unknown value
RDI=0x0000014a06eb9030 is an unknown value
R8 =0x0000000000000200 is an unknown value
R9 =0x00000022b25fc5d0 is pointing into the stack for thread: 0x0000014a7dd35800
R10=0x00007ffbce2d6a88 is an unknown value
R11=0x0000014a07504320 is an unknown value
R12=0x0000000000000000 is an unknown value
R13={method} {0x0000014a071642d0} 'MatchTemplate' '([B[BJ[Z)J' in 'SecuGen/FDxSDKPro/jni/JSGFPLib'
R14=0x00000022b25fc7d0 is pointing into the stack for thread: 0x0000014a7dd35800
R15=0x0000014a7dd35800 is a thread


Stack: [0x00000022b2500000,0x00000022b2600000],  sp=0x00000022b25fc3d0,  free space=1008k
Native frames: (J=compiled Java code, j=interpreted, Vv=VM code, C=native code)
C  [sgfplib.dll+0x7c51]
C  [sgfplib.dll+0x8a9a]
C  [jnisgfplib.dll+0x36df]
C  0x0000014a669e9f4e

Java frames: (J=compiled Java code, j=interpreted, Vv=VM code)
j  SecuGen.FDxSDKPro.jni.JSGFPLib.MatchTemplate([B[BJ[Z)J+0
j  ventanas.RegistrarClientes.jButtonVerifyActionPerformed(Ljava/awt/event/ActionEvent;)V+84
j  ventanas.RegistrarClientes.access$600(Lventanas/RegistrarClientes;Ljava/awt/event/ActionEvent;)V+2
j  ventanas.RegistrarClientes$7.actionPerformed(Ljava/awt/event/ActionEvent;)V+5
j  javax.swing.AbstractButton.fireActionPerformed(Ljava/awt/event/ActionEvent;)V+83
j  javax.swing.AbstractButton$Handler.actionPerformed(Ljava/awt/event/ActionEvent;)V+5
j  javax.swing.DefaultButtonModel.fireActionPerformed(Ljava/awt/event/ActionEvent;)V+34
j  javax.swing.DefaultButtonModel.setPressed(Z)V+117
j  javax.swing.plaf.basic.BasicButtonListener.mouseReleased(Ljava/awt/event/MouseEvent;)V+35
j  java.awt.Component.processMouseEvent(Ljava/awt/event/MouseEvent;)V+64
j  javax.swing.JComponent.processMouseEvent(Ljava/awt/event/MouseEvent;)V+23
j  java.awt.Component.processEvent(Ljava/awt/AWTEvent;)V+81
j  java.awt.Container.processEvent(Ljava/awt/AWTEvent;)V+18
J 1494 C1 java.awt.Component.dispatchEventImpl(Ljava/awt/AWTEvent;)V (921 bytes) @ 0x0000014a66eb5b24 [0x0000014a66eb0640+0x54e4]
J 853 C1 java.awt.Container.dispatchEventImpl(Ljava/awt/AWTEvent;)V (129 bytes) @ 0x0000014a66cdab04 [0x0000014a66cda9c0+0x144]
J 852 C1 java.awt.Component.dispatchEvent(Ljava/awt/AWTEvent;)V (6 bytes) @ 0x0000014a66cda644 [0x0000014a66cda540+0x104]
j  java.awt.LightweightDispatcher.retargetMouseEvent(Ljava/awt/Component;ILjava/awt/event/MouseEvent;)V+349
j  java.awt.LightweightDispatcher.processMouseEvent(Ljava/awt/event/MouseEvent;)Z+155
J 1510 C1 java.awt.LightweightDispatcher.dispatchEvent(Ljava/awt/AWTEvent;)Z (73 bytes) @ 0x0000014a66ec8cbc [0x0000014a66ec8880+0x43c]
J 853 C1 java.awt.Container.dispatchEventImpl(Ljava/awt/AWTEvent;)V (129 bytes) @ 0x0000014a66cdaaa4 [0x0000014a66cda9c0+0xe4]
J 1611 C1 java.awt.Window.dispatchEventImpl(Ljava/awt/AWTEvent;)V (23 bytes) @ 0x0000014a66f330a4 [0x0000014a66f32ac0+0x5e4]
J 1153 C1 java.awt.EventQueue.dispatchEventImpl(Ljava/awt/AWTEvent;Ljava/lang/Object;)V (149 bytes) @ 0x0000014a66d943bc [0x0000014a66d92b80+0x183c]
J 1151 C1 java.awt.EventQueue$3.run()Ljava/lang/Void; (60 bytes) @ 0x0000014a66d9578c [0x0000014a66d95580+0x20c]
J 1150 C1 java.awt.EventQueue$3.run()Ljava/lang/Object; (5 bytes) @ 0x0000014a66d8db8c [0x0000014a66d8db00+0x8c]
v  ~StubRoutines::call_stub
J 558  java.security.AccessController.doPrivileged(Ljava/security/PrivilegedAction;Ljava/security/AccessControlContext;)Ljava/lang/Object; (0 bytes) @ 0x0000014a66c0d5a6 [0x0000014a66c0d540+0x66]
J 1417 C1 java.awt.EventQueue$4.run()Ljava/lang/Object; (5 bytes) @ 0x0000014a66e7516c [0x0000014a66e74d40+0x42c]
v  ~StubRoutines::call_stub
J 558  java.security.AccessController.doPrivileged(Ljava/security/PrivilegedAction;Ljava/security/AccessControlContext;)Ljava/lang/Object; (0 bytes) @ 0x0000014a66c0d5a6 [0x0000014a66c0d540+0x66]
J 774 C1 java.awt.EventQueue.dispatchEvent(Ljava/awt/AWTEvent;)V (80 bytes) @ 0x0000014a66c971fc [0x0000014a66c96380+0xe7c]
J 786 C1 java.awt.EventDispatchThread.pumpOneEventForFilters(I)V (190 bytes) @ 0x0000014a66c9d28c [0x0000014a66c9c140+0x114c]
j  java.awt.EventDispatchThread.pumpEventsForFilter(ILjava/awt/Conditional;Ljava/awt/EventFilter;)V+35
j  java.awt.EventDispatchThread.pumpEventsForHierarchy(ILjava/awt/Conditional;Ljava/awt/Component;)V+11
j  java.awt.EventDispatchThread.pumpEvents(ILjava/awt/Conditional;)V+4
j  java.awt.EventDispatchThread.pumpEvents(Ljava/awt/Conditional;)V+3
j  java.awt.EventDispatchThread.run()V+9
v  ~StubRoutines::call_stub

---------------  P R O C E S S  ---------------

Java Threads: ( => current thread )
  0x0000014a061f3000 JavaThread "Abandoned connection cleanup thread" daemon [_thread_blocked, id=13160, stack(0x00000022b2e00000,0x00000022b2f00000)]
  0x0000014a0621f000 JavaThread "TimerQueue" daemon [_thread_blocked, id=15700, stack(0x00000022b2d00000,0x00000022b2e00000)]
  0x0000014a06034800 JavaThread "D3D Screen Updater" daemon [_thread_blocked, id=18300, stack(0x00000022b2c00000,0x00000022b2d00000)]
  0x0000014a7e297800 JavaThread "Image Fetcher 0" daemon [_thread_blocked, id=19836, stack(0x00000022b2800000,0x00000022b2900000)]
  0x0000014a64f80800 JavaThread "DestroyJavaVM" [_thread_blocked, id=13132, stack(0x00000022b0c00000,0x00000022b0d00000)]
=>0x0000014a7dd35800 JavaThread "AWT-EventQueue-0" [_thread_in_native, id=18936, stack(0x00000022b2500000,0x00000022b2600000)]
  0x0000014a7dcd4800 JavaThread "AWT-Windows" daemon [_thread_in_native, id=18284, stack(0x00000022b2400000,0x00000022b2500000)]
  0x0000014a7dcd4000 JavaThread "AWT-Shutdown" [_thread_blocked, id=16448, stack(0x00000022b2300000,0x00000022b2400000)]
  0x0000014a7dccb000 JavaThread "Java2D Disposer" daemon [_thread_blocked, id=18180, stack(0x00000022b2200000,0x00000022b2300000)]
  0x0000014a7bf6e000 JavaThread "Service Thread" daemon [_thread_blocked, id=8916, stack(0x00000022b2000000,0x00000022b2100000)]
  0x0000014a7bf39000 JavaThread "C1 CompilerThread3" daemon [_thread_blocked, id=18880, stack(0x00000022b1f00000,0x00000022b2000000)]
  0x0000014a7bf34000 JavaThread "C2 CompilerThread2" daemon [_thread_blocked, id=16984, stack(0x00000022b1e00000,0x00000022b1f00000)]
  0x0000014a7bf2d800 JavaThread "C2 CompilerThread1" daemon [_thread_blocked, id=20156, stack(0x00000022b1d00000,0x00000022b1e00000)]
  0x0000014a7bf2a800 JavaThread "C2 CompilerThread0" daemon [_thread_blocked, id=9344, stack(0x00000022b1c00000,0x00000022b1d00000)]
  0x0000014a7bf25000 JavaThread "Attach Listener" daemon [_thread_blocked, id=7196, stack(0x00000022b1b00000,0x00000022b1c00000)]
  0x0000014a7bf24000 JavaThread "Signal Dispatcher" daemon [_thread_blocked, id=19520, stack(0x00000022b1a00000,0x00000022b1b00000)]
  0x0000014a7b08b800 JavaThread "Finalizer" daemon [_thread_blocked, id=10940, stack(0x00000022b1900000,0x00000022b1a00000)]
  0x0000014a7befb000 JavaThread "Reference Handler" daemon [_thread_blocked, id=20136, stack(0x00000022b1800000,0x00000022b1900000)]

Other Threads:
  0x0000014a7bed7000 VMThread [stack: 0x00000022b1700000,0x00000022b1800000] [id=19424]
  0x0000014a7d773000 WatcherThread [stack: 0x00000022b2100000,0x00000022b2200000] [id=15532]

VM state:not at safepoint (normal execution)

VM Mutex/Monitor currently owned by a thread: None

heap address: 0x0000000081600000, size: 2026 MB, Compressed Oops mode: 32-bit
Narrow klass base: 0x0000000000000000, Narrow klass shift: 3
Compressed class space size: 1073741824 Address: 0x0000000100000000

Heap:
 PSYoungGen      total 38400K, used 21186K [0x00000000d5d00000, 0x00000000d8780000, 0x0000000100000000)
  eden space 33280K, 48% used [0x00000000d5d00000,0x00000000d6cb5528,0x00000000d7d80000)
  from space 5120K, 99% used [0x00000000d7d80000,0x00000000d827b4a0,0x00000000d8280000)
  to   space 5120K, 0% used [0x00000000d8280000,0x00000000d8280000,0x00000000d8780000)
 ParOldGen       total 87552K, used 28534K [0x0000000081600000, 0x0000000086b80000, 0x00000000d5d00000)
  object space 87552K, 32% used [0x0000000081600000,0x00000000831dda80,0x0000000086b80000)
 Metaspace       used 17514K, capacity 17822K, committed 18176K, reserved 1064960K
  class space    used 2130K, capacity 2225K, committed 2304K, reserved 1048576K

Card table byte_map: [0x0000014a75d90000,0x0000014a76190000] byte_map_base: 0x0000014a75985000

Marking Bits: (ParMarkBitMap*) 0x00000000678b6ff0
 Begin Bits: [0x0000014a76440000, 0x0000014a783e8000)
 End Bits:   [0x0000014a783e8000, 0x0000014a7a390000)

Polling page: 0x0000014a650f0000

CodeCache: size=245760Kb used=5640Kb max_used=5642Kb free=240119Kb
 bounds [0x0000014a669d0000, 0x0000014a66f60000, 0x0000014a759d0000]
 total_blobs=2253 nmethods=1660 adapters=505
 compilation: enabled

Compilation events (10 events):
Event: 8.887 Thread 0x0000014a7bf39000 1654       1       com.mysql.jdbc.Buffer::getByteBuffer (5 bytes)
Event: 8.887 Thread 0x0000014a7bf39000 nmethod 1654 0x0000014a66f49f50 code [0x0000014a66f4a0a0, 0x0000014a66f4a1b8]
Event: 8.887 Thread 0x0000014a7bf39000 1656       3       com.mysql.jdbc.ConnectionImpl::getProxy (16 bytes)
Event: 8.887 Thread 0x0000014a7bf39000 nmethod 1656 0x0000014a66f51b90 code [0x0000014a66f51ce0, 0x0000014a66f51e98]
Event: 8.887 Thread 0x0000014a7bf39000 1655       1       com.mysql.jdbc.ConnectionPropertiesImpl::getUseUnicode (5 bytes)
Event: 8.887 Thread 0x0000014a7bf39000 nmethod 1655 0x0000014a66f51f10 code [0x0000014a66f52060, 0x0000014a66f52178]
Event: 8.887 Thread 0x0000014a7bf39000 1657       1       com.mysql.jdbc.ConnectionPropertiesImpl::getEncoding (5 bytes)
Event: 8.887 Thread 0x0000014a7bf39000 nmethod 1657 0x0000014a66f521d0 code [0x0000014a66f52320, 0x0000014a66f52438]
Event: 8.888 Thread 0x0000014a7bf2a800 nmethod 1652 0x0000014a66f55590 code [0x0000014a66f556e0, 0x0000014a66f55bb8]
Event: 8.889 Thread 0x0000014a7bf39000 1659       3       com.mysql.jdbc.MysqlIO::readFully (91 bytes)

GC Heap History (2 events):
Event: 3.301 GC heap before
{Heap before GC invocations=1 (full 0):
 PSYoungGen      total 38400K, used 33280K [0x00000000d5d00000, 0x00000000d8780000, 0x0000000100000000)
  eden space 33280K, 100% used [0x00000000d5d00000,0x00000000d7d80000,0x00000000d7d80000)
  from space 5120K, 0% used [0x00000000d8280000,0x00000000d8280000,0x00000000d8780000)
  to   space 5120K, 0% used [0x00000000d7d80000,0x00000000d7d80000,0x00000000d8280000)
 ParOldGen       total 87552K, used 0K [0x0000000081600000, 0x0000000086b80000, 0x00000000d5d00000)
  object space 87552K, 0% used [0x0000000081600000,0x0000000081600000,0x0000000086b80000)
 Metaspace       used 13294K, capacity 13510K, committed 13824K, reserved 1060864K
  class space    used 1697K, capacity 1771K, committed 1792K, reserved 1048576K
Event: 3.309 GC heap after
Heap after GC invocations=1 (full 0):
 PSYoungGen      total 38400K, used 5101K [0x00000000d5d00000, 0x00000000d8780000, 0x0000000100000000)
  eden space 33280K, 0% used [0x00000000d5d00000,0x00000000d5d00000,0x00000000d7d80000)
  from space 5120K, 99% used [0x00000000d7d80000,0x00000000d827b4a0,0x00000000d8280000)
  to   space 5120K, 0% used [0x00000000d8280000,0x00000000d8280000,0x00000000d8780000)
 ParOldGen       total 87552K, used 28534K [0x0000000081600000, 0x0000000086b80000, 0x00000000d5d00000)
  object space 87552K, 32% used [0x0000000081600000,0x00000000831dda80,0x0000000086b80000)
 Metaspace       used 13294K, capacity 13510K, committed 13824K, reserved 1060864K
  class space    used 1697K, capacity 1771K, committed 1792K, reserved 1048576K
}

Deoptimization events (10 events):
Event: 3.399 Thread 0x0000014a7dd35800 Uncommon trap: reason=unstable_if action=reinterpret pc=0x0000014a66cf9cdc method=java.util.Properties.loadConvert([CII[C)Ljava/lang/String; @ 4
Event: 3.399 Thread 0x0000014a7dd35800 Uncommon trap: reason=unstable_if action=reinterpret pc=0x0000014a66cf7f7c method=java.util.Properties$LineReader.readLine()I @ 252
Event: 3.407 Thread 0x0000014a7dd35800 Uncommon trap: reason=bimorphic action=maybe_recompile pc=0x0000014a66b9f6dc method=java.util.HashMap.putVal(ILjava/lang/Object;Ljava/lang/Object;ZZ)Ljava/lang/Object; @ 152
Event: 3.407 Thread 0x0000014a7dd35800 Uncommon trap: reason=class_check action=maybe_recompile pc=0x0000014a66d3f114 method=java.util.Properties$LineReader.readLine()I @ 410
Event: 3.511 Thread 0x0000014a7e297800 Uncommon trap: reason=unstable_if action=reinterpret pc=0x0000014a66c5a724 method=sun.awt.image.PNGImageDecoder.produceImage()V @ 867
Event: 3.645 Thread 0x0000014a7dd35800 Uncommon trap: reason=unstable_if action=reinterpret pc=0x0000014a66cd6698 method=java.awt.Component.inside(II)Z @ 9
Event: 4.348 Thread 0x0000014a7dd35800 Uncommon trap: reason=unstable_if action=reinterpret pc=0x0000014a66b9f6ac method=java.util.HashMap.putVal(ILjava/lang/Object;Ljava/lang/Object;ZZ)Ljava/lang/Object; @ 109
Event: 4.351 Thread 0x0000014a7dd35800 Uncommon trap: reason=unstable_if action=reinterpret pc=0x0000014a66ba45c8 method=java.util.HashMap.putVal(ILjava/lang/Object;Ljava/lang/Object;ZZ)Ljava/lang/Object; @ 109
Event: 4.374 Thread 0x0000014a7dd35800 Uncommon trap: reason=unstable_if action=reinterpret pc=0x0000014a66decee0 method=javax.swing.plaf.nimbus.DerivedColor.equals(Ljava/lang/Object;)Z @ 45
Event: 4.374 Thread 0x0000014a7dd35800 Uncommon trap: reason=unstable_if action=reinterpret pc=0x0000014a66df1fe0 method=javax.swing.plaf.nimbus.DerivedColor.equals(Ljava/lang/Object;)Z @ 45

Classes redefined (0 events):
No events

Internal exceptions (10 events):
Event: 0.169 Thread 0x0000014a64f80800 Exception <a 'java/lang/ClassNotFoundException': ToggleButton> (0x00000000d611ea90) thrown at [C:\jenkins\workspace\8-2-build-windows-amd64-cygwin\jdk8u281\880\hotspot\src\share\vm\classfile\systemDictionary.cpp, line 212]
Event: 0.169 Thread 0x0000014a64f80800 Exception <a 'java/lang/ClassNotFoundException': javax/swing/JToolBarSeparator> (0x00000000d611eef0) thrown at [C:\jenkins\workspace\8-2-build-windows-amd64-cygwin\jdk8u281\880\hotspot\src\share\vm\classfile\systemDictionary.cpp, line 212]
Event: 0.169 Thread 0x0000014a64f80800 Exception <a 'java/lang/ClassNotFoundException': ToolBarSeparator> (0x00000000d611f388) thrown at [C:\jenkins\workspace\8-2-build-windows-amd64-cygwin\jdk8u281\880\hotspot\src\share\vm\classfile\systemDictionary.cpp, line 212]
Event: 0.169 Thread 0x0000014a64f80800 Exception <a 'java/lang/ClassNotFoundException': ToolTip> (0x00000000d611fac8) thrown at [C:\jenkins\workspace\8-2-build-windows-amd64-cygwin\jdk8u281\880\hotspot\src\share\vm\classfile\systemDictionary.cpp, line 212]
Event: 0.170 Thread 0x0000014a64f80800 Exception <a 'java/lang/ClassNotFoundException': Tree> (0x00000000d61206e8) thrown at [C:\jenkins\workspace\8-2-build-windows-amd64-cygwin\jdk8u281\880\hotspot\src\share\vm\classfile\systemDictionary.cpp, line 212]
Event: 0.170 Thread 0x0000014a64f80800 Exception <a 'java/lang/ClassNotFoundException': Tree> (0x00000000d6120e28) thrown at [C:\jenkins\workspace\8-2-build-windows-amd64-cygwin\jdk8u281\880\hotspot\src\share\vm\classfile\systemDictionary.cpp, line 212]
Event: 0.170 Thread 0x0000014a64f80800 Exception <a 'java/lang/ClassNotFoundException': javax/swing/JTreeCell> (0x00000000d61211a8) thrown at [C:\jenkins\workspace\8-2-build-windows-amd64-cygwin\jdk8u281\880\hotspot\src\share\vm\classfile\systemDictionary.cpp, line 212]
Event: 0.170 Thread 0x0000014a64f80800 Exception <a 'java/lang/ClassNotFoundException': TreeCell> (0x00000000d6121630) thrown at [C:\jenkins\workspace\8-2-build-windows-amd64-cygwin\jdk8u281\880\hotspot\src\share\vm\classfile\systemDictionary.cpp, line 212]
Event: 0.170 Thread 0x0000014a64f80800 Exception <a 'java/lang/ClassNotFoundException': RootPane> (0x00000000d6122090) thrown at [C:\jenkins\workspace\8-2-build-windows-amd64-cygwin\jdk8u281\880\hotspot\src\share\vm\classfile\systemDictionary.cpp, line 212]
Event: 0.492 Thread 0x0000014a7e297800 Implicit null exception at 0x0000014a66c1b74d to 0x0000014a66c1be89

Events (10 events):
Event: 6.715 loading class sun/awt/image/ByteInterleavedRaster
Event: 6.715 loading class sun/awt/image/ByteComponentRaster
Event: 6.715 loading class sun/awt/image/ByteComponentRaster done
Event: 6.715 loading class sun/awt/image/ByteInterleavedRaster done
Event: 8.050 loading class SecuGen/FDxSDKPro/jni/SGFingerInfo
Event: 8.050 loading class SecuGen/FDxSDKPro/jni/SGFingerInfo done
Event: 8.050 loading class sun/awt/image/OffScreenImageSource
Event: 8.050 loading class sun/awt/image/OffScreenImageSource done
Event: 8.083 loading class SecuGen/FDxSDKPro/jni/SGNFIQLib
Event: 8.083 loading class SecuGen/FDxSDKPro/jni/SGNFIQLib done


Dynamic libraries:
0x00007ff641740000 - 0x00007ff641787000 	C:\Program Files\Java\jdk1.8.0_281\bin\java.exe
0x00007ffbdc770000 - 0x00007ffbdc966000 	C:\Windows\SYSTEM32\ntdll.dll
0x00007ffbbccf0000 - 0x00007ffbbcd02000 	C:\Program Files\Avast Software\Avast\aswhook.dll
0x00007ffbdb260000 - 0x00007ffbdb31d000 	C:\Windows\System32\KERNEL32.DLL
0x00007ffbda2c0000 - 0x00007ffbda589000 	C:\Windows\System32\KERNELBASE.dll
0x00007ffbdc0b0000 - 0x00007ffbdc15c000 	C:\Windows\System32\ADVAPI32.dll
0x00007ffbdb1c0000 - 0x00007ffbdb25e000 	C:\Windows\System32\msvcrt.dll
0x00007ffbdc230000 - 0x00007ffbdc2cc000 	C:\Windows\System32\sechost.dll
0x00007ffbda7d0000 - 0x00007ffbda8fb000 	C:\Windows\System32\RPCRT4.dll
0x00007ffbdb4e0000 - 0x00007ffbdb680000 	C:\Windows\System32\USER32.dll
0x00007ffbda6f0000 - 0x00007ffbda712000 	C:\Windows\System32\win32u.dll
0x00007ffbdb380000 - 0x00007ffbdb3aa000 	C:\Windows\System32\GDI32.dll
0x00007ffbd9f10000 - 0x00007ffbda01b000 	C:\Windows\System32\gdi32full.dll
0x00007ffbda1d0000 - 0x00007ffbda26d000 	C:\Windows\System32\msvcp_win.dll
0x00007ffbda020000 - 0x00007ffbda120000 	C:\Windows\System32\ucrtbase.dll
0x00007ffbc0500000 - 0x00007ffbc079b000 	C:\Windows\WinSxS\amd64_microsoft.windows.common-controls_6595b64144ccf1df_6.0.19041.746_none_ca02b4b61b8320a4\COMCTL32.dll
0x00007ffbdafe0000 - 0x00007ffbdb010000 	C:\Windows\System32\IMM32.DLL
0x00007ffbd4a00000 - 0x00007ffbd4a15000 	C:\Program Files\Java\jdk1.8.0_281\jre\bin\vcruntime140.dll
0x00007ffbb4f30000 - 0x00007ffbb4fcb000 	C:\Program Files\Java\jdk1.8.0_281\jre\bin\msvcp140.dll
0x00000000670d0000 - 0x000000006792f000 	C:\Program Files\Java\jdk1.8.0_281\jre\bin\server\jvm.dll
0x00007ffbdc710000 - 0x00007ffbdc718000 	C:\Windows\System32\PSAPI.DLL
0x00007ffbbf340000 - 0x00007ffbbf349000 	C:\Windows\SYSTEM32\WSOCK32.dll
0x00007ffbdb680000 - 0x00007ffbdb6eb000 	C:\Windows\System32\WS2_32.dll
0x00007ffbc61a0000 - 0x00007ffbc61c7000 	C:\Windows\SYSTEM32\WINMM.dll
0x00007ffbd3e50000 - 0x00007ffbd3e5a000 	C:\Windows\SYSTEM32\VERSION.dll
0x00007ffbd7df0000 - 0x00007ffbd7e02000 	C:\Windows\SYSTEM32\kernel.appcore.dll
0x00007ffbd49f0000 - 0x00007ffbd4a00000 	C:\Program Files\Java\jdk1.8.0_281\jre\bin\verify.dll
0x00007ffbb51d0000 - 0x00007ffbb51fb000 	C:\Program Files\Java\jdk1.8.0_281\jre\bin\java.dll
0x00007ffbb51b0000 - 0x00007ffbb51c8000 	C:\Program Files\Java\jdk1.8.0_281\jre\bin\zip.dll
0x00007ffbdb960000 - 0x00007ffbdc0a3000 	C:\Windows\System32\SHELL32.dll
0x00007ffbd7ff0000 - 0x00007ffbd877f000 	C:\Windows\SYSTEM32\windows.storage.dll
0x00007ffbdc3b0000 - 0x00007ffbdc706000 	C:\Windows\System32\combase.dll
0x00007ffbd9840000 - 0x00007ffbd986c000 	C:\Windows\SYSTEM32\Wldp.dll
0x00007ffbda900000 - 0x00007ffbda9ae000 	C:\Windows\System32\SHCORE.dll
0x00007ffbdb750000 - 0x00007ffbdb7a5000 	C:\Windows\System32\shlwapi.dll
0x00007ffbd9de0000 - 0x00007ffbd9e06000 	C:\Windows\SYSTEM32\profapi.dll
0x00007ffbb4fd0000 - 0x00007ffbb5165000 	C:\Program Files\Java\jdk1.8.0_281\jre\bin\awt.dll
0x00007ffbdb010000 - 0x00007ffbdb0dd000 	C:\Windows\System32\OLEAUT32.dll
0x00007ffbd7770000 - 0x00007ffbd7800000 	C:\Windows\SYSTEM32\apphelp.dll
0x00007ffbd7930000 - 0x00007ffbd79ce000 	C:\Windows\system32\uxtheme.dll
0x00007ffbdb3c0000 - 0x00007ffbdb4d6000 	C:\Windows\System32\MSCTF.dll
0x00007ffbda9b0000 - 0x00007ffbdaada000 	C:\Windows\System32\ole32.dll
0x00007ffbda120000 - 0x00007ffbda1a0000 	C:\Windows\System32\bcryptPrimitives.dll
0x00007ffbd7b00000 - 0x00007ffbd7b2f000 	C:\Windows\system32\DWMAPI.DLL
0x00007ffbb4d80000 - 0x00007ffbb4dc9000 	C:\Program Files\Java\jdk1.8.0_281\jre\bin\fontmanager.dll
0x00007ffbb4e00000 - 0x00007ffbb4f25000 	C:\Windows\system32\opengl32.dll
0x00007ffbb4dd0000 - 0x00007ffbb4dfc000 	C:\Windows\SYSTEM32\GLU32.dll
0x00007ffbc4880000 - 0x00007ffbc4a4f000 	C:\Windows\system32\d3d9.dll
0x00007ffbce350000 - 0x00007ffbce455000 	C:\Windows\System32\DriverStore\FileRepository\nv_dispi.inf_amd64_d67c20d727d4578c\nvldumdx.dll
0x00007ffbd9a90000 - 0x00007ffbd9aa2000 	C:\Windows\SYSTEM32\msasn1.dll
0x00007ffbcee50000 - 0x00007ffbcee81000 	C:\Windows\SYSTEM32\cryptnet.dll
0x00007ffbda590000 - 0x00007ffbda6e6000 	C:\Windows\System32\CRYPT32.dll
0x00007ffbd97b0000 - 0x00007ffbd97bc000 	C:\Windows\SYSTEM32\cryptbase.dll
0x00007ffbd9eb0000 - 0x00007ffbd9f10000 	C:\Windows\System32\WINTRUST.DLL
0x00007ffbdc210000 - 0x00007ffbdc22d000 	C:\Windows\System32\imagehlp.dll
0x00007ffbd9880000 - 0x00007ffbd9898000 	C:\Windows\SYSTEM32\CRYPTSP.dll
0x00007ffbd8f80000 - 0x00007ffbd8fb4000 	C:\Windows\system32\rsaenh.dll
0x00007ffbda1a0000 - 0x00007ffbda1c7000 	C:\Windows\System32\bcrypt.dll
0x00007ffb6f7a0000 - 0x00007ffb713e8000 	C:\Windows\System32\DriverStore\FileRepository\nv_dispi.inf_amd64_d67c20d727d4578c\nvd3dumx.dll
0x00007ffbd2320000 - 0x00007ffbd25d9000 	C:\Windows\system32\nvspcap64.dll
0x00007ffbd8cd0000 - 0x00007ffbd8d03000 	C:\Windows\SYSTEM32\ntmarta.dll
0x00007ffbd8780000 - 0x00007ffbd87a3000 	C:\Windows\SYSTEM32\gpapi.dll
0x00007ffbcee10000 - 0x00007ffbcee4b000 	C:\Windows\SYSTEM32\dxcore.dll
0x00007ffbda270000 - 0x00007ffbda2be000 	C:\Windows\System32\cfgmgr32.dll
0x00007ffbdc160000 - 0x00007ffbdc209000 	C:\Windows\System32\clbcatq.dll
0x00007ffbd3830000 - 0x00007ffbd39e4000 	C:\Windows\SYSTEM32\WindowsCodecs.dll
0x00007ffb9d2f0000 - 0x00007ffb9d32e000 	C:\Windows\system32\dataexchange.dll
0x00007ffbd6910000 - 0x00007ffbd6b74000 	C:\Windows\system32\d3d11.dll
0x00007ffbd6b80000 - 0x00007ffbd6d67000 	C:\Windows\system32\dcomp.dll
0x00007ffbd87b0000 - 0x00007ffbd88a3000 	C:\Windows\system32\dxgi.dll
0x00007ffbd3ee0000 - 0x00007ffbd40e1000 	C:\Windows\system32\twinapi.appcore.dll
0x00007ffbb5190000 - 0x00007ffbb51ac000 	C:\Program Files\Java\jdk1.8.0_281\jre\bin\net.dll
0x00007ffbd9630000 - 0x00007ffbd969a000 	C:\Windows\system32\mswsock.dll
0x00007ffbb5170000 - 0x00007ffbb5183000 	C:\Program Files\Java\jdk1.8.0_281\jre\bin\nio.dll
0x00007ffbb4d30000 - 0x00007ffbb4d73000 	C:\Program Files\Java\jdk1.8.0_281\jre\bin\t2k.dll
0x00007ffbd2600000 - 0x00007ffbd2632000 	C:\Program Files\Java\jdk1.8.0_281\jre\bin\jpeg.dll
0x00007ffbccbe0000 - 0x00007ffbcccdb000 	C:\Windows\SYSTEM32\textinputframework.dll
0x00007ffbd70f0000 - 0x00007ffbd744e000 	C:\Windows\System32\CoreUIComponents.dll
0x00007ffbd7450000 - 0x00007ffbd7542000 	C:\Windows\System32\CoreMessaging.dll
0x00007ffbd5d90000 - 0x00007ffbd5ee4000 	C:\Windows\SYSTEM32\wintypes.dll
0x00007ffbaf050000 - 0x00007ffbaf07a000 	C:\Program Files\Java\jdk1.8.0_281\jre\bin\dcpr.dll
0x00007ffbd9330000 - 0x00007ffbd93fb000 	C:\Windows\SYSTEM32\DNSAPI.dll
0x00007ffbd92f0000 - 0x00007ffbd932b000 	C:\Windows\SYSTEM32\IPHLPAPI.DLL
0x00007ffbdc720000 - 0x00007ffbdc728000 	C:\Windows\System32\NSI.dll
0x0000000068fd0000 - 0x0000000068ff6000 	C:\Program Files\Bonjour\mdnsNSP.dll
0x00007ffbcedc0000 - 0x00007ffbcedca000 	C:\Windows\System32\rasadhlp.dll
0x00007ffbceea0000 - 0x00007ffbcef1f000 	C:\Windows\System32\fwpuclnt.dll
0x0000000180000000 - 0x000000018000b000 	C:\Windows\System32\jnifplib\x64\jnisgfplib.dll
0x00007ffbce2b0000 - 0x00007ffbce2ec000 	C:\Windows\System32\jnifplib\x64\sgfplib.dll
0x00007ffbdaae0000 - 0x00007ffbdaf47000 	C:\Windows\System32\SETUPAPI.dll
0x0000000068bf0000 - 0x0000000068c93000 	C:\Windows\WinSxS\amd64_microsoft.vc90.crt_1fc8b3b9a1e18e3b_9.0.30729.9625_none_08e1c10da83fbc83\MSVCR90.dll
0x00007ffbd4ed0000 - 0x00007ffbd4ee8000 	C:\Windows\System32\jnifplib\x64\sgwsqlib.dll
0x00007ffbbc9c0000 - 0x00007ffbbc9f1000 	C:\Windows\SYSTEM32\winbio.dll
0x00007ffbbcee0000 - 0x00007ffbbceef000 	C:\Windows\SYSTEM32\winbioext.dll
0x0000014a07360000 - 0x0000014a07413000 	C:\Windows\SYSTEM32\SGFu03x64.dll
0x00007ffbdc2d0000 - 0x00007ffbdc3ab000 	C:\Windows\System32\COMDLG32.dll
0x00007ffbc0470000 - 0x00007ffbc04fe000 	C:\Windows\SYSTEM32\WINSPOOL.DRV
0x0000000010000000 - 0x0000000010033000 	C:\Windows\SYSTEM32\sgfpaMX.dll
0x00007ffbd5a60000 - 0x00007ffbd5a67000 	C:\Windows\System32\jnifplib\x64\jnisgnfiqlib.dll
0x00007ffbd25e0000 - 0x00007ffbd25fb000 	C:\Windows\System32\jnifplib\x64\sgnfiqlib.dll
0x00007ffbcd050000 - 0x00007ffbcd234000 	C:\Windows\SYSTEM32\dbghelp.dll

VM Arguments:
jvm_args: -Dfile.encoding=UTF-8 
java_command: ventanas.Login
java_class_path (initial): C:\Program Files\NetBeans-12.0\netbeans\java\modules\ext\AbsoluteLayout.jar;C:\Users\alex_\Downloads\DataSystem\conector\mysql-connector-java-5.1.46.jar;C:\Users\alex_\Downloads\DataSystem\driver-PDF\itext5-itextpdf-5.5.12.jar;C:\Users\alex_\Downloads\DataSystem\driver-SecuGen\FDxSDKPro.jar;C:\Users\alex_\Downloads\DataSystem\build\classes
Launcher Type: SUN_STANDARD

Environment Variables:
PATH=C:\Program Files (x86)\Common Files\Oracle\Java\javapath;C:\Program Files (x86)\VMware\VMware Workstation\bin\;C:\Windows\system32;C:\Windows;C:\Windows\System32\Wbem;C:\Windows\System32\WindowsPowerShell\v1.0\;C:\Windows\System32\OpenSSH\;C:\Program Files\MATLAB\R2020b\bin;C:\Program Files (x86)\NVIDIA Corporation\PhysX\Common;C:\Program Files\NVIDIA Corporation\NVIDIA NvDLISR;C:\Program Files\nodejs\;C:\ProgramData\chocolatey\bin;C:\Program Files\Git\cmd;C:\Program Files\Java\jdk1.8.0_281\bin;C:\Windows\System32\jnifplib\x64;;C:\Program Files\Docker\Docker\resources\bin;C:\ProgramData\DockerDesktop\version-bin;C:\Users\alex_\AppData\Local\Programs\Python\Python39\Scripts\;C:\Users\alex_\AppData\Local\Programs\Python\Python39\;C:\Users\alex_\AppData\Local\Microsoft\WindowsApps;C:\Users\alex_\AppData\Local\Programs\Microsoft VS Code\bin;C:\Users\alex_\AppData\Roaming\npm;C:\Program Files\PostgreSQL\13\bin\;C:\Users\alex_\AppData\Local\GitHubDesktop\bin
USERNAME=alex_
OS=Windows_NT
PROCESSOR_IDENTIFIER=Intel64 Family 6 Model 165 Stepping 3, GenuineIntel



---------------  S Y S T E M  ---------------

OS: Windows 10.0 , 64 bit Build 19041 (10.0.19041.662)

CPU:total 12 (initial active 12) (6 cores per cpu, 2 threads per core) family 6 model 165 stepping 3, cmov, cx8, fxsr, mmx, sse, sse2, sse3, ssse3, sse4.1, sse4.2, popcnt, avx, avx2, aes, clmul, erms, 3dnowpref, lzcnt, ht, tsc, tscinvbit, bmi1, bmi2, adx

Memory: 4k page, physical 8296496k(1633672k free), swap 14063664k(3885148k free)

vm_info: Java HotSpot(TM) 64-Bit Server VM (25.281-b09) for windows-amd64 JRE (1.8.0_281-b09), built on Dec  9 2020 13:54:07 by "" with MS VC++ 15.9 (VS2017)

time: Sat Feb  6 22:32:28 2021
timezone: Hora est. Pacífico, Sudamérica
elapsed time: 8.927094 seconds (0d 0h 0m 8s)

