#
# A fatal error has been detected by the Java Runtime Environment:
#
#  EXCEPTION_ACCESS_VIOLATION (0xc0000005) at pc=0x000000007110b5db, pid=17616, tid=0x0000000000002be4
#
# JRE version: Java(TM) SE Runtime Environment (8.0_281-b09) (build 1.8.0_281-b09)
# Java VM: Java HotSpot(TM) 64-Bit Server VM (25.281-b09 mixed mode windows-amd64 compressed oops)
# Problematic frame:
# C  [jSSC-2.8_x86_64.dll+0xb5db]
#
# Failed to write core dump. Minidumps are not enabled by default on client versions of Windows
#
# If you would like to submit a bug report, please visit:
#   http://bugreport.java.com/bugreport/crash.jsp
# The crash happened outside the Java Virtual Machine in native code.
# See problematic frame for where to report the bug.
#

---------------  T H R E A D  ---------------

Current thread (0x0000024468b56000):  JavaThread "AWT-EventQueue-0" [_thread_in_native, id=11236, stack(0x000000b417100000,0x000000b417200000)]

siginfo: ExceptionCode=0xc0000005, reading address 0x0000000069b9af64

Registers:
RAX=0x0000000069b9af64, RBX=0x000000b4171fc850, RCX=0x00007ff85e68c194, RDX=0x0000000000000000
RSP=0x000000b4171fc7e0, RBP=0x000000b4171fc960, RSI=0x0000024468b561f8, RDI=0x0000000000000af4
R8 =0x000000b4171fc6d8, R9 =0x000000b4171fc7d0, R10=0x0000000000000000, R11=0x0000000000000246
R12=0x000000b4171fca18, R13=0x00000244704a1a50, R14=0x000000b4171fc910, R15=0x0000024468b56000
RIP=0x000000007110b5db, EFLAGS=0x0000000000010206

Top of Stack: (sp=0x000000b4171fc7e0)
0x000000b4171fc7e0:   0000024470f1c6e0 00000244704a1670
0x000000b4171fc7f0:   000000007110b230 000002444fd30000
0x000000b4171fc800:   000002444fe30000 0000000000000004
0x000000b4171fc810:   0000024468b561f8 0000000000000af4
0x000000b4171fc820:   000000b4171fc960 0000000071112590
0x000000b4171fc830:   0000024468b56000 000000b4171fc910
0x000000b4171fc840:   00000244704a1a50 000000b4171fca18
0x000000b4171fc850:   00000244704a1a50 00007ff85e605d21
0x000000b4171fc860:   000000b4171fc890 000002444fd30000
0x000000b4171fc870:   000000b4171fc960 0000000000000000
0x000000b4171fc880:   0000000071113500 0000000071113be8
0x000000b4171fc890:   000000b4171fc8c0 0000000071112641
0x000000b4171fc8a0:   000000b4171fc830 0000024468b561f8
0x000000b4171fc8b0:   0000000000000000 0000000000000000
0x000000b4171fc8c0:   000000b4171fc960 0000000071101595
0x000000b4171fc8d0:   000000000000001c 0000024400000000 

Instructions: (pc=0x000000007110b5db)
0x000000007110b5bb:   c5 0f 1f 40 00 55 57 56 53 48 83 ec 28 48 8b 05
0x000000007110b5cb:   39 33 01 00 48 89 cb 48 85 c0 0f 84 c5 00 00 00
0x000000007110b5db:   8b 38 85 ff 0f 88 ab 00 00 00 48 8b 05 1c 33 01
0x000000007110b5eb:   00 48 85 c0 0f 84 bc 00 00 00 8b 30 85 f6 74 57 


Register to memory mapping:

RAX=0x0000000069b9af64 is an unknown value
RBX=0x000000b4171fc850 is pointing into the stack for thread: 0x0000024468b56000
RCX=0x00007ff85e68c194 is an unknown value
RDX=0x0000000000000000 is an unknown value
RSP=0x000000b4171fc7e0 is pointing into the stack for thread: 0x0000024468b56000
RBP=0x000000b4171fc960 is pointing into the stack for thread: 0x0000024468b56000
RSI=0x0000024468b561f8 is an unknown value
RDI=0x0000000000000af4 is an unknown value
R8 =0x000000b4171fc6d8 is pointing into the stack for thread: 0x0000024468b56000
R9 =0x000000b4171fc7d0 is pointing into the stack for thread: 0x0000024468b56000
R10=0x0000000000000000 is an unknown value
R11=0x0000000000000246 is an unknown value
R12=0x000000b4171fca18 is pointing into the stack for thread: 0x0000024468b56000
R13=0x00000244704a1a50 is an unknown value
R14=0x000000b4171fc910 is pointing into the stack for thread: 0x0000024468b56000
R15=0x0000024468b56000 is a thread


Stack: [0x000000b417100000,0x000000b417200000],  sp=0x000000b4171fc7e0,  free space=1009k
Native frames: (J=compiled Java code, j=interpreted, Vv=VM code, C=native code)
C  [jSSC-2.8_x86_64.dll+0xb5db]
C  [jSSC-2.8_x86_64.dll+0x12590]
C  [jSSC-2.8_x86_64.dll+0x1595]
C  0x0000024451839f4e

Java frames: (J=compiled Java code, j=interpreted, Vv=VM code)
j  jssc.SerialNativeInterface.openPort(Ljava/lang/String;Z)J+0
j  jssc.SerialPort.openPort()Z+65
j  com.panamahitek.PanamaHitek_Arduino.arduinoTX(Ljava/lang/String;I)V+58
j  ventanas.Ingreso.<init>()V+112
j  ventanas.Administrador.jButton_CreatividadActionPerformed(Ljava/awt/event/ActionEvent;)V+4
j  ventanas.Administrador.access$200(Lventanas/Administrador;Ljava/awt/event/ActionEvent;)V+2
j  ventanas.Administrador$3.actionPerformed(Ljava/awt/event/ActionEvent;)V+5
j  javax.swing.AbstractButton.fireActionPerformed(Ljava/awt/event/ActionEvent;)V+83
j  javax.swing.AbstractButton$Handler.actionPerformed(Ljava/awt/event/ActionEvent;)V+5
j  javax.swing.DefaultButtonModel.fireActionPerformed(Ljava/awt/event/ActionEvent;)V+34
j  javax.swing.DefaultButtonModel.setPressed(Z)V+117
j  javax.swing.plaf.basic.BasicButtonListener.mouseReleased(Ljava/awt/event/MouseEvent;)V+35
j  java.awt.Component.processMouseEvent(Ljava/awt/event/MouseEvent;)V+64
j  javax.swing.JComponent.processMouseEvent(Ljava/awt/event/MouseEvent;)V+23
j  java.awt.Component.processEvent(Ljava/awt/AWTEvent;)V+81
j  java.awt.Container.processEvent(Ljava/awt/AWTEvent;)V+18
j  java.awt.Component.dispatchEventImpl(Ljava/awt/AWTEvent;)V+589
j  java.awt.Container.dispatchEventImpl(Ljava/awt/AWTEvent;)V+42
j  java.awt.Component.dispatchEvent(Ljava/awt/AWTEvent;)V+2
j  java.awt.LightweightDispatcher.retargetMouseEvent(Ljava/awt/Component;ILjava/awt/event/MouseEvent;)V+349
j  java.awt.LightweightDispatcher.processMouseEvent(Ljava/awt/event/MouseEvent;)Z+155
j  java.awt.LightweightDispatcher.dispatchEvent(Ljava/awt/AWTEvent;)Z+50
j  java.awt.Container.dispatchEventImpl(Ljava/awt/AWTEvent;)V+12
j  java.awt.Window.dispatchEventImpl(Ljava/awt/AWTEvent;)V+19
j  java.awt.Component.dispatchEvent(Ljava/awt/AWTEvent;)V+2
j  java.awt.EventQueue.dispatchEventImpl(Ljava/awt/AWTEvent;Ljava/lang/Object;)V+41
j  java.awt.EventQueue.access$500(Ljava/awt/EventQueue;Ljava/awt/AWTEvent;Ljava/lang/Object;)V+3
j  java.awt.EventQueue$3.run()Ljava/lang/Void;+32
j  java.awt.EventQueue$3.run()Ljava/lang/Object;+1
v  ~StubRoutines::call_stub
J 558  java.security.AccessController.doPrivileged(Ljava/security/PrivilegedAction;Ljava/security/AccessControlContext;)Ljava/lang/Object; (0 bytes) @ 0x0000024451a52e26 [0x0000024451a52dc0+0x66]
J 1181 C1 java.security.ProtectionDomain$JavaSecurityAccessImpl.doIntersectionPrivilege(Ljava/security/PrivilegedAction;Ljava/security/AccessControlContext;Ljava/security/AccessControlContext;)Ljava/lang/Object; (22 bytes) @ 0x0000024451bfd4ec [0x0000024451bfd080+0x46c]
j  java.security.ProtectionDomain$JavaSecurityAccessImpl.doIntersectionPrivilege(Ljava/security/PrivilegedAction;Ljava/security/AccessControlContext;)Ljava/lang/Object;+6
j  java.awt.EventQueue$4.run()Ljava/lang/Void;+11
j  java.awt.EventQueue$4.run()Ljava/lang/Object;+1
v  ~StubRoutines::call_stub
J 558  java.security.AccessController.doPrivileged(Ljava/security/PrivilegedAction;Ljava/security/AccessControlContext;)Ljava/lang/Object; (0 bytes) @ 0x0000024451a52e26 [0x0000024451a52dc0+0x66]
J 1259 C1 java.awt.EventQueue.dispatchEvent(Ljava/awt/AWTEvent;)V (80 bytes) @ 0x0000024451c369fc [0x0000024451c35b80+0xe7c]
J 1262 C1 java.awt.EventDispatchThread.pumpOneEventForFilters(I)V (190 bytes) @ 0x0000024451c3904c [0x0000024451c37f00+0x114c]
j  java.awt.EventDispatchThread.pumpEventsForFilter(ILjava/awt/Conditional;Ljava/awt/EventFilter;)V+35
j  java.awt.EventDispatchThread.pumpEventsForHierarchy(ILjava/awt/Conditional;Ljava/awt/Component;)V+11
j  java.awt.EventDispatchThread.pumpEvents(ILjava/awt/Conditional;)V+4
j  java.awt.EventDispatchThread.pumpEvents(Ljava/awt/Conditional;)V+3
j  java.awt.EventDispatchThread.run()V+9
v  ~StubRoutines::call_stub

---------------  P R O C E S S  ---------------

Java Threads: ( => current thread )
  0x000002446929e000 JavaThread "Abandoned connection cleanup thread" daemon [_thread_blocked, id=17840, stack(0x000000b417a50000,0x000000b417b50000)]
  0x0000024470482000 JavaThread "TimerQueue" daemon [_thread_blocked, id=18612, stack(0x000000b417900000,0x000000b417a00000)]
  0x0000024469299800 JavaThread "D3D Screen Updater" daemon [_thread_blocked, id=17288, stack(0x000000b417800000,0x000000b417900000)]
  0x0000024468fd5000 JavaThread "Image Fetcher 0" daemon [_thread_blocked, id=7100, stack(0x000000b417400000,0x000000b417500000)]
  0x000002444fd61800 JavaThread "DestroyJavaVM" [_thread_blocked, id=3300, stack(0x000000b415800000,0x000000b415900000)]
=>0x0000024468b56000 JavaThread "AWT-EventQueue-0" [_thread_in_native, id=11236, stack(0x000000b417100000,0x000000b417200000)]
  0x0000024468af4800 JavaThread "AWT-Windows" daemon [_thread_in_native, id=13240, stack(0x000000b417000000,0x000000b417100000)]
  0x0000024468af0000 JavaThread "AWT-Shutdown" [_thread_blocked, id=11936, stack(0x000000b416f00000,0x000000b417000000)]
  0x0000024468aeb800 JavaThread "Java2D Disposer" daemon [_thread_blocked, id=19116, stack(0x000000b416e00000,0x000000b416f00000)]
  0x0000024468584800 JavaThread "Service Thread" daemon [_thread_blocked, id=20420, stack(0x000000b416c00000,0x000000b416d00000)]
  0x0000024466d7d800 JavaThread "C1 CompilerThread3" daemon [_thread_blocked, id=3260, stack(0x000000b416b00000,0x000000b416c00000)]
  0x0000024466d7b000 JavaThread "C2 CompilerThread2" daemon [_thread_blocked, id=13256, stack(0x000000b416a00000,0x000000b416b00000)]
  0x0000024466d77000 JavaThread "C2 CompilerThread1" daemon [_thread_blocked, id=9716, stack(0x000000b416900000,0x000000b416a00000)]
  0x0000024466d75800 JavaThread "C2 CompilerThread0" daemon [_thread_blocked, id=17076, stack(0x000000b416800000,0x000000b416900000)]
  0x0000024466d71800 JavaThread "Attach Listener" daemon [_thread_blocked, id=19600, stack(0x000000b416700000,0x000000b416800000)]
  0x0000024466d6d000 JavaThread "Signal Dispatcher" daemon [_thread_blocked, id=10348, stack(0x000000b416600000,0x000000b416700000)]
  0x0000024465edb800 JavaThread "Finalizer" daemon [_thread_blocked, id=13840, stack(0x000000b416500000,0x000000b416600000)]
  0x0000024466d44000 JavaThread "Reference Handler" daemon [_thread_blocked, id=2564, stack(0x000000b416400000,0x000000b416500000)]

Other Threads:
  0x0000024466d18800 VMThread [stack: 0x000000b416300000,0x000000b416400000] [id=16712]
  0x0000024468596800 WatcherThread [stack: 0x000000b416d00000,0x000000b416e00000] [id=19688]

VM state:not at safepoint (normal execution)

VM Mutex/Monitor currently owned by a thread: None

heap address: 0x0000000081600000, size: 2026 MB, Compressed Oops mode: 32-bit
Narrow klass base: 0x0000000000000000, Narrow klass shift: 3
Compressed class space size: 1073741824 Address: 0x0000000100000000

Heap:
 PSYoungGen      total 38400K, used 16818K [0x00000000d5d00000, 0x00000000d8780000, 0x0000000100000000)
  eden space 33280K, 35% used [0x00000000d5d00000,0x00000000d68729c8,0x00000000d7d80000)
  from space 5120K, 99% used [0x00000000d7d80000,0x00000000d827a210,0x00000000d8280000)
  to   space 5120K, 0% used [0x00000000d8280000,0x00000000d8280000,0x00000000d8780000)
 ParOldGen       total 87552K, used 28486K [0x0000000081600000, 0x0000000086b80000, 0x00000000d5d00000)
  object space 87552K, 32% used [0x0000000081600000,0x00000000831d1b90,0x0000000086b80000)
 Metaspace       used 16334K, capacity 16610K, committed 17024K, reserved 1064960K
  class space    used 1997K, capacity 2097K, committed 2176K, reserved 1048576K

Card table byte_map: [0x0000024460be0000,0x0000024460fe0000] byte_map_base: 0x00000244607d5000

Marking Bits: (ParMarkBitMap*) 0x00000000580b6ff0
 Begin Bits: [0x0000024461290000, 0x0000024463238000)
 End Bits:   [0x0000024463238000, 0x00000244651e0000)

Polling page: 0x0000024450010000

CodeCache: size=245760Kb used=4294Kb max_used=4294Kb free=241465Kb
 bounds [0x0000024451820000, 0x0000024451c60000, 0x0000024460820000]
 total_blobs=1896 nmethods=1309 adapters=499
 compilation: enabled

Compilation events (10 events):
Event: 6.326 Thread 0x0000024466d7d800 1305       3       sun.misc.SharedSecrets::javaUtilJarAccess (18 bytes)
Event: 6.326 Thread 0x0000024466d7d800 nmethod 1305 0x0000024451c51c10 code [0x0000024451c51d80, 0x0000024451c51fd0]
Event: 6.326 Thread 0x0000024466d7d800 1306       3       sun.misc.PerfCounter::addElapsedTimeFrom (10 bytes)
Event: 6.327 Thread 0x0000024466d7d800 nmethod 1306 0x0000024451c52050 code [0x0000024451c52200, 0x0000024451c52960]
Event: 6.327 Thread 0x0000024466d7d800 1307       1       java.util.jar.Manifest::getEntries (5 bytes)
Event: 6.327 Thread 0x0000024466d7d800 nmethod 1307 0x0000024451c52cd0 code [0x0000024451c52e20, 0x0000024451c52f38]
Event: 6.327 Thread 0x0000024466d7d800 1308       1       java.util.jar.Manifest::getMainAttributes (5 bytes)
Event: 6.327 Thread 0x0000024466d7d800 nmethod 1308 0x0000024451c52f90 code [0x0000024451c530e0, 0x0000024451c531f8]
Event: 6.327 Thread 0x0000024466d7d800 1309       1       java.util.jar.JarFile::access$300 (5 bytes)
Event: 6.327 Thread 0x0000024466d7d800 nmethod 1309 0x0000024451c53250 code [0x0000024451c533a0, 0x0000024451c53498]

GC Heap History (2 events):
Event: 4.993 GC heap before
{Heap before GC invocations=1 (full 0):
 PSYoungGen      total 38400K, used 33280K [0x00000000d5d00000, 0x00000000d8780000, 0x0000000100000000)
  eden space 33280K, 100% used [0x00000000d5d00000,0x00000000d7d80000,0x00000000d7d80000)
  from space 5120K, 0% used [0x00000000d8280000,0x00000000d8280000,0x00000000d8780000)
  to   space 5120K, 0% used [0x00000000d7d80000,0x00000000d7d80000,0x00000000d8280000)
 ParOldGen       total 87552K, used 0K [0x0000000081600000, 0x0000000086b80000, 0x00000000d5d00000)
  object space 87552K, 0% used [0x0000000081600000,0x0000000081600000,0x0000000086b80000)
 Metaspace       used 13327K, capacity 13514K, committed 13824K, reserved 1060864K
  class space    used 1698K, capacity 1771K, committed 1792K, reserved 1048576K
Event: 5.001 GC heap after
Heap after GC invocations=1 (full 0):
 PSYoungGen      total 38400K, used 5096K [0x00000000d5d00000, 0x00000000d8780000, 0x0000000100000000)
  eden space 33280K, 0% used [0x00000000d5d00000,0x00000000d5d00000,0x00000000d7d80000)
  from space 5120K, 99% used [0x00000000d7d80000,0x00000000d827a210,0x00000000d8280000)
  to   space 5120K, 0% used [0x00000000d8280000,0x00000000d8280000,0x00000000d8780000)
 ParOldGen       total 87552K, used 28486K [0x0000000081600000, 0x0000000086b80000, 0x00000000d5d00000)
  object space 87552K, 32% used [0x0000000081600000,0x00000000831d1b90,0x0000000086b80000)
 Metaspace       used 13327K, capacity 13514K, committed 13824K, reserved 1060864K
  class space    used 1698K, capacity 1771K, committed 1792K, reserved 1048576K
}

Deoptimization events (10 events):
Event: 0.513 Thread 0x0000024468fd5000 Uncommon trap: reason=unstable_if action=reinterpret pc=0x0000024451a6139c method=java.awt.image.ReplicateScaleFilter.setPixels(IIIILjava/awt/image/ColorModel;[III)V @ 4
Event: 1.915 Thread 0x0000024468b56000 Uncommon trap: reason=class_check action=maybe_recompile pc=0x00000244519930d4 method=java.lang.String.equals(Ljava/lang/Object;)Z @ 8
Event: 1.915 Thread 0x0000024468b56000 Uncommon trap: reason=class_check action=maybe_recompile pc=0x00000244519930d4 method=java.lang.String.equals(Ljava/lang/Object;)Z @ 8
Event: 2.082 Thread 0x0000024468b56000 Uncommon trap: reason=class_check action=maybe_recompile pc=0x00000244519930d4 method=java.lang.String.equals(Ljava/lang/Object;)Z @ 8
Event: 2.082 Thread 0x0000024468b56000 Uncommon trap: reason=class_check action=maybe_recompile pc=0x00000244519930d4 method=java.lang.String.equals(Ljava/lang/Object;)Z @ 8
Event: 4.984 Thread 0x000002446929e000 Uncommon trap: reason=unstable_if action=reinterpret pc=0x0000024451b4bc60 method=java.lang.String.indexOf([CII[CIII)I @ 3
Event: 5.094 Thread 0x0000024468b56000 Uncommon trap: reason=unstable_if action=reinterpret pc=0x0000024451b634bc method=java.util.Properties$LineReader.readLine()I @ 252
Event: 5.094 Thread 0x0000024468b56000 Uncommon trap: reason=unstable_if action=reinterpret pc=0x0000024451b65b5c method=java.util.Properties.loadConvert([CII[C)Ljava/lang/String; @ 4
Event: 5.102 Thread 0x0000024468b56000 Uncommon trap: reason=class_check action=maybe_recompile pc=0x0000024451bab0d8 method=java.util.Properties$LineReader.readLine()I @ 410
Event: 5.208 Thread 0x0000024468fd5000 Uncommon trap: reason=unstable_if action=reinterpret pc=0x0000024451a9f4c8 method=sun.awt.image.PNGImageDecoder.produceImage()V @ 867

Classes redefined (0 events):
No events

Internal exceptions (10 events):
Event: 0.173 Thread 0x000002444fd61800 Exception <a 'java/lang/ClassNotFoundException': ToggleButton> (0x00000000d6128030) thrown at [C:\jenkins\workspace\8-2-build-windows-amd64-cygwin\jdk8u281\880\hotspot\src\share\vm\classfile\systemDictionary.cpp, line 212]
Event: 0.173 Thread 0x000002444fd61800 Exception <a 'java/lang/ClassNotFoundException': javax/swing/JToolBarSeparator> (0x00000000d6128490) thrown at [C:\jenkins\workspace\8-2-build-windows-amd64-cygwin\jdk8u281\880\hotspot\src\share\vm\classfile\systemDictionary.cpp, line 212]
Event: 0.173 Thread 0x000002444fd61800 Exception <a 'java/lang/ClassNotFoundException': ToolBarSeparator> (0x00000000d6128928) thrown at [C:\jenkins\workspace\8-2-build-windows-amd64-cygwin\jdk8u281\880\hotspot\src\share\vm\classfile\systemDictionary.cpp, line 212]
Event: 0.173 Thread 0x000002444fd61800 Exception <a 'java/lang/ClassNotFoundException': ToolTip> (0x00000000d6129068) thrown at [C:\jenkins\workspace\8-2-build-windows-amd64-cygwin\jdk8u281\880\hotspot\src\share\vm\classfile\systemDictionary.cpp, line 212]
Event: 0.174 Thread 0x000002444fd61800 Exception <a 'java/lang/ClassNotFoundException': Tree> (0x00000000d6129c88) thrown at [C:\jenkins\workspace\8-2-build-windows-amd64-cygwin\jdk8u281\880\hotspot\src\share\vm\classfile\systemDictionary.cpp, line 212]
Event: 0.174 Thread 0x000002444fd61800 Exception <a 'java/lang/ClassNotFoundException': Tree> (0x00000000d612a3c8) thrown at [C:\jenkins\workspace\8-2-build-windows-amd64-cygwin\jdk8u281\880\hotspot\src\share\vm\classfile\systemDictionary.cpp, line 212]
Event: 0.174 Thread 0x000002444fd61800 Exception <a 'java/lang/ClassNotFoundException': javax/swing/JTreeCell> (0x00000000d612a748) thrown at [C:\jenkins\workspace\8-2-build-windows-amd64-cygwin\jdk8u281\880\hotspot\src\share\vm\classfile\systemDictionary.cpp, line 212]
Event: 0.174 Thread 0x000002444fd61800 Exception <a 'java/lang/ClassNotFoundException': TreeCell> (0x00000000d612abd0) thrown at [C:\jenkins\workspace\8-2-build-windows-amd64-cygwin\jdk8u281\880\hotspot\src\share\vm\classfile\systemDictionary.cpp, line 212]
Event: 0.174 Thread 0x000002444fd61800 Exception <a 'java/lang/ClassNotFoundException': RootPane> (0x00000000d612b630) thrown at [C:\jenkins\workspace\8-2-build-windows-amd64-cygwin\jdk8u281\880\hotspot\src\share\vm\classfile\systemDictionary.cpp, line 212]
Event: 0.513 Thread 0x0000024468fd5000 Implicit null exception at 0x0000024451a60c4d to 0x0000024451a61389

Events (10 events):
Event: 6.326 loading class jssc/SerialPort
Event: 6.326 loading class jssc/SerialPort done
Event: 6.326 loading class jssc/SerialPortTimeoutException
Event: 6.326 loading class jssc/SerialPortTimeoutException done
Event: 6.326 loading class jssc/SerialPort$EventThread
Event: 6.326 loading class jssc/SerialPort$EventThread done
Event: 6.326 loading class jssc/SerialPort$LinuxEventThread
Event: 6.326 loading class jssc/SerialPort$LinuxEventThread done
Event: 6.327 loading class jssc/SerialNativeInterface
Event: 6.327 loading class jssc/SerialNativeInterface done


Dynamic libraries:
0x00007ff6d91b0000 - 0x00007ff6d91f7000 	C:\Program Files\Java\jdk1.8.0_281\bin\java.exe
0x00007ff85e5f0000 - 0x00007ff85e7e6000 	C:\Windows\SYSTEM32\ntdll.dll
0x00007ff842020000 - 0x00007ff842032000 	C:\Program Files\Avast Software\Avast\aswhook.dll
0x00007ff85e280000 - 0x00007ff85e33d000 	C:\Windows\System32\KERNEL32.DLL
0x00007ff85c060000 - 0x00007ff85c329000 	C:\Windows\System32\KERNELBASE.dll
0x00007ff85df80000 - 0x00007ff85e02c000 	C:\Windows\System32\ADVAPI32.dll
0x00007ff85e340000 - 0x00007ff85e3de000 	C:\Windows\System32\msvcrt.dll
0x00007ff85e1e0000 - 0x00007ff85e27c000 	C:\Windows\System32\sechost.dll
0x00007ff85c8c0000 - 0x00007ff85c9eb000 	C:\Windows\System32\RPCRT4.dll
0x00007ff85d270000 - 0x00007ff85d410000 	C:\Windows\System32\USER32.dll
0x00007ff85c030000 - 0x00007ff85c052000 	C:\Windows\System32\win32u.dll
0x00007ff85e520000 - 0x00007ff85e54a000 	C:\Windows\System32\GDI32.dll
0x00007ff85c540000 - 0x00007ff85c64b000 	C:\Windows\System32\gdi32full.dll
0x00007ff85be30000 - 0x00007ff85becd000 	C:\Windows\System32\msvcp_win.dll
0x00007ff85bd30000 - 0x00007ff85be30000 	C:\Windows\System32\ucrtbase.dll
0x00007ff85b140000 - 0x00007ff85b3db000 	C:\Windows\WinSxS\amd64_microsoft.windows.common-controls_6595b64144ccf1df_6.0.19041.746_none_ca02b4b61b8320a4\COMCTL32.dll
0x00007ff85d410000 - 0x00007ff85d440000 	C:\Windows\System32\IMM32.DLL
0x00007ff8587f0000 - 0x00007ff858805000 	C:\Program Files\Java\jdk1.8.0_281\jre\bin\vcruntime140.dll
0x00007ff839c90000 - 0x00007ff839d2b000 	C:\Program Files\Java\jdk1.8.0_281\jre\bin\msvcp140.dll
0x00000000578d0000 - 0x000000005812f000 	C:\Program Files\Java\jdk1.8.0_281\jre\bin\server\jvm.dll
0x00007ff85e440000 - 0x00007ff85e448000 	C:\Windows\System32\PSAPI.DLL
0x00007ff843e00000 - 0x00007ff843e09000 	C:\Windows\SYSTEM32\WSOCK32.dll
0x00007ff85df10000 - 0x00007ff85df7b000 	C:\Windows\System32\WS2_32.dll
0x00007ff845680000 - 0x00007ff8456a7000 	C:\Windows\SYSTEM32\WINMM.dll
0x00007ff854ff0000 - 0x00007ff854ffa000 	C:\Windows\SYSTEM32\VERSION.dll
0x00007ff859620000 - 0x00007ff859632000 	C:\Windows\SYSTEM32\kernel.appcore.dll
0x00007ff858d50000 - 0x00007ff858d60000 	C:\Program Files\Java\jdk1.8.0_281\jre\bin\verify.dll
0x00007ff851290000 - 0x00007ff8512bb000 	C:\Program Files\Java\jdk1.8.0_281\jre\bin\java.dll
0x00007ff856ea0000 - 0x00007ff856eb8000 	C:\Program Files\Java\jdk1.8.0_281\jre\bin\zip.dll
0x00007ff85d670000 - 0x00007ff85ddb3000 	C:\Windows\System32\SHELL32.dll
0x00007ff859820000 - 0x00007ff859faf000 	C:\Windows\SYSTEM32\windows.storage.dll
0x00007ff85caa0000 - 0x00007ff85cdf6000 	C:\Windows\System32\combase.dll
0x00007ff85b030000 - 0x00007ff85b05c000 	C:\Windows\SYSTEM32\Wldp.dll
0x00007ff85c9f0000 - 0x00007ff85ca9e000 	C:\Windows\System32\SHCORE.dll
0x00007ff85e3e0000 - 0x00007ff85e435000 	C:\Windows\System32\shlwapi.dll
0x00007ff85bc60000 - 0x00007ff85bc86000 	C:\Windows\SYSTEM32\profapi.dll
0x00007ff839d30000 - 0x00007ff839ec5000 	C:\Program Files\Java\jdk1.8.0_281\jre\bin\awt.dll
0x00007ff85e450000 - 0x00007ff85e51d000 	C:\Windows\System32\OLEAUT32.dll
0x00007ff858a00000 - 0x00007ff858a90000 	C:\Windows\SYSTEM32\apphelp.dll
0x00007ff859240000 - 0x00007ff8592de000 	C:\Windows\system32\uxtheme.dll
0x00007ff85dde0000 - 0x00007ff85def6000 	C:\Windows\System32\MSCTF.dll
0x00007ff85e0b0000 - 0x00007ff85e1da000 	C:\Windows\System32\ole32.dll
0x00007ff85c330000 - 0x00007ff85c3b0000 	C:\Windows\System32\bcryptPrimitives.dll
0x00007ff859410000 - 0x00007ff85943f000 	C:\Windows\system32\DWMAPI.DLL
0x00007ff8400b0000 - 0x00007ff8400f9000 	C:\Program Files\Java\jdk1.8.0_281\jre\bin\fontmanager.dll
0x00007ff834a40000 - 0x00007ff834b65000 	C:\Windows\system32\opengl32.dll
0x00007ff840100000 - 0x00007ff84012c000 	C:\Windows\SYSTEM32\GLU32.dll
0x00007ff8538b0000 - 0x00007ff853a7f000 	C:\Windows\system32\d3d9.dll
0x00007ff84e700000 - 0x00007ff84e805000 	C:\Windows\System32\DriverStore\FileRepository\nv_dispi.inf_amd64_d67c20d727d4578c\nvldumdx.dll
0x00007ff85b4e0000 - 0x00007ff85b4f2000 	C:\Windows\SYSTEM32\msasn1.dll
0x00007ff852d20000 - 0x00007ff852d51000 	C:\Windows\SYSTEM32\cryptnet.dll
0x00007ff85bed0000 - 0x00007ff85c026000 	C:\Windows\System32\CRYPT32.dll
0x00007ff85af50000 - 0x00007ff85af5c000 	C:\Windows\SYSTEM32\cryptbase.dll
0x00007ff85c3e0000 - 0x00007ff85c440000 	C:\Windows\System32\WINTRUST.DLL
0x00007ff85ddc0000 - 0x00007ff85dddd000 	C:\Windows\System32\imagehlp.dll
0x00007ff85bab0000 - 0x00007ff85bac8000 	C:\Windows\SYSTEM32\CRYPTSP.dll
0x00007ff85a730000 - 0x00007ff85a764000 	C:\Windows\system32\rsaenh.dll
0x00007ff85c3b0000 - 0x00007ff85c3d7000 	C:\Windows\System32\bcrypt.dll
0x00007ff8037c0000 - 0x00007ff805408000 	C:\Windows\System32\DriverStore\FileRepository\nv_dispi.inf_amd64_d67c20d727d4578c\nvd3dumx.dll
0x00007ff813fe0000 - 0x00007ff814299000 	C:\Windows\system32\nvspcap64.dll
0x00007ff85ba70000 - 0x00007ff85baa3000 	C:\Windows\SYSTEM32\ntmarta.dll
0x00007ff859fc0000 - 0x00007ff859fe3000 	C:\Windows\SYSTEM32\gpapi.dll
0x00007ff84f3e0000 - 0x00007ff84f41b000 	C:\Windows\SYSTEM32\dxcore.dll
0x00007ff85c4f0000 - 0x00007ff85c53e000 	C:\Windows\System32\cfgmgr32.dll
0x00007ff85d440000 - 0x00007ff85d4e9000 	C:\Windows\System32\clbcatq.dll
0x00007ff853af0000 - 0x00007ff853ca4000 	C:\Windows\SYSTEM32\WindowsCodecs.dll
0x00007ff8441d0000 - 0x00007ff84420e000 	C:\Windows\system32\dataexchange.dll
0x00007ff8575e0000 - 0x00007ff857844000 	C:\Windows\system32\d3d11.dll
0x00007ff857e10000 - 0x00007ff857ff7000 	C:\Windows\system32\dcomp.dll
0x00007ff859ff0000 - 0x00007ff85a0e3000 	C:\Windows\system32\dxgi.dll
0x00007ff854ac0000 - 0x00007ff854cc1000 	C:\Windows\system32\twinapi.appcore.dll
0x00007ff8511d0000 - 0x00007ff8511ec000 	C:\Program Files\Java\jdk1.8.0_281\jre\bin\net.dll
0x00007ff85ada0000 - 0x00007ff85ae0a000 	C:\Windows\system32\mswsock.dll
0x00007ff84c260000 - 0x00007ff84c273000 	C:\Program Files\Java\jdk1.8.0_281\jre\bin\nio.dll
0x00007ff83bb80000 - 0x00007ff83bbc3000 	C:\Program Files\Java\jdk1.8.0_281\jre\bin\t2k.dll
0x00007ff858e40000 - 0x00007ff858e72000 	C:\Program Files\Java\jdk1.8.0_281\jre\bin\jpeg.dll
0x00007ff84ee60000 - 0x00007ff84ef5b000 	C:\Windows\SYSTEM32\textinputframework.dll
0x00007ff858000000 - 0x00007ff85835e000 	C:\Windows\System32\CoreUIComponents.dll
0x00007ff8586e0000 - 0x00007ff8587d2000 	C:\Windows\System32\CoreMessaging.dll
0x00007ff857020000 - 0x00007ff857174000 	C:\Windows\SYSTEM32\wintypes.dll
0x00007ff83bf90000 - 0x00007ff83bfba000 	C:\Program Files\Java\jdk1.8.0_281\jre\bin\dcpr.dll
0x00007ff85ab10000 - 0x00007ff85abdb000 	C:\Windows\SYSTEM32\DNSAPI.dll
0x00007ff85aad0000 - 0x00007ff85ab0b000 	C:\Windows\SYSTEM32\IPHLPAPI.DLL
0x00007ff85d5d0000 - 0x00007ff85d5d8000 	C:\Windows\System32\NSI.dll
0x00000000597d0000 - 0x00000000597f6000 	C:\Program Files\Bonjour\mdnsNSP.dll
0x00007ff8525f0000 - 0x00007ff8525fa000 	C:\Windows\System32\rasadhlp.dll
0x00007ff84d9f0000 - 0x00007ff84da6f000 	C:\Windows\System32\fwpuclnt.dll
0x0000000071100000 - 0x0000000071125000 	C:\Users\alex_\.jssc\windows\jSSC-2.8_x86_64.dll
0x00007ff85b750000 - 0x00007ff85b934000 	C:\Windows\SYSTEM32\dbghelp.dll

VM Arguments:
jvm_args: -Dfile.encoding=UTF-8 
java_command: ventanas.Login
java_class_path (initial): C:\Program Files\NetBeans-12.0\netbeans\java\modules\ext\AbsoluteLayout.jar;C:\Users\alex_\Downloads\DataSystem\conector\mysql-connector-java-5.1.46.jar;C:\Users\alex_\Downloads\DataSystem\driver-PDF\itext5-itextpdf-5.5.12.jar;C:\Users\alex_\Downloads\DataSystem\driver-SecuGen\FDxSDKPro.jar;C:\Users\alex_\Downloads\DataSystem\driver-calendario\jcalendar-1.4.jar;C:\Users\alex_\Downloads\DataSystem\driver-arduino\PanamaHitek_Arduino-3.0.0.jar;C:\Users\alex_\Downloads\DataSystem\driver-arduino\PanamaHitek_Arduino-3.0.0-javadoc.jar;C:\Users\alex_\Downloads\DataSystem\driver-arduino\PanamaHitek_Arduino-3.0.0-sources.jar;C:\Users\alex_\Downloads\DataSystem\build\classes
Launcher Type: SUN_STANDARD

Environment Variables:
PATH=C:\Program Files (x86)\Common Files\Oracle\Java\javapath;C:\Program Files (x86)\VMware\VMware Workstation\bin\;C:\Windows\system32;C:\Windows;C:\Windows\System32\Wbem;C:\Windows\System32\WindowsPowerShell\v1.0\;C:\Windows\System32\OpenSSH\;C:\Program Files\MATLAB\R2020b\bin;C:\Program Files (x86)\NVIDIA Corporation\PhysX\Common;C:\Program Files\NVIDIA Corporation\NVIDIA NvDLISR;C:\Program Files\nodejs\;C:\ProgramData\chocolatey\bin;C:\Program Files\Git\cmd;C:\Program Files\Java\jdk1.8.0_281\bin;C:\Windows\System32\jnifplib\x64;;C:\Program Files\Docker\Docker\resources\bin;C:\ProgramData\DockerDesktop\version-bin;C:\Users\alex_\AppData\Local\Programs\Python\Python39\Scripts\;C:\Users\alex_\AppData\Local\Programs\Python\Python39\;C:\Users\alex_\AppData\Local\Microsoft\WindowsApps;C:\Users\alex_\AppData\Local\Programs\Microsoft VS Code\bin;C:\Users\alex_\AppData\Roaming\npm;C:\Program Files\PostgreSQL\13\bin\;C:\Users\alex_\AppData\Local\GitHubDesktop\bin
USERNAME=alex_
OS=Windows_NT
PROCESSOR_IDENTIFIER=Intel64 Family 6 Model 165 Stepping 3, GenuineIntel



---------------  S Y S T E M  ---------------

OS: Windows 10.0 , 64 bit Build 19041 (10.0.19041.662)

CPU:total 12 (initial active 12) (6 cores per cpu, 2 threads per core) family 6 model 165 stepping 3, cmov, cx8, fxsr, mmx, sse, sse2, sse3, ssse3, sse4.1, sse4.2, popcnt, avx, avx2, aes, clmul, erms, 3dnowpref, lzcnt, ht, tsc, tscinvbit, bmi1, bmi2, adx

Memory: 4k page, physical 8296496k(2709268k free), swap 14063664k(3383960k free)

vm_info: Java HotSpot(TM) 64-Bit Server VM (25.281-b09) for windows-amd64 JRE (1.8.0_281-b09), built on Dec  9 2020 13:54:07 by "" with MS VC++ 15.9 (VS2017)

time: Wed Feb 10 16:44:22 2021
timezone: Hora est. Pacífico, Sudamérica
elapsed time: 6.438663 seconds (0d 0h 0m 6s)

