#
# A fatal error has been detected by the Java Runtime Environment:
#
#  EXCEPTION_ACCESS_VIOLATION (0xc0000005) at pc=0x0000000180003d1b, pid=4276, tid=0x0000000000001e74
#
# JRE version: Java(TM) SE Runtime Environment (8.0_281-b09) (build 1.8.0_281-b09)
# Java VM: Java HotSpot(TM) 64-Bit Server VM (25.281-b09 mixed mode windows-amd64 compressed oops)
# Problematic frame:
# C  [jnisgfplib.dll+0x3d1b]
#
# Failed to write core dump. Minidumps are not enabled by default on client versions of Windows
#
# If you would like to submit a bug report, please visit:
#   http://bugreport.java.com/bugreport/crash.jsp
# The crash happened outside the Java Virtual Machine in native code.
# See problematic frame for where to report the bug.
#

---------------  T H R E A D  ---------------

Current thread (0x000002454c915800):  JavaThread "AWT-EventQueue-0" [_thread_in_native, id=7796, stack(0x0000004918000000,0x0000004918100000)]

siginfo: ExceptionCode=0xc0000005, reading address 0x0000000000000000

Registers:
RAX=0x000002454f4a0080, RBX=0x000002455008f5a8, RCX=0x000000007ffe0380, RDX=0x0000000000000001
RSP=0x00000049180fddc0, RBP=0x00000049180fdec8, RSI=0x00000000d63989b8, RDI=0x00000000000000d8
R8 =0x0000000000000013, R9 =0x0000000000000169, R10=0x0000000000000000, R11=0x00000049180fd901
R12=0x0000000000000000, R13=0x000002455008f5a8, R14=0x00000049180fdf20, R15=0x000002454c915800
RIP=0x0000000180003d1b, EFLAGS=0x0000000000010202

Top of Stack: (sp=0x00000049180fddc0)
0x00000049180fddc0:   000002455008f5a8 00000000d63989b8
0x00000049180fddd0:   00000000000000d8 00000000d63989b8
0x00000049180fdde0:   000002455008f5a8 00000245369e9da6
0x00000049180fddf0:   000002454f4a0080 0000000000000002
0x00000049180fde00:   00000245000130b0 000002455008f5a8
0x00000049180fde10:   000002454c915800 00000245369e9f4e
0x00000049180fde20:   000002454c9159f8 00000049180fdf20
0x00000049180fde30:   00000049180fdf18 0000000000000bb8
0x00000049180fde40:   0000000000000000 0000000000000032
0x00000049180fde50:   00000000000000d8 00000245369e9c5b
0x00000049180fde60:   000002455008f5a8 00000049180fdec8
0x00000049180fde70:   00000000d63989b8 000002454c915800
0x00000049180fde80:   00000245369e9c02 00000049180fde88
0x00000049180fde90:   000002455008f5a8 00000049180fdf20
0x00000049180fdea0:   00000245500f06e0 0000000000000000
0x00000049180fdeb0:   000002455008f5a8 0000000000000000 

Instructions: (pc=0x0000000180003d1b)
0x0000000180003cfb:   e8 10 d5 ff ff 89 44 24 40 48 63 4c 24 40 ff 15
0x0000000180003d0b:   d9 13 00 00 48 89 44 24 30 4c 8b 15 9d 38 00 00
0x0000000180003d1b:   4d 8b 12 8b 84 24 88 00 00 00 89 44 24 20 4c 8b
0x0000000180003d2b:   8c 24 80 00 00 00 44 8b 44 24 78 48 8b 54 24 30 


Register to memory mapping:

RAX=0x000002454f4a0080 is an unknown value
RBX={method} {0x000002455008f5b0} 'GetImageEx' '([BJJJ)J' in 'SecuGen/FDxSDKPro/jni/JSGFPLib'
RCX=0x000000007ffe0380 is an unknown value
RDX=0x0000000000000001 is an unknown value
RSP=0x00000049180fddc0 is pointing into the stack for thread: 0x000002454c915800
RBP=0x00000049180fdec8 is pointing into the stack for thread: 0x000002454c915800
RSI=0x00000000d63989b8 is an oop
sun.java2d.StateTrackableDelegate 
 - klass: 'sun/java2d/StateTrackableDelegate'
RDI=0x00000000000000d8 is an unknown value
R8 =0x0000000000000013 is an unknown value
R9 =0x0000000000000169 is an unknown value
R10=0x0000000000000000 is an unknown value
R11=0x00000049180fd901 is pointing into the stack for thread: 0x000002454c915800
R12=0x0000000000000000 is an unknown value
R13={method} {0x000002455008f5b0} 'GetImageEx' '([BJJJ)J' in 'SecuGen/FDxSDKPro/jni/JSGFPLib'
R14=0x00000049180fdf20 is pointing into the stack for thread: 0x000002454c915800
R15=0x000002454c915800 is a thread


Stack: [0x0000004918000000,0x0000004918100000],  sp=0x00000049180fddc0,  free space=1015k
Native frames: (J=compiled Java code, j=interpreted, Vv=VM code, C=native code)
C  [jnisgfplib.dll+0x3d1b]
C  0x00000245369e9f4e

Java frames: (J=compiled Java code, j=interpreted, Vv=VM code)
j  SecuGen.FDxSDKPro.jni.JSGFPLib.GetImageEx([BJJJ)J+0
j  ventanas.Ingreso.huella()V+42
j  ventanas.Ingreso$3.actionPerformed(Ljava/awt/event/ActionEvent;)V+4
j  javax.swing.Timer.fireActionPerformed(Ljava/awt/event/ActionEvent;)V+34
j  javax.swing.Timer$DoPostEvent.run()V+74
j  java.awt.event.InvocationEvent.dispatch()V+47
J 1249 C1 java.awt.EventQueue.dispatchEventImpl(Ljava/awt/AWTEvent;Ljava/lang/Object;)V (149 bytes) @ 0x0000024536e11084 [0x0000024536e0f5c0+0x1ac4]
J 1247 C1 java.awt.EventQueue$3.run()Ljava/lang/Void; (60 bytes) @ 0x0000024536e0ed8c [0x0000024536e0eb80+0x20c]
J 1246 C1 java.awt.EventQueue$3.run()Ljava/lang/Object; (5 bytes) @ 0x0000024536e09a0c [0x0000024536e09980+0x8c]
v  ~StubRoutines::call_stub
J 602  java.security.AccessController.doPrivileged(Ljava/security/PrivilegedAction;Ljava/security/AccessControlContext;)Ljava/lang/Object; (0 bytes) @ 0x0000024536c577a6 [0x0000024536c57740+0x66]
J 1209 C1 java.awt.EventQueue.dispatchEvent(Ljava/awt/AWTEvent;)V (80 bytes) @ 0x0000024536df6a44 [0x0000024536df60c0+0x984]
J 1211 C1 java.awt.EventDispatchThread.pumpOneEventForFilters(I)V (190 bytes) @ 0x0000024536df928c [0x0000024536df8140+0x114c]
j  java.awt.EventDispatchThread.pumpEventsForFilter(ILjava/awt/Conditional;Ljava/awt/EventFilter;)V+35
j  java.awt.EventDispatchThread.pumpEventsForHierarchy(ILjava/awt/Conditional;Ljava/awt/Component;)V+11
j  java.awt.EventDispatchThread.pumpEvents(ILjava/awt/Conditional;)V+4
j  java.awt.EventDispatchThread.pumpEvents(Ljava/awt/Conditional;)V+3
j  java.awt.EventDispatchThread.run()V+9
v  ~StubRoutines::call_stub

---------------  P R O C E S S  ---------------

Java Threads: ( => current thread )
  0x000002454dad4000 JavaThread "Abandoned connection cleanup thread" daemon [_thread_blocked, id=8920, stack(0x0000004918700000,0x0000004918800000)]
  0x000002454e8b7800 JavaThread "TimerQueue" daemon [_thread_blocked, id=3752, stack(0x0000004918600000,0x0000004918700000)]
  0x000002454d4d2800 JavaThread "Image Fetcher 0" daemon [_thread_blocked, id=1724, stack(0x0000004918100000,0x0000004918200000)]
  0x0000024535060800 JavaThread "DestroyJavaVM" [_thread_blocked, id=7156, stack(0x0000004916e00000,0x0000004916f00000)]
=>0x000002454c915800 JavaThread "AWT-EventQueue-0" [_thread_in_native, id=7796, stack(0x0000004918000000,0x0000004918100000)]
  0x000002454c8a9800 JavaThread "AWT-Windows" daemon [_thread_in_native, id=4856, stack(0x0000004917f00000,0x0000004918000000)]
  0x000002454c8a8000 JavaThread "AWT-Shutdown" [_thread_blocked, id=6088, stack(0x0000004917e00000,0x0000004917f00000)]
  0x000002454c8a7000 JavaThread "Java2D Disposer" daemon [_thread_blocked, id=9164, stack(0x0000004917d00000,0x0000004917e00000)]
  0x000002454b884000 JavaThread "Service Thread" daemon [_thread_blocked, id=4100, stack(0x0000004917b00000,0x0000004917c00000)]
  0x000002454b814800 JavaThread "C1 CompilerThread2" daemon [_thread_blocked, id=7912, stack(0x0000004917a00000,0x0000004917b00000)]
  0x000002454b813000 JavaThread "C2 CompilerThread1" daemon [_thread_blocked, id=7552, stack(0x0000004917900000,0x0000004917a00000)]
  0x000002454b806000 JavaThread "C2 CompilerThread0" daemon [_thread_blocked, id=8696, stack(0x0000004917800000,0x0000004917900000)]
  0x000002454b804800 JavaThread "Attach Listener" daemon [_thread_blocked, id=6388, stack(0x0000004917700000,0x0000004917800000)]
  0x000002454b804000 JavaThread "Signal Dispatcher" daemon [_thread_blocked, id=3220, stack(0x0000004917600000,0x0000004917700000)]
  0x000002454b097000 JavaThread "Finalizer" daemon [_thread_blocked, id=8916, stack(0x0000004917500000,0x0000004917600000)]
  0x000002454b7e6000 JavaThread "Reference Handler" daemon [_thread_blocked, id=7684, stack(0x0000004917400000,0x0000004917500000)]

Other Threads:
  0x000002454b7c2000 VMThread [stack: 0x0000004917300000,0x0000004917400000] [id=2548]
  0x000002454b8a9000 WatcherThread [stack: 0x0000004917c00000,0x0000004917d00000] [id=8208]

VM state:not at safepoint (normal execution)

VM Mutex/Monitor currently owned by a thread: None

heap address: 0x0000000081400000, size: 2028 MB, Compressed Oops mode: 32-bit
Narrow klass base: 0x0000000000000000, Narrow klass shift: 3
Compressed class space size: 1073741824 Address: 0x0000000100000000

Heap:
 PSYoungGen      total 71680K, used 11102K [0x00000000d5c00000, 0x00000000da700000, 0x0000000100000000)
  eden space 66560K, 16% used [0x00000000d5c00000,0x00000000d66d7a48,0x00000000d9d00000)
  from space 5120K, 0% used [0x00000000da200000,0x00000000da200000,0x00000000da700000)
  to   space 5120K, 0% used [0x00000000d9d00000,0x00000000d9d00000,0x00000000da200000)
 ParOldGen       total 114688K, used 29438K [0x0000000081400000, 0x0000000088400000, 0x00000000d5c00000)
  object space 114688K, 25% used [0x0000000081400000,0x00000000830bf8c0,0x0000000088400000)
 Metaspace       used 16528K, capacity 16790K, committed 17024K, reserved 1064960K
  class space    used 2018K, capacity 2094K, committed 2176K, reserved 1048576K

Card table byte_map: [0x0000024545d90000,0x0000024546190000] byte_map_base: 0x0000024545986000

Marking Bits: (ParMarkBitMap*) 0x00000000569a6ff0
 Begin Bits: [0x0000024546440000, 0x00000245483f0000)
 End Bits:   [0x00000245483f0000, 0x000002454a3a0000)

Polling page: 0x0000024535190000

CodeCache: size=245760Kb used=4378Kb max_used=4378Kb free=241381Kb
 bounds [0x00000245369d0000, 0x0000024536e20000, 0x00000245459d0000]
 total_blobs=1850 nmethods=1260 adapters=502
 compilation: enabled

Compilation events (10 events):
Event: 10.775 Thread 0x000002454b814800 1256       3       sun.awt.dnd.SunDragSourceContextPeer::checkEvent (29 bytes)
Event: 10.776 Thread 0x000002454b814800 nmethod 1256 0x0000024536e17ad0 code [0x0000024536e17c40, 0x0000024536e18118]
Event: 10.779 Thread 0x000002454b814800 1257       3       java.util.concurrent.locks.ReentrantLock$NonfairSync::tryAcquire (6 bytes)
Event: 10.779 Thread 0x000002454b814800 nmethod 1257 0x0000024536e181d0 code [0x0000024536e18340, 0x0000024536e18550]
Event: 10.811 Thread 0x000002454b814800 1258       1       java.awt.event.MouseEvent::getX (5 bytes)
Event: 10.811 Thread 0x000002454b814800 nmethod 1258 0x0000024536dfe6d0 code [0x0000024536dfe820, 0x0000024536dfe938]
Event: 10.811 Thread 0x000002454b814800 1259       1       java.awt.event.MouseEvent::getY (5 bytes)
Event: 10.811 Thread 0x000002454b814800 nmethod 1259 0x0000024536e185d0 code [0x0000024536e18720, 0x0000024536e18838]
Event: 10.849 Thread 0x000002454b814800 1260       3       java.awt.event.ComponentEvent::<init> (7 bytes)
Event: 10.849 Thread 0x000002454b814800 nmethod 1260 0x0000024536e18890 code [0x0000024536e18a00, 0x0000024536e18b90]

GC Heap History (6 events):
Event: 0.566 GC heap before
{Heap before GC invocations=1 (full 0):
 PSYoungGen      total 38400K, used 33280K [0x00000000d5c00000, 0x00000000d8680000, 0x0000000100000000)
  eden space 33280K, 100% used [0x00000000d5c00000,0x00000000d7c80000,0x00000000d7c80000)
  from space 5120K, 0% used [0x00000000d8180000,0x00000000d8180000,0x00000000d8680000)
  to   space 5120K, 0% used [0x00000000d7c80000,0x00000000d7c80000,0x00000000d8180000)
 ParOldGen       total 87552K, used 0K [0x0000000081400000, 0x0000000086980000, 0x00000000d5c00000)
  object space 87552K, 0% used [0x0000000081400000,0x0000000081400000,0x0000000086980000)
 Metaspace       used 11830K, capacity 12028K, committed 12416K, reserved 1060864K
  class space    used 1498K, capacity 1578K, committed 1664K, reserved 1048576K
Event: 0.581 GC heap after
Heap after GC invocations=1 (full 0):
 PSYoungGen      total 38400K, used 2432K [0x00000000d5c00000, 0x00000000da700000, 0x0000000100000000)
  eden space 33280K, 0% used [0x00000000d5c00000,0x00000000d5c00000,0x00000000d7c80000)
  from space 5120K, 47% used [0x00000000d7c80000,0x00000000d7ee0020,0x00000000d8180000)
  to   space 5120K, 0% used [0x00000000da200000,0x00000000da200000,0x00000000da700000)
 ParOldGen       total 87552K, used 35462K [0x0000000081400000, 0x0000000086980000, 0x00000000d5c00000)
  object space 87552K, 40% used [0x0000000081400000,0x00000000836a19c0,0x0000000086980000)
 Metaspace       used 11830K, capacity 12028K, committed 12416K, reserved 1060864K
  class space    used 1498K, capacity 1578K, committed 1664K, reserved 1048576K
}
Event: 4.823 GC heap before
{Heap before GC invocations=2 (full 0):
 PSYoungGen      total 38400K, used 35712K [0x00000000d5c00000, 0x00000000da700000, 0x0000000100000000)
  eden space 33280K, 100% used [0x00000000d5c00000,0x00000000d7c80000,0x00000000d7c80000)
  from space 5120K, 47% used [0x00000000d7c80000,0x00000000d7ee0020,0x00000000d8180000)
  to   space 5120K, 0% used [0x00000000da200000,0x00000000da200000,0x00000000da700000)
 ParOldGen       total 87552K, used 35462K [0x0000000081400000, 0x0000000086980000, 0x00000000d5c00000)
  object space 87552K, 40% used [0x0000000081400000,0x00000000836a19c0,0x0000000086980000)
 Metaspace       used 15595K, capacity 15790K, committed 16128K, reserved 1062912K
  class space    used 1917K, capacity 1998K, committed 2048K, reserved 1048576K
Event: 4.838 GC heap after
Heap after GC invocations=2 (full 0):
 PSYoungGen      total 71680K, used 5110K [0x00000000d5c00000, 0x00000000da700000, 0x0000000100000000)
  eden space 66560K, 0% used [0x00000000d5c00000,0x00000000d5c00000,0x00000000d9d00000)
  from space 5120K, 99% used [0x00000000da200000,0x00000000da6fdb68,0x00000000da700000)
  to   space 5120K, 0% used [0x00000000d9d00000,0x00000000d9d00000,0x00000000da200000)
 ParOldGen       total 87552K, used 51034K [0x0000000081400000, 0x0000000086980000, 0x00000000d5c00000)
  object space 87552K, 58% used [0x0000000081400000,0x00000000845d6ba0,0x0000000086980000)
 Metaspace       used 15595K, capacity 15790K, committed 16128K, reserved 1062912K
  class space    used 1917K, capacity 1998K, committed 2048K, reserved 1048576K
}
Event: 4.838 GC heap before
{Heap before GC invocations=3 (full 1):
 PSYoungGen      total 71680K, used 5110K [0x00000000d5c00000, 0x00000000da700000, 0x0000000100000000)
  eden space 66560K, 0% used [0x00000000d5c00000,0x00000000d5c00000,0x00000000d9d00000)
  from space 5120K, 99% used [0x00000000da200000,0x00000000da6fdb68,0x00000000da700000)
  to   space 5120K, 0% used [0x00000000d9d00000,0x00000000d9d00000,0x00000000da200000)
 ParOldGen       total 87552K, used 51034K [0x0000000081400000, 0x0000000086980000, 0x00000000d5c00000)
  object space 87552K, 58% used [0x0000000081400000,0x00000000845d6ba0,0x0000000086980000)
 Metaspace       used 15595K, capacity 15790K, committed 16128K, reserved 1062912K
  class space    used 1917K, capacity 1998K, committed 2048K, reserved 1048576K
Event: 4.873 GC heap after
Heap after GC invocations=3 (full 1):
 PSYoungGen      total 71680K, used 0K [0x00000000d5c00000, 0x00000000da700000, 0x0000000100000000)
  eden space 66560K, 0% used [0x00000000d5c00000,0x00000000d5c00000,0x00000000d9d00000)
  from space 5120K, 0% used [0x00000000da200000,0x00000000da200000,0x00000000da700000)
  to   space 5120K, 0% used [0x00000000d9d00000,0x00000000d9d00000,0x00000000da200000)
 ParOldGen       total 114688K, used 29438K [0x0000000081400000, 0x0000000088400000, 0x00000000d5c00000)
  object space 114688K, 25% used [0x0000000081400000,0x00000000830bf8c0,0x0000000088400000)
 Metaspace       used 15595K, capacity 15790K, committed 16128K, reserved 1062912K
  class space    used 1917K, capacity 1998K, committed 2048K, reserved 1048576K
}

Deoptimization events (10 events):
Event: 3.575 Thread 0x000002454c915800 Uncommon trap: reason=class_check action=maybe_recompile pc=0x0000024536b42654 method=java.lang.String.equals(Ljava/lang/Object;)Z @ 8
Event: 3.734 Thread 0x000002454c915800 Uncommon trap: reason=class_check action=maybe_recompile pc=0x0000024536b42654 method=java.lang.String.equals(Ljava/lang/Object;)Z @ 8
Event: 3.734 Thread 0x000002454c915800 Uncommon trap: reason=class_check action=maybe_recompile pc=0x0000024536b42654 method=java.lang.String.equals(Ljava/lang/Object;)Z @ 8
Event: 4.613 Thread 0x000002454c915800 Uncommon trap: reason=unstable_if action=reinterpret pc=0x0000024536cf065c method=java.util.Properties.loadConvert([CII[C)Ljava/lang/String; @ 4
Event: 4.614 Thread 0x000002454c915800 Uncommon trap: reason=unstable_if action=reinterpret pc=0x0000024536cef4bc method=java.util.Properties$LineReader.readLine()I @ 252
Event: 4.624 Thread 0x000002454c915800 Uncommon trap: reason=class_check action=maybe_recompile pc=0x0000024536d2f590 method=java.util.Properties$LineReader.readLine()I @ 410
Event: 4.772 Thread 0x000002454da45800 Uncommon trap: reason=unstable_if action=reinterpret pc=0x0000024536c7be40 method=java.io.BufferedInputStream.fill()V @ 219
Event: 7.867 Thread 0x000002454c915800 Uncommon trap: reason=predicate action=maybe_recompile pc=0x0000024536d7cde0 method=java.awt.LinearGradientPaintContext.fillRaster([IIIIIII)V @ 56
Event: 7.867 Thread 0x000002454c915800 Uncommon trap: reason=unstable_if action=reinterpret pc=0x0000024536ccf5fc method=java.awt.MultipleGradientPaintContext.indexIntoGradientsArrays(F)I @ 93
Event: 7.867 Thread 0x000002454c915800 Uncommon trap: reason=unstable_if action=reinterpret pc=0x0000024536d7a860 method=java.awt.MultipleGradientPaintContext.indexIntoGradientsArrays(F)I @ 93

Classes redefined (0 events):
No events

Internal exceptions (10 events):
Event: 0.254 Thread 0x0000024535060800 Exception <a 'java/lang/ClassNotFoundException': javax/swing/JToolBarSeparator> (0x00000000d6027f30) thrown at [C:\jenkins\workspace\8-2-build-windows-amd64-cygwin\jdk8u281\880\hotspot\src\share\vm\classfile\systemDictionary.cpp, line 212]
Event: 0.254 Thread 0x0000024535060800 Exception <a 'java/lang/ClassNotFoundException': ToolBarSeparator> (0x00000000d60283c8) thrown at [C:\jenkins\workspace\8-2-build-windows-amd64-cygwin\jdk8u281\880\hotspot\src\share\vm\classfile\systemDictionary.cpp, line 212]
Event: 0.254 Thread 0x0000024535060800 Exception <a 'java/lang/ClassNotFoundException': ToolTip> (0x00000000d6028b08) thrown at [C:\jenkins\workspace\8-2-build-windows-amd64-cygwin\jdk8u281\880\hotspot\src\share\vm\classfile\systemDictionary.cpp, line 212]
Event: 0.255 Thread 0x0000024535060800 Exception <a 'java/lang/ClassNotFoundException': Tree> (0x00000000d6029728) thrown at [C:\jenkins\workspace\8-2-build-windows-amd64-cygwin\jdk8u281\880\hotspot\src\share\vm\classfile\systemDictionary.cpp, line 212]
Event: 0.255 Thread 0x0000024535060800 Exception <a 'java/lang/ClassNotFoundException': Tree> (0x00000000d6029e68) thrown at [C:\jenkins\workspace\8-2-build-windows-amd64-cygwin\jdk8u281\880\hotspot\src\share\vm\classfile\systemDictionary.cpp, line 212]
Event: 0.255 Thread 0x0000024535060800 Exception <a 'java/lang/ClassNotFoundException': javax/swing/JTreeCell> (0x00000000d602a1e8) thrown at [C:\jenkins\workspace\8-2-build-windows-amd64-cygwin\jdk8u281\880\hotspot\src\share\vm\classfile\systemDictionary.cpp, line 212]
Event: 0.255 Thread 0x0000024535060800 Exception <a 'java/lang/ClassNotFoundException': TreeCell> (0x00000000d602a670) thrown at [C:\jenkins\workspace\8-2-build-windows-amd64-cygwin\jdk8u281\880\hotspot\src\share\vm\classfile\systemDictionary.cpp, line 212]
Event: 0.256 Thread 0x0000024535060800 Exception <a 'java/lang/ClassNotFoundException': RootPane> (0x00000000d602b0d0) thrown at [C:\jenkins\workspace\8-2-build-windows-amd64-cygwin\jdk8u281\880\hotspot\src\share\vm\classfile\systemDictionary.cpp, line 212]
Event: 0.660 Thread 0x000002454d4d2800 Implicit null exception at 0x0000024536c62f0d to 0x0000024536c6360e
Event: 6.480 Thread 0x000002454c915800 Exception <a 'java/lang/NoClassDefFoundError': org/slf4j/impl/StaticLoggerBinder> (0x00000000d62f6728) thrown at [C:\jenkins\workspace\8-2-build-windows-amd64-cygwin\jdk8u281\880\hotspot\src\share\vm\classfile\systemDictionary.cpp, line 201]

Events (10 events):
Event: 7.867 Thread 0x000002454c915800 DEOPT UNPACKING pc=0x0000024536a15843 sp=0x00000049180fb550 mode 2
Event: 7.867 Thread 0x000002454c915800 Uncommon trap: trap_request=0xffffff65 fr.pc=0x0000024536ccf5fc
Event: 7.867 Thread 0x000002454c915800 DEOPT PACKING pc=0x0000024536ccf5fc sp=0x00000049180fb510
Event: 7.867 Thread 0x000002454c915800 DEOPT UNPACKING pc=0x0000024536a15843 sp=0x00000049180fb4b0 mode 2
Event: 7.867 Thread 0x000002454c915800 Uncommon trap: trap_request=0xffffff65 fr.pc=0x0000024536d7a860
Event: 7.867 Thread 0x000002454c915800 DEOPT PACKING pc=0x0000024536d7a860 sp=0x00000049180fb5a0
Event: 7.867 Thread 0x000002454c915800 DEOPT UNPACKING pc=0x0000024536a15843 sp=0x00000049180fb4c0 mode 2
Event: 7.884 loading class ventanas/Ingreso$3
Event: 7.884 loading class ventanas/Ingreso$3 done
Event: 9.965 Thread 0x000002454da45800 Thread exited: 0x000002454da45800


Dynamic libraries:
0x00007ff72a9a0000 - 0x00007ff72a9e7000 	C:\Program Files\Java\jdk1.8.0_281\jre\bin\java.exe
0x00007ffce7290000 - 0x00007ffce7486000 	C:\Windows\SYSTEM32\ntdll.dll
0x00007ffce68d0000 - 0x00007ffce698d000 	C:\Windows\System32\KERNEL32.DLL
0x00007ffce4c00000 - 0x00007ffce4ec9000 	C:\Windows\System32\KERNELBASE.dll
0x00007ffce7090000 - 0x00007ffce713c000 	C:\Windows\System32\ADVAPI32.dll
0x00007ffce6820000 - 0x00007ffce68be000 	C:\Windows\System32\msvcrt.dll
0x00007ffce5360000 - 0x00007ffce53fc000 	C:\Windows\System32\sechost.dll
0x00007ffce59f0000 - 0x00007ffce5b1b000 	C:\Windows\System32\RPCRT4.dll
0x00007ffce69f0000 - 0x00007ffce6b90000 	C:\Windows\System32\USER32.dll
0x00007ffce49d0000 - 0x00007ffce49f2000 	C:\Windows\System32\win32u.dll
0x00007ffce5600000 - 0x00007ffce562a000 	C:\Windows\System32\GDI32.dll
0x00007ffce5020000 - 0x00007ffce512b000 	C:\Windows\System32\gdi32full.dll
0x00007ffce4f80000 - 0x00007ffce501d000 	C:\Windows\System32\msvcp_win.dll
0x00007ffce4a00000 - 0x00007ffce4b00000 	C:\Windows\System32\ucrtbase.dll
0x00007ffcca5f0000 - 0x00007ffcca88b000 	C:\Windows\WinSxS\amd64_microsoft.windows.common-controls_6595b64144ccf1df_6.0.19041.746_none_ca02b4b61b8320a4\COMCTL32.dll
0x00007ffce5b20000 - 0x00007ffce5b50000 	C:\Windows\System32\IMM32.DLL
0x00007ffcd71d0000 - 0x00007ffcd71e5000 	C:\Program Files\Java\jdk1.8.0_281\jre\bin\vcruntime140.dll
0x00007ffcb3f20000 - 0x00007ffcb3fbb000 	C:\Program Files\Java\jdk1.8.0_281\jre\bin\msvcp140.dll
0x00000000561c0000 - 0x0000000056a1f000 	C:\Program Files\Java\jdk1.8.0_281\jre\bin\server\jvm.dll
0x00007ffce5350000 - 0x00007ffce5358000 	C:\Windows\System32\PSAPI.DLL
0x00007ffcd3240000 - 0x00007ffcd3267000 	C:\Windows\SYSTEM32\WINMM.dll
0x00007ffcd71f0000 - 0x00007ffcd71f9000 	C:\Windows\SYSTEM32\WSOCK32.dll
0x00007ffce6510000 - 0x00007ffce657b000 	C:\Windows\System32\WS2_32.dll
0x00007ffcdcf60000 - 0x00007ffcdcf6a000 	C:\Windows\SYSTEM32\VERSION.dll
0x00007ffce2970000 - 0x00007ffce2982000 	C:\Windows\SYSTEM32\kernel.appcore.dll
0x00007ffcd6940000 - 0x00007ffcd6950000 	C:\Program Files\Java\jdk1.8.0_281\jre\bin\verify.dll
0x00007ffccf2c0000 - 0x00007ffccf2eb000 	C:\Program Files\Java\jdk1.8.0_281\jre\bin\java.dll
0x00007ffcc8960000 - 0x00007ffcc8978000 	C:\Program Files\Java\jdk1.8.0_281\jre\bin\zip.dll
0x00007ffce5bd0000 - 0x00007ffce6312000 	C:\Windows\System32\SHELL32.dll
0x00007ffce2b20000 - 0x00007ffce32b0000 	C:\Windows\SYSTEM32\windows.storage.dll
0x00007ffce5690000 - 0x00007ffce59e6000 	C:\Windows\System32\combase.dll
0x00007ffce4430000 - 0x00007ffce445c000 	C:\Windows\SYSTEM32\Wldp.dll
0x00007ffce71a0000 - 0x00007ffce724e000 	C:\Windows\System32\SHCORE.dll
0x00007ffce5630000 - 0x00007ffce5685000 	C:\Windows\System32\shlwapi.dll
0x00007ffce4900000 - 0x00007ffce4926000 	C:\Windows\SYSTEM32\profapi.dll
0x00007ffcc8780000 - 0x00007ffcc8915000 	C:\Program Files\Java\jdk1.8.0_281\jre\bin\awt.dll
0x00007ffce5530000 - 0x00007ffce55fd000 	C:\Windows\System32\OLEAUT32.dll
0x00007ffce2270000 - 0x00007ffce2300000 	C:\Windows\SYSTEM32\apphelp.dll
0x00007ffce24d0000 - 0x00007ffce256e000 	C:\Windows\system32\uxtheme.dll
0x00007ffce6340000 - 0x00007ffce6455000 	C:\Windows\System32\MSCTF.dll
0x00007ffce5400000 - 0x00007ffce552a000 	C:\Windows\System32\ole32.dll
0x00007ffce4ed0000 - 0x00007ffce4f50000 	C:\Windows\System32\bcryptPrimitives.dll
0x00007ffce26b0000 - 0x00007ffce26df000 	C:\Windows\system32\DWMAPI.DLL
0x00007ffcc8730000 - 0x00007ffcc8779000 	C:\Program Files\Java\jdk1.8.0_281\jre\bin\fontmanager.dll
0x00007ffcbf3c0000 - 0x00007ffcbf4e5000 	C:\Windows\system32\opengl32.dll
0x00007ffcbefb0000 - 0x00007ffcbefdc000 	C:\Windows\SYSTEM32\GLU32.dll
0x00007ffce6460000 - 0x00007ffce6509000 	C:\Windows\System32\clbcatq.dll
0x00007ffcdfba0000 - 0x00007ffcdfd54000 	C:\Windows\SYSTEM32\WindowsCodecs.dll
0x00007ffce4f50000 - 0x00007ffce4f77000 	C:\Windows\System32\bcrypt.dll
0x00007ffcbd320000 - 0x00007ffcbd35e000 	C:\Windows\system32\dataexchange.dll
0x00007ffce0860000 - 0x00007ffce0ac4000 	C:\Windows\system32\d3d11.dll
0x00007ffce1670000 - 0x00007ffce1857000 	C:\Windows\system32\dcomp.dll
0x00007ffce3430000 - 0x00007ffce3523000 	C:\Windows\system32\dxgi.dll
0x00007ffcdeea0000 - 0x00007ffcdf0a1000 	C:\Windows\system32\twinapi.appcore.dll
0x00007ffcc8940000 - 0x00007ffcc895c000 	C:\Program Files\Java\jdk1.8.0_281\jre\bin\net.dll
0x00007ffce41b0000 - 0x00007ffce421a000 	C:\Windows\system32\mswsock.dll
0x00007ffcc8920000 - 0x00007ffcc8933000 	C:\Program Files\Java\jdk1.8.0_281\jre\bin\nio.dll
0x00007ffcc01e0000 - 0x00007ffcc0223000 	C:\Program Files\Java\jdk1.8.0_281\jre\bin\t2k.dll
0x00007ffcb43c0000 - 0x00007ffcb43f2000 	C:\Program Files\Java\jdk1.8.0_281\jre\bin\jpeg.dll
0x00007ffcd5f40000 - 0x00007ffcd603b000 	C:\Windows\SYSTEM32\textinputframework.dll
0x00007ffce1ce0000 - 0x00007ffce203e000 	C:\Windows\System32\CoreUIComponents.dll
0x00007ffce1be0000 - 0x00007ffce1cd2000 	C:\Windows\System32\CoreMessaging.dll
0x00007ffce3710000 - 0x00007ffce3743000 	C:\Windows\SYSTEM32\ntmarta.dll
0x00007ffce1510000 - 0x00007ffce1664000 	C:\Windows\SYSTEM32\wintypes.dll
0x00007ffcc7c30000 - 0x00007ffcc7c5a000 	C:\Program Files\Java\jdk1.8.0_281\jre\bin\dcpr.dll
0x00007ffce3ef0000 - 0x00007ffce3fbb000 	C:\Windows\SYSTEM32\DNSAPI.dll
0x00007ffce3e50000 - 0x00007ffce3e8b000 	C:\Windows\SYSTEM32\IPHLPAPI.DLL
0x00007ffce68c0000 - 0x00007ffce68c8000 	C:\Windows\System32\NSI.dll
0x00007ffcd2ce0000 - 0x00007ffcd2cea000 	C:\Windows\System32\rasadhlp.dll
0x00007ffcd2df0000 - 0x00007ffcd2e6f000 	C:\Windows\System32\fwpuclnt.dll
0x00007ffce4380000 - 0x00007ffce4398000 	C:\Windows\SYSTEM32\CRYPTSP.dll
0x00007ffce3ae0000 - 0x00007ffce3b14000 	C:\Windows\system32\rsaenh.dll
0x00007ffce48c0000 - 0x00007ffce48ee000 	C:\Windows\SYSTEM32\USERENV.dll
0x00007ffce43a0000 - 0x00007ffce43ac000 	C:\Windows\SYSTEM32\CRYPTBASE.dll
0x00007ffcdcf20000 - 0x00007ffcdcf37000 	C:\Windows\SYSTEM32\dhcpcsvc6.DLL
0x00007ffcdcf70000 - 0x00007ffcdcf8d000 	C:\Windows\SYSTEM32\dhcpcsvc.DLL
0x0000000070e80000 - 0x0000000070eb5000 	C:\Users\xtrem\AppData\Local\Temp\nativelib-loader_574787885634254433\jssc.dll
0x0000000180000000 - 0x000000018000b000 	C:\Windows\System32\jnisgfplib\x64\jnisgfplib.dll
0x0000000056110000 - 0x00000000561b3000 	C:\Windows\WinSxS\amd64_microsoft.vc90.crt_1fc8b3b9a1e18e3b_9.0.30729.9625_none_08e1c10da83fbc83\MSVCR90.dll
0x00007ffcb3ee0000 - 0x00007ffcb3f1c000 	C:\Windows\System32\jnisgfplib\x64\sgfplib.dll
0x00007ffce6c20000 - 0x00007ffce7087000 	C:\Windows\System32\SETUPAPI.dll
0x00007ffce4bb0000 - 0x00007ffce4bfe000 	C:\Windows\System32\cfgmgr32.dll
0x00007ffccb2d0000 - 0x00007ffccb2e8000 	C:\Windows\System32\jnisgfplib\x64\sgwsqlib.dll
0x00007ffcd1e10000 - 0x00007ffcd1e41000 	C:\Windows\SYSTEM32\winbio.dll
0x00007ffcd2070000 - 0x00007ffcd207f000 	C:\Windows\SYSTEM32\winbioext.dll
0x00007ffccece0000 - 0x00007ffcceec4000 	C:\Windows\SYSTEM32\dbghelp.dll

VM Arguments:
jvm_args: -Dfile.encoding=UTF-8 
java_command: ventanas.Login
java_class_path (initial): C:\Program Files\NetBeans-12.0\netbeans\java\modules\ext\AbsoluteLayout.jar;C:\Users\xtrem\Documents\GitHub\Xtreme-Gym\conector\mysql-connector-java-5.1.46.jar;C:\Users\xtrem\Documents\GitHub\Xtreme-Gym\driver-PDF\itext5-itextpdf-5.5.12.jar;C:\Users\xtrem\Documents\GitHub\Xtreme-Gym\driver-SecuGen\FDxSDKPro.jar;C:\Users\xtrem\Documents\GitHub\Xtreme-Gym\driver-calendario\jcalendar-1.4.jar;C:\Users\xtrem\Documents\GitHub\Xtreme-Gym\driver-arduino\jssc-2.9.2.jar;C:\Users\xtrem\Documents\GitHub\Xtreme-Gym\driver-arduino\PanamaHitek_Arduino-3.0.0.jar;C:\Users\xtrem\Documents\GitHub\Xtreme-Gym\build\classes
Launcher Type: SUN_STANDARD

Environment Variables:
PATH=C:\Program Files (x86)\Common Files\Oracle\Java\javapath;C:\Windows\system32;C:\Windows;C:\Windows\System32\Wbem;C:\Windows\System32\WindowsPowerShell\v1.0\;C:\Windows\System32\OpenSSH\;C:\Windows\System32\jnisgfplib\x64;C:\Users\xtrem\AppData\Local\Microsoft\WindowsApps;C:\Users\xtrem\AppData\Local\GitHubDesktop\bin
USERNAME=xtrem
OS=Windows_NT
PROCESSOR_IDENTIFIER=Intel64 Family 6 Model 142 Stepping 9, GenuineIntel



---------------  S Y S T E M  ---------------

OS: Windows 10.0 , 64 bit Build 19041 (10.0.19041.804)

CPU:total 4 (initial active 4) (2 cores per cpu, 2 threads per core) family 6 model 142 stepping 9, cmov, cx8, fxsr, mmx, sse, sse2, sse3, ssse3, sse4.1, sse4.2, popcnt, avx, avx2, aes, clmul, erms, 3dnowpref, lzcnt, ht, tsc, tscinvbit, bmi1, bmi2, adx

Memory: 4k page, physical 8302412k(3807804k free), swap 9613132k(4211656k free)

vm_info: Java HotSpot(TM) 64-Bit Server VM (25.281-b09) for windows-amd64 JRE (1.8.0_281-b09), built on Dec  9 2020 13:54:07 by "" with MS VC++ 15.9 (VS2017)

time: Fri Feb 19 21:29:13 2021
timezone: Hora est. Pacífico, Sudamérica
elapsed time: 10.970447 seconds (0d 0h 0m 10s)

