#
# A fatal error has been detected by the Java Runtime Environment:
#
#  EXCEPTION_ACCESS_VIOLATION (0xc0000005) at pc=0x0000000180003d1b, pid=8968, tid=0x0000000000000ce4
#
# JRE version: Java(TM) SE Runtime Environment (8.0_281-b09) (build 1.8.0_281-b09)
# Java VM: Java HotSpot(TM) 64-Bit Server VM (25.281-b09 mixed mode windows-amd64 compressed oops)
# Problematic frame:
# C  [jnisgfplib.dll+0x3d1b]
#
# Failed to write core dump. Minidumps are not enabled by default on client versions of Windows
#
# If you would like to submit a bug report, please visit:
#   http://bugreport.java.com/bugreport/crash.jsp
# The crash happened outside the Java Virtual Machine in native code.
# See problematic frame for where to report the bug.
#

---------------  T H R E A D  ---------------

Current thread (0x000001e33ad77000):  JavaThread "AWT-EventQueue-0" [_thread_in_native, id=3300, stack(0x000000870fc00000,0x000000870fd00000)]

siginfo: ExceptionCode=0xc0000005, reading address 0x0000000000000000

Registers:
RAX=0x000001e33f900080, RBX=0x000001e33e39f620, RCX=0x000000007ffe0380, RDX=0x0000000000000001
RSP=0x000000870fcfdfc0, RBP=0x000000870fcfe0c0, RSI=0x00000000d6388268, RDI=0x00000000000000a3
R8 =0x0000000000000013, R9 =0x0000000000000169, R10=0x0000000000000000, R11=0x000001e33f735c80
R12=0x0000000000000000, R13=0x000001e33e39f620, R14=0x000000870fcfe118, R15=0x000001e33ad77000
RIP=0x0000000180003d1b, EFLAGS=0x0000000000010202

Top of Stack: (sp=0x000000870fcfdfc0)
0x000000870fcfdfc0:   000001e33e39f620 00000000d6388268
0x000000870fcfdfd0:   000001e338e8e660 00007ffce69fdf02
0x000000870fcfdfe0:   000000870fcfe010 00000000563cd71d
0x000000870fcfdff0:   000001e33f900080 0000000000000002
0x000000870fcfe000:   00000000000130b0 000001e3000002b1
0x000000870fcfe010:   000001e300000000 000001e324df9f4e
0x000000870fcfe020:   000001e33ad771f8 000000870fcfe118
0x000000870fcfe030:   000000870fcfe110 0000000000000bb8
0x000000870fcfe040:   0000000000000000 0000000000000032
0x000000870fcfe050:   000001e33c72db01 000001e33ad77000
0x000000870fcfe060:   0000000000000001 0000000100000b68
0x000000870fcfe070:   000001e33ad77000 0000000056303aeb
0x000000870fcfe080:   000000870fcfe080 0000000000000000
0x000000870fcfe090:   000000870fcfe118 000001e33e400778
0x000000870fcfe0a0:   0000000000000000 000001e33e39f620
0x000000870fcfe0b0:   0000000000000000 000000870fcfe0e0 

Instructions: (pc=0x0000000180003d1b)
0x0000000180003cfb:   e8 10 d5 ff ff 89 44 24 40 48 63 4c 24 40 ff 15
0x0000000180003d0b:   d9 13 00 00 48 89 44 24 30 4c 8b 15 9d 38 00 00
0x0000000180003d1b:   4d 8b 12 8b 84 24 88 00 00 00 89 44 24 20 4c 8b
0x0000000180003d2b:   8c 24 80 00 00 00 44 8b 44 24 78 48 8b 54 24 30 


Register to memory mapping:

RAX=0x000001e33f900080 is an unknown value
RBX={method} {0x000001e33e39f628} 'GetImageEx' '([BJJJ)J' in 'SecuGen/FDxSDKPro/jni/JSGFPLib'
RCX=0x000000007ffe0380 is an unknown value
RDX=0x0000000000000001 is an unknown value
RSP=0x000000870fcfdfc0 is pointing into the stack for thread: 0x000001e33ad77000
RBP=0x000000870fcfe0c0 is pointing into the stack for thread: 0x000001e33ad77000
RSI=0x00000000d6388268 is an oop
sun.java2d.StateTrackableDelegate 
 - klass: 'sun/java2d/StateTrackableDelegate'
RDI=0x00000000000000a3 is an unknown value
R8 =0x0000000000000013 is an unknown value
R9 =0x0000000000000169 is an unknown value
R10=0x0000000000000000 is an unknown value
R11=0x000001e33f735c80 is an unknown value
R12=0x0000000000000000 is an unknown value
R13={method} {0x000001e33e39f628} 'GetImageEx' '([BJJJ)J' in 'SecuGen/FDxSDKPro/jni/JSGFPLib'
R14=0x000000870fcfe118 is pointing into the stack for thread: 0x000001e33ad77000
R15=0x000001e33ad77000 is a thread


Stack: [0x000000870fc00000,0x000000870fd00000],  sp=0x000000870fcfdfc0,  free space=1015k
Native frames: (J=compiled Java code, j=interpreted, Vv=VM code, C=native code)
C  [jnisgfplib.dll+0x3d1b]
C  0x000001e324df9f4e

Java frames: (J=compiled Java code, j=interpreted, Vv=VM code)
j  SecuGen.FDxSDKPro.jni.JSGFPLib.GetImageEx([BJJJ)J+0
j  ventanas.Ingreso.huella()V+42
j  ventanas.Ingreso$3.actionPerformed(Ljava/awt/event/ActionEvent;)V+4
j  javax.swing.Timer.fireActionPerformed(Ljava/awt/event/ActionEvent;)V+34
j  javax.swing.Timer$DoPostEvent.run()V+74
j  java.awt.event.InvocationEvent.dispatch()V+47
j  java.awt.EventQueue.dispatchEventImpl(Ljava/awt/AWTEvent;Ljava/lang/Object;)V+21
j  java.awt.EventQueue.access$500(Ljava/awt/EventQueue;Ljava/awt/AWTEvent;Ljava/lang/Object;)V+3
j  java.awt.EventQueue$3.run()Ljava/lang/Void;+32
j  java.awt.EventQueue$3.run()Ljava/lang/Object;+1
v  ~StubRoutines::call_stub
J 601  java.security.AccessController.doPrivileged(Ljava/security/PrivilegedAction;Ljava/security/AccessControlContext;)Ljava/lang/Object; (0 bytes) @ 0x000001e325046e26 [0x000001e325046dc0+0x66]
J 1141 C1 java.awt.EventQueue.dispatchEvent(Ljava/awt/AWTEvent;)V (80 bytes) @ 0x000001e3251ac644 [0x000001e3251abcc0+0x984]
J 1143 C1 java.awt.EventDispatchThread.pumpOneEventForFilters(I)V (190 bytes) @ 0x000001e3251cdb0c [0x000001e3251cc9c0+0x114c]
j  java.awt.EventDispatchThread.pumpEventsForFilter(ILjava/awt/Conditional;Ljava/awt/EventFilter;)V+35
j  java.awt.EventDispatchThread.pumpEventsForHierarchy(ILjava/awt/Conditional;Ljava/awt/Component;)V+11
j  java.awt.EventDispatchThread.pumpEvents(ILjava/awt/Conditional;)V+4
j  java.awt.EventDispatchThread.pumpEvents(Ljava/awt/Conditional;)V+3
j  java.awt.EventDispatchThread.run()V+9
v  ~StubRoutines::call_stub

---------------  P R O C E S S  ---------------

Java Threads: ( => current thread )
  0x000001e33be19800 JavaThread "Abandoned connection cleanup thread" daemon [_thread_blocked, id=1016, stack(0x0000008710300000,0x0000008710400000)]
  0x000001e33d1ac000 JavaThread "TimerQueue" daemon [_thread_blocked, id=4928, stack(0x0000008710200000,0x0000008710300000)]
  0x000001e323460800 JavaThread "DestroyJavaVM" [_thread_blocked, id=4620, stack(0x000000870ea00000,0x000000870eb00000)]
=>0x000001e33ad77000 JavaThread "AWT-EventQueue-0" [_thread_in_native, id=3300, stack(0x000000870fc00000,0x000000870fd00000)]
  0x000001e33ad0e800 JavaThread "AWT-Windows" daemon [_thread_in_native, id=9088, stack(0x000000870fb00000,0x000000870fc00000)]
  0x000001e33ad0d000 JavaThread "AWT-Shutdown" [_thread_blocked, id=3028, stack(0x000000870fa00000,0x000000870fb00000)]
  0x000001e33ad0c800 JavaThread "Java2D Disposer" daemon [_thread_blocked, id=5980, stack(0x000000870f900000,0x000000870fa00000)]
  0x000001e339cc3800 JavaThread "Service Thread" daemon [_thread_blocked, id=6372, stack(0x000000870f700000,0x000000870f800000)]
  0x000001e339c3b800 JavaThread "C1 CompilerThread2" daemon [_thread_blocked, id=4736, stack(0x000000870f600000,0x000000870f700000)]
  0x000001e339c2a800 JavaThread "C2 CompilerThread1" daemon [_thread_blocked, id=3676, stack(0x000000870f500000,0x000000870f600000)]
  0x000001e339c26800 JavaThread "C2 CompilerThread0" daemon [_thread_blocked, id=6384, stack(0x000000870f400000,0x000000870f500000)]
  0x000001e339c24800 JavaThread "Attach Listener" daemon [_thread_blocked, id=3900, stack(0x000000870f300000,0x000000870f400000)]
  0x000001e339c23800 JavaThread "Signal Dispatcher" daemon [_thread_blocked, id=3564, stack(0x000000870f200000,0x000000870f300000)]
  0x000001e3394d5800 JavaThread "Finalizer" daemon [_thread_blocked, id=3100, stack(0x000000870f100000,0x000000870f200000)]
  0x000001e339c06000 JavaThread "Reference Handler" daemon [_thread_blocked, id=2672, stack(0x000000870f000000,0x000000870f100000)]

Other Threads:
  0x000001e339be3000 VMThread [stack: 0x000000870ef00000,0x000000870f000000] [id=8580]
  0x000001e339cd9800 WatcherThread [stack: 0x000000870f800000,0x000000870f900000] [id=7032]

VM state:not at safepoint (normal execution)

VM Mutex/Monitor currently owned by a thread: None

heap address: 0x0000000081400000, size: 2028 MB, Compressed Oops mode: 32-bit
Narrow klass base: 0x0000000000000000, Narrow klass shift: 3
Compressed class space size: 1073741824 Address: 0x0000000100000000

Heap:
 PSYoungGen      total 71680K, used 16190K [0x00000000d5c00000, 0x00000000da700000, 0x0000000100000000)
  eden space 66560K, 16% used [0x00000000d5c00000,0x00000000d66d5f88,0x00000000d9d00000)
  from space 5120K, 99% used [0x00000000da200000,0x00000000da6f9b58,0x00000000da700000)
  to   space 5120K, 0% used [0x00000000d9d00000,0x00000000d9d00000,0x00000000da200000)
 ParOldGen       total 87552K, used 46609K [0x0000000081400000, 0x0000000086980000, 0x00000000d5c00000)
  object space 87552K, 53% used [0x0000000081400000,0x00000000841845a0,0x0000000086980000)
 Metaspace       used 16627K, capacity 16862K, committed 17024K, reserved 1064960K
  class space    used 2018K, capacity 2094K, committed 2176K, reserved 1048576K

Card table byte_map: [0x000001e3341a0000,0x000001e3345a0000] byte_map_base: 0x000001e333d96000

Marking Bits: (ParMarkBitMap*) 0x00000000569a6ff0
 Begin Bits: [0x000001e334850000, 0x000001e336800000)
 End Bits:   [0x000001e336800000, 0x000001e3387b0000)

Polling page: 0x000001e323790000

CodeCache: size=245760Kb used=4209Kb max_used=4209Kb free=241550Kb
 bounds [0x000001e324de0000, 0x000001e325200000, 0x000001e333de0000]
 total_blobs=1859 nmethods=1269 adapters=502
 compilation: enabled

Compilation events (10 events):
Event: 25.500 Thread 0x000001e339c3b800 1293       3       java.util.LinkedList::isPositionIndex (18 bytes)
Event: 25.500 Thread 0x000001e339c3b800 nmethod 1293 0x000001e3251fce90 code [0x000001e3251fcfe0, 0x000001e3251fd1d8]
Event: 25.500 Thread 0x000001e339c3b800 1294       3       java.util.LinkedList::listIterator (15 bytes)
Event: 25.500 Thread 0x000001e339c3b800 nmethod 1294 0x000001e3251fd250 code [0x000001e3251fd400, 0x000001e3251fd890]
Event: 25.500 Thread 0x000001e339c3b800 1295       3       java.util.LinkedList$ListItr::<init> (47 bytes)
Event: 25.501 Thread 0x000001e339c3b800 nmethod 1295 0x000001e3251fda90 code [0x000001e3251fdc00, 0x000001e3251fded0]
Event: 25.508 Thread 0x000001e339c3b800 1296       3       java.awt.EventQueue::postEvent (13 bytes)
Event: 25.508 Thread 0x000001e339c3b800 nmethod 1296 0x000001e3251fdfd0 code [0x000001e3251fe160, 0x000001e3251fe570]
Event: 25.517 Thread 0x000001e339c3b800 1297       3       javax.swing.JComponent::contains (27 bytes)
Event: 25.517 Thread 0x000001e339c3b800 nmethod 1297 0x000001e3251fe710 code [0x000001e3251fe8a0, 0x000001e3251fef78]

GC Heap History (4 events):
Event: 0.597 GC heap before
{Heap before GC invocations=1 (full 0):
 PSYoungGen      total 38400K, used 33280K [0x00000000d5c00000, 0x00000000d8680000, 0x0000000100000000)
  eden space 33280K, 100% used [0x00000000d5c00000,0x00000000d7c80000,0x00000000d7c80000)
  from space 5120K, 0% used [0x00000000d8180000,0x00000000d8180000,0x00000000d8680000)
  to   space 5120K, 0% used [0x00000000d7c80000,0x00000000d7c80000,0x00000000d8180000)
 ParOldGen       total 87552K, used 0K [0x0000000081400000, 0x0000000086980000, 0x00000000d5c00000)
  object space 87552K, 0% used [0x0000000081400000,0x0000000081400000,0x0000000086980000)
 Metaspace       used 11818K, capacity 12036K, committed 12416K, reserved 1060864K
  class space    used 1498K, capacity 1578K, committed 1664K, reserved 1048576K
Event: 0.614 GC heap after
Heap after GC invocations=1 (full 0):
 PSYoungGen      total 38400K, used 2464K [0x00000000d5c00000, 0x00000000da700000, 0x0000000100000000)
  eden space 33280K, 0% used [0x00000000d5c00000,0x00000000d5c00000,0x00000000d7c80000)
  from space 5120K, 48% used [0x00000000d7c80000,0x00000000d7ee8000,0x00000000d8180000)
  to   space 5120K, 0% used [0x00000000da200000,0x00000000da200000,0x00000000da700000)
 ParOldGen       total 87552K, used 30969K [0x0000000081400000, 0x0000000086980000, 0x00000000d5c00000)
  object space 87552K, 35% used [0x0000000081400000,0x000000008323e4f8,0x0000000086980000)
 Metaspace       used 11818K, capacity 12036K, committed 12416K, reserved 1060864K
  class space    used 1498K, capacity 1578K, committed 1664K, reserved 1048576K
}
Event: 4.930 GC heap before
{Heap before GC invocations=2 (full 0):
 PSYoungGen      total 38400K, used 35744K [0x00000000d5c00000, 0x00000000da700000, 0x0000000100000000)
  eden space 33280K, 100% used [0x00000000d5c00000,0x00000000d7c80000,0x00000000d7c80000)
  from space 5120K, 48% used [0x00000000d7c80000,0x00000000d7ee8000,0x00000000d8180000)
  to   space 5120K, 0% used [0x00000000da200000,0x00000000da200000,0x00000000da700000)
 ParOldGen       total 87552K, used 30969K [0x0000000081400000, 0x0000000086980000, 0x00000000d5c00000)
  object space 87552K, 35% used [0x0000000081400000,0x000000008323e4f8,0x0000000086980000)
 Metaspace       used 15654K, capacity 15862K, committed 16128K, reserved 1062912K
  class space    used 1920K, capacity 1998K, committed 2048K, reserved 1048576K
Event: 4.948 GC heap after
Heap after GC invocations=2 (full 0):
 PSYoungGen      total 71680K, used 5094K [0x00000000d5c00000, 0x00000000da700000, 0x0000000100000000)
  eden space 66560K, 0% used [0x00000000d5c00000,0x00000000d5c00000,0x00000000d9d00000)
  from space 5120K, 99% used [0x00000000da200000,0x00000000da6f9b58,0x00000000da700000)
  to   space 5120K, 0% used [0x00000000d9d00000,0x00000000d9d00000,0x00000000da200000)
 ParOldGen       total 87552K, used 46609K [0x0000000081400000, 0x0000000086980000, 0x00000000d5c00000)
  object space 87552K, 53% used [0x0000000081400000,0x00000000841845a0,0x0000000086980000)
 Metaspace       used 15654K, capacity 15862K, committed 16128K, reserved 1062912K
  class space    used 1920K, capacity 1998K, committed 2048K, reserved 1048576K
}

Deoptimization events (10 events):
Event: 2.579 Thread 0x000001e33ad77000 Uncommon trap: reason=class_check action=maybe_recompile pc=0x000001e324f491d4 method=java.lang.String.equals(Ljava/lang/Object;)Z @ 8
Event: 4.632 Thread 0x000001e33ad77000 Uncommon trap: reason=unstable_if action=reinterpret pc=0x000001e3250f489c method=java.util.Properties.loadConvert([CII[C)Ljava/lang/String; @ 4
Event: 4.633 Thread 0x000001e33ad77000 Uncommon trap: reason=unstable_if action=reinterpret pc=0x000001e325104840 method=java.util.Properties$LineReader.readLine()I @ 252
Event: 4.642 Thread 0x000001e33ad77000 Uncommon trap: reason=class_check action=maybe_recompile pc=0x000001e325141230 method=java.util.Properties$LineReader.readLine()I @ 410
Event: 4.784 Thread 0x000001e33ba20000 Uncommon trap: reason=unstable_if action=reinterpret pc=0x000001e32505cd40 method=java.io.BufferedInputStream.fill()V @ 219
Event: 4.785 Thread 0x000001e33ba20000 Uncommon trap: reason=unstable_if action=reinterpret pc=0x000001e32506fbf4 method=sun.awt.image.PNGImageDecoder.produceImage()V @ 867
Event: 7.451 Thread 0x000001e33ad77000 Uncommon trap: reason=predicate action=maybe_recompile pc=0x000001e3251a88a0 method=java.awt.LinearGradientPaintContext.fillRaster([IIIIIII)V @ 56
Event: 7.451 Thread 0x000001e33ad77000 Uncommon trap: reason=unstable_if action=reinterpret pc=0x000001e3250dc2fc method=java.awt.MultipleGradientPaintContext.indexIntoGradientsArrays(F)I @ 93
Event: 7.451 Thread 0x000001e33ad77000 Uncommon trap: reason=unstable_if action=reinterpret pc=0x000001e3251a4020 method=java.awt.MultipleGradientPaintContext.indexIntoGradientsArrays(F)I @ 93
Event: 19.479 Thread 0x000001e33ad77000 Uncommon trap: reason=unstable_if action=reinterpret pc=0x000001e324f5c9b4 method=java.awt.Component.inside(II)Z @ 21

Classes redefined (0 events):
No events

Internal exceptions (10 events):
Event: 0.254 Thread 0x000001e323460800 Exception <a 'java/lang/ClassNotFoundException': javax/swing/JToolBarSeparator> (0x00000000d6027f30) thrown at [C:\jenkins\workspace\8-2-build-windows-amd64-cygwin\jdk8u281\880\hotspot\src\share\vm\classfile\systemDictionary.cpp, line 212]
Event: 0.254 Thread 0x000001e323460800 Exception <a 'java/lang/ClassNotFoundException': ToolBarSeparator> (0x00000000d60283c8) thrown at [C:\jenkins\workspace\8-2-build-windows-amd64-cygwin\jdk8u281\880\hotspot\src\share\vm\classfile\systemDictionary.cpp, line 212]
Event: 0.254 Thread 0x000001e323460800 Exception <a 'java/lang/ClassNotFoundException': ToolTip> (0x00000000d6028b08) thrown at [C:\jenkins\workspace\8-2-build-windows-amd64-cygwin\jdk8u281\880\hotspot\src\share\vm\classfile\systemDictionary.cpp, line 212]
Event: 0.255 Thread 0x000001e323460800 Exception <a 'java/lang/ClassNotFoundException': Tree> (0x00000000d6029728) thrown at [C:\jenkins\workspace\8-2-build-windows-amd64-cygwin\jdk8u281\880\hotspot\src\share\vm\classfile\systemDictionary.cpp, line 212]
Event: 0.256 Thread 0x000001e323460800 Exception <a 'java/lang/ClassNotFoundException': Tree> (0x00000000d6029e68) thrown at [C:\jenkins\workspace\8-2-build-windows-amd64-cygwin\jdk8u281\880\hotspot\src\share\vm\classfile\systemDictionary.cpp, line 212]
Event: 0.256 Thread 0x000001e323460800 Exception <a 'java/lang/ClassNotFoundException': javax/swing/JTreeCell> (0x00000000d602a1e8) thrown at [C:\jenkins\workspace\8-2-build-windows-amd64-cygwin\jdk8u281\880\hotspot\src\share\vm\classfile\systemDictionary.cpp, line 212]
Event: 0.256 Thread 0x000001e323460800 Exception <a 'java/lang/ClassNotFoundException': TreeCell> (0x00000000d602a670) thrown at [C:\jenkins\workspace\8-2-build-windows-amd64-cygwin\jdk8u281\880\hotspot\src\share\vm\classfile\systemDictionary.cpp, line 212]
Event: 0.256 Thread 0x000001e323460800 Exception <a 'java/lang/ClassNotFoundException': RootPane> (0x00000000d602b0d0) thrown at [C:\jenkins\workspace\8-2-build-windows-amd64-cygwin\jdk8u281\880\hotspot\src\share\vm\classfile\systemDictionary.cpp, line 212]
Event: 0.801 Thread 0x000001e33b765800 Implicit null exception at 0x000001e3250548cd to 0x000001e325054fce
Event: 6.113 Thread 0x000001e33ad77000 Exception <a 'java/lang/NoClassDefFoundError': org/slf4j/impl/StaticLoggerBinder> (0x00000000d62e5a00) thrown at [C:\jenkins\workspace\8-2-build-windows-amd64-cygwin\jdk8u281\880\hotspot\src\share\vm\classfile\systemDictionary.cpp, line 201]

Events (10 events):
Event: 7.451 Thread 0x000001e33ad77000 DEOPT UNPACKING pc=0x000001e324e25843 sp=0x000000870fcfb7a0 mode 2
Event: 7.463 loading class ventanas/Ingreso$3
Event: 7.463 loading class ventanas/Ingreso$3 done
Event: 10.071 Thread 0x000001e33ba20000 Thread exited: 0x000001e33ba20000
Event: 11.384 Thread 0x000001e33b765800 Thread exited: 0x000001e33b765800
Event: 13.479 loading class SecuGen/FDxSDKPro/jni/SGFingerInfo
Event: 13.479 loading class SecuGen/FDxSDKPro/jni/SGFingerInfo done
Event: 19.479 Thread 0x000001e33ad77000 Uncommon trap: trap_request=0xffffff65 fr.pc=0x000001e324f5c9b4
Event: 19.479 Thread 0x000001e33ad77000 DEOPT PACKING pc=0x000001e324f5c9b4 sp=0x000000870fcfd100
Event: 19.479 Thread 0x000001e33ad77000 DEOPT UNPACKING pc=0x000001e324e25843 sp=0x000000870fcfcfb0 mode 2


Dynamic libraries:
0x00007ff72a9a0000 - 0x00007ff72a9e7000 	C:\Program Files\Java\jdk1.8.0_281\jre\bin\java.exe
0x00007ffce7290000 - 0x00007ffce7486000 	C:\Windows\SYSTEM32\ntdll.dll
0x00007ffce68d0000 - 0x00007ffce698d000 	C:\Windows\System32\KERNEL32.DLL
0x00007ffce4c00000 - 0x00007ffce4ec9000 	C:\Windows\System32\KERNELBASE.dll
0x00007ffce7090000 - 0x00007ffce713c000 	C:\Windows\System32\ADVAPI32.dll
0x00007ffce6820000 - 0x00007ffce68be000 	C:\Windows\System32\msvcrt.dll
0x00007ffce5360000 - 0x00007ffce53fc000 	C:\Windows\System32\sechost.dll
0x00007ffce59f0000 - 0x00007ffce5b1b000 	C:\Windows\System32\RPCRT4.dll
0x00007ffce69f0000 - 0x00007ffce6b90000 	C:\Windows\System32\USER32.dll
0x00007ffce49d0000 - 0x00007ffce49f2000 	C:\Windows\System32\win32u.dll
0x00007ffce5600000 - 0x00007ffce562a000 	C:\Windows\System32\GDI32.dll
0x00007ffce5020000 - 0x00007ffce512b000 	C:\Windows\System32\gdi32full.dll
0x00007ffce4f80000 - 0x00007ffce501d000 	C:\Windows\System32\msvcp_win.dll
0x00007ffce4a00000 - 0x00007ffce4b00000 	C:\Windows\System32\ucrtbase.dll
0x00007ffcca5f0000 - 0x00007ffcca88b000 	C:\Windows\WinSxS\amd64_microsoft.windows.common-controls_6595b64144ccf1df_6.0.19041.746_none_ca02b4b61b8320a4\COMCTL32.dll
0x00007ffce5b20000 - 0x00007ffce5b50000 	C:\Windows\System32\IMM32.DLL
0x00007ffcd71d0000 - 0x00007ffcd71e5000 	C:\Program Files\Java\jdk1.8.0_281\jre\bin\vcruntime140.dll
0x00007ffcb3f20000 - 0x00007ffcb3fbb000 	C:\Program Files\Java\jdk1.8.0_281\jre\bin\msvcp140.dll
0x00000000561c0000 - 0x0000000056a1f000 	C:\Program Files\Java\jdk1.8.0_281\jre\bin\server\jvm.dll
0x00007ffce5350000 - 0x00007ffce5358000 	C:\Windows\System32\PSAPI.DLL
0x00007ffcd71f0000 - 0x00007ffcd71f9000 	C:\Windows\SYSTEM32\WSOCK32.dll
0x00007ffcd3240000 - 0x00007ffcd3267000 	C:\Windows\SYSTEM32\WINMM.dll
0x00007ffcdcf60000 - 0x00007ffcdcf6a000 	C:\Windows\SYSTEM32\VERSION.dll
0x00007ffce6510000 - 0x00007ffce657b000 	C:\Windows\System32\WS2_32.dll
0x00007ffce2970000 - 0x00007ffce2982000 	C:\Windows\SYSTEM32\kernel.appcore.dll
0x00007ffcd6940000 - 0x00007ffcd6950000 	C:\Program Files\Java\jdk1.8.0_281\jre\bin\verify.dll
0x00007ffccf2c0000 - 0x00007ffccf2eb000 	C:\Program Files\Java\jdk1.8.0_281\jre\bin\java.dll
0x00007ffcc8960000 - 0x00007ffcc8978000 	C:\Program Files\Java\jdk1.8.0_281\jre\bin\zip.dll
0x00007ffce5bd0000 - 0x00007ffce6312000 	C:\Windows\System32\SHELL32.dll
0x00007ffce2b20000 - 0x00007ffce32b0000 	C:\Windows\SYSTEM32\windows.storage.dll
0x00007ffce5690000 - 0x00007ffce59e6000 	C:\Windows\System32\combase.dll
0x00007ffce4430000 - 0x00007ffce445c000 	C:\Windows\SYSTEM32\Wldp.dll
0x00007ffce71a0000 - 0x00007ffce724e000 	C:\Windows\System32\SHCORE.dll
0x00007ffce5630000 - 0x00007ffce5685000 	C:\Windows\System32\shlwapi.dll
0x00007ffce4900000 - 0x00007ffce4926000 	C:\Windows\SYSTEM32\profapi.dll
0x00007ffcc8780000 - 0x00007ffcc8915000 	C:\Program Files\Java\jdk1.8.0_281\jre\bin\awt.dll
0x00007ffce5530000 - 0x00007ffce55fd000 	C:\Windows\System32\OLEAUT32.dll
0x00007ffce2270000 - 0x00007ffce2300000 	C:\Windows\SYSTEM32\apphelp.dll
0x00007ffce24d0000 - 0x00007ffce256e000 	C:\Windows\system32\uxtheme.dll
0x00007ffce6340000 - 0x00007ffce6455000 	C:\Windows\System32\MSCTF.dll
0x00007ffce5400000 - 0x00007ffce552a000 	C:\Windows\System32\ole32.dll
0x00007ffce4ed0000 - 0x00007ffce4f50000 	C:\Windows\System32\bcryptPrimitives.dll
0x00007ffce26b0000 - 0x00007ffce26df000 	C:\Windows\system32\DWMAPI.DLL
0x00007ffcc8730000 - 0x00007ffcc8779000 	C:\Program Files\Java\jdk1.8.0_281\jre\bin\fontmanager.dll
0x00007ffcbf3c0000 - 0x00007ffcbf4e5000 	C:\Windows\system32\opengl32.dll
0x00007ffcbefb0000 - 0x00007ffcbefdc000 	C:\Windows\SYSTEM32\GLU32.dll
0x00007ffce6460000 - 0x00007ffce6509000 	C:\Windows\System32\clbcatq.dll
0x00007ffcdfba0000 - 0x00007ffcdfd54000 	C:\Windows\SYSTEM32\WindowsCodecs.dll
0x00007ffce4f50000 - 0x00007ffce4f77000 	C:\Windows\System32\bcrypt.dll
0x00007ffcbd320000 - 0x00007ffcbd35e000 	C:\Windows\system32\dataexchange.dll
0x00007ffce0860000 - 0x00007ffce0ac4000 	C:\Windows\system32\d3d11.dll
0x00007ffce1670000 - 0x00007ffce1857000 	C:\Windows\system32\dcomp.dll
0x00007ffce3430000 - 0x00007ffce3523000 	C:\Windows\system32\dxgi.dll
0x00007ffcdeea0000 - 0x00007ffcdf0a1000 	C:\Windows\system32\twinapi.appcore.dll
0x00007ffcc8940000 - 0x00007ffcc895c000 	C:\Program Files\Java\jdk1.8.0_281\jre\bin\net.dll
0x00007ffce41b0000 - 0x00007ffce421a000 	C:\Windows\system32\mswsock.dll
0x00007ffcc8920000 - 0x00007ffcc8933000 	C:\Program Files\Java\jdk1.8.0_281\jre\bin\nio.dll
0x00007ffcc01e0000 - 0x00007ffcc0223000 	C:\Program Files\Java\jdk1.8.0_281\jre\bin\t2k.dll
0x00007ffccb2d0000 - 0x00007ffccb302000 	C:\Program Files\Java\jdk1.8.0_281\jre\bin\jpeg.dll
0x00007ffcd5f40000 - 0x00007ffcd603b000 	C:\Windows\SYSTEM32\textinputframework.dll
0x00007ffce1ce0000 - 0x00007ffce203e000 	C:\Windows\System32\CoreUIComponents.dll
0x00007ffce1be0000 - 0x00007ffce1cd2000 	C:\Windows\System32\CoreMessaging.dll
0x00007ffce1510000 - 0x00007ffce1664000 	C:\Windows\SYSTEM32\wintypes.dll
0x00007ffce3710000 - 0x00007ffce3743000 	C:\Windows\SYSTEM32\ntmarta.dll
0x00007ffcc7c30000 - 0x00007ffcc7c5a000 	C:\Program Files\Java\jdk1.8.0_281\jre\bin\dcpr.dll
0x00007ffce3ef0000 - 0x00007ffce3fbb000 	C:\Windows\SYSTEM32\DNSAPI.dll
0x00007ffce3e50000 - 0x00007ffce3e8b000 	C:\Windows\SYSTEM32\IPHLPAPI.DLL
0x00007ffce68c0000 - 0x00007ffce68c8000 	C:\Windows\System32\NSI.dll
0x00007ffcd2ce0000 - 0x00007ffcd2cea000 	C:\Windows\System32\rasadhlp.dll
0x00007ffcd2df0000 - 0x00007ffcd2e6f000 	C:\Windows\System32\fwpuclnt.dll
0x00007ffce4380000 - 0x00007ffce4398000 	C:\Windows\SYSTEM32\CRYPTSP.dll
0x00007ffce3ae0000 - 0x00007ffce3b14000 	C:\Windows\system32\rsaenh.dll
0x00007ffce48c0000 - 0x00007ffce48ee000 	C:\Windows\SYSTEM32\USERENV.dll
0x00007ffce43a0000 - 0x00007ffce43ac000 	C:\Windows\SYSTEM32\CRYPTBASE.dll
0x00007ffcdcf20000 - 0x00007ffcdcf37000 	C:\Windows\SYSTEM32\dhcpcsvc6.DLL
0x00007ffcdcf70000 - 0x00007ffcdcf8d000 	C:\Windows\SYSTEM32\dhcpcsvc.DLL
0x0000000070e80000 - 0x0000000070eb5000 	C:\Users\xtrem\AppData\Local\Temp\nativelib-loader_3501436712290945621\jssc.dll
0x0000000180000000 - 0x000000018000b000 	C:\Windows\System32\jnisgfplib\x64\jnisgfplib.dll
0x0000000056110000 - 0x00000000561b3000 	C:\Windows\WinSxS\amd64_microsoft.vc90.crt_1fc8b3b9a1e18e3b_9.0.30729.9625_none_08e1c10da83fbc83\MSVCR90.dll
0x00007ffcb43c0000 - 0x00007ffcb43fc000 	C:\Windows\System32\jnisgfplib\x64\sgfplib.dll
0x00007ffce6c20000 - 0x00007ffce7087000 	C:\Windows\System32\SETUPAPI.dll
0x00007ffce4bb0000 - 0x00007ffce4bfe000 	C:\Windows\System32\cfgmgr32.dll
0x00007ffcc8710000 - 0x00007ffcc8728000 	C:\Windows\System32\jnisgfplib\x64\sgwsqlib.dll
0x00007ffcd1e10000 - 0x00007ffcd1e41000 	C:\Windows\SYSTEM32\winbio.dll
0x00007ffcd2070000 - 0x00007ffcd207f000 	C:\Windows\SYSTEM32\winbioext.dll
0x00007ffccece0000 - 0x00007ffcceec4000 	C:\Windows\SYSTEM32\dbghelp.dll

VM Arguments:
jvm_args: -Dfile.encoding=UTF-8 
java_command: ventanas.Login
java_class_path (initial): C:\Program Files\NetBeans-12.0\netbeans\java\modules\ext\AbsoluteLayout.jar;C:\Users\xtrem\Documents\GitHub\Xtreme-Gym\conector\mysql-connector-java-5.1.46.jar;C:\Users\xtrem\Documents\GitHub\Xtreme-Gym\driver-PDF\itext5-itextpdf-5.5.12.jar;C:\Users\xtrem\Documents\GitHub\Xtreme-Gym\driver-SecuGen\FDxSDKPro.jar;C:\Users\xtrem\Documents\GitHub\Xtreme-Gym\driver-calendario\jcalendar-1.4.jar;C:\Users\xtrem\Documents\GitHub\Xtreme-Gym\driver-arduino\jssc-2.9.2.jar;C:\Users\xtrem\Documents\GitHub\Xtreme-Gym\driver-arduino\PanamaHitek_Arduino-3.0.0.jar;C:\Users\xtrem\Documents\GitHub\Xtreme-Gym\build\classes
Launcher Type: SUN_STANDARD

Environment Variables:
PATH=C:\Program Files (x86)\Common Files\Oracle\Java\javapath;C:\Windows\system32;C:\Windows;C:\Windows\System32\Wbem;C:\Windows\System32\WindowsPowerShell\v1.0\;C:\Windows\System32\OpenSSH\;C:\Windows\System32\jnisgfplib\x64;C:\Users\xtrem\AppData\Local\Microsoft\WindowsApps;C:\Users\xtrem\AppData\Local\GitHubDesktop\bin
USERNAME=xtrem
OS=Windows_NT
PROCESSOR_IDENTIFIER=Intel64 Family 6 Model 142 Stepping 9, GenuineIntel



---------------  S Y S T E M  ---------------

OS: Windows 10.0 , 64 bit Build 19041 (10.0.19041.804)

CPU:total 4 (initial active 4) (2 cores per cpu, 2 threads per core) family 6 model 142 stepping 9, cmov, cx8, fxsr, mmx, sse, sse2, sse3, ssse3, sse4.1, sse4.2, popcnt, avx, avx2, aes, clmul, erms, 3dnowpref, lzcnt, ht, tsc, tscinvbit, bmi1, bmi2, adx

Memory: 4k page, physical 8302412k(3801820k free), swap 9613132k(4278356k free)

vm_info: Java HotSpot(TM) 64-Bit Server VM (25.281-b09) for windows-amd64 JRE (1.8.0_281-b09), built on Dec  9 2020 13:54:07 by "" with MS VC++ 15.9 (VS2017)

time: Fri Feb 19 21:26:34 2021
timezone: Hora est. Pacífico, Sudamérica
elapsed time: 25.592171 seconds (0d 0h 0m 25s)

