#
# A fatal error has been detected by the Java Runtime Environment:
#
#  EXCEPTION_ACCESS_VIOLATION (0xc0000005) at pc=0x000000007110b5db, pid=7028, tid=0x000000000000286c
#
# JRE version: Java(TM) SE Runtime Environment (8.0_281-b09) (build 1.8.0_281-b09)
# Java VM: Java HotSpot(TM) 64-Bit Server VM (25.281-b09 mixed mode windows-amd64 compressed oops)
# Problematic frame:
# C  [jSSC-2.8_x86_64.dll+0xb5db]
#
# Failed to write core dump. Minidumps are not enabled by default on client versions of Windows
#
# If you would like to submit a bug report, please visit:
#   http://bugreport.java.com/bugreport/crash.jsp
# The crash happened outside the Java Virtual Machine in native code.
# See problematic frame for where to report the bug.
#

---------------  T H R E A D  ---------------

Current thread (0x00000196b4080800):  JavaThread "AWT-EventQueue-0" [_thread_in_native, id=10348, stack(0x0000008d77200000,0x0000008d77300000)]

siginfo: ExceptionCode=0xc0000005, reading address 0xffffffffb50fb5f6

Registers:
RAX=0xffffffffb50fb5f6, RBX=0x0000008d772fc3f0, RCX=0x00007ff85e68c194, RDX=0x0000000000000000
RSP=0x0000008d772fc380, RBP=0x0000008d772fc500, RSI=0x00000196b40809f8, RDI=0x0000000000000b30
R8 =0x0000008d772fc278, R9 =0x0000008d772fc370, R10=0x0000000000000000, R11=0x0000000000000246
R12=0x0000008d772fc5b0, R13=0x00000196bb97fb20, R14=0x0000008d772fc4b0, R15=0x00000196b4080800
RIP=0x000000007110b5db, EFLAGS=0x0000000000010206

Top of Stack: (sp=0x0000008d772fc380)
0x0000008d772fc380:   00000196b4797380 00000196bb97f730
0x0000008d772fc390:   000000007110b230 000001969b3a0000
0x0000008d772fc3a0:   000001969b1e0000 0000000000000004
0x0000008d772fc3b0:   00000196b40809f8 0000000000000b30
0x0000008d772fc3c0:   0000008d772fc500 0000000071112590
0x0000008d772fc3d0:   00000196b4080800 0000008d772fc4b0
0x0000008d772fc3e0:   00000196bb97fb20 0000008d772fc5b0
0x0000008d772fc3f0:   00000196bb97fb20 00007ff85e605d21
0x0000008d772fc400:   0000008d772fc430 000001969b3a0000
0x0000008d772fc410:   0000008d772fc500 0000000000000000
0x0000008d772fc420:   0000000071113500 0000000071113be8
0x0000008d772fc430:   0000008d772fc460 0000000071112641
0x0000008d772fc440:   0000008d772fc3d0 00000196b40809f8
0x0000008d772fc450:   0000000000000000 0000000000000000
0x0000008d772fc460:   0000008d772fc500 0000000071101595
0x0000008d772fc470:   000000000000001c 0000019600000000 

Instructions: (pc=0x000000007110b5db)
0x000000007110b5bb:   c5 0f 1f 40 00 55 57 56 53 48 83 ec 28 48 8b 05
0x000000007110b5cb:   39 33 01 00 48 89 cb 48 85 c0 0f 84 c5 00 00 00
0x000000007110b5db:   8b 38 85 ff 0f 88 ab 00 00 00 48 8b 05 1c 33 01
0x000000007110b5eb:   00 48 85 c0 0f 84 bc 00 00 00 8b 30 85 f6 74 57 


Register to memory mapping:

RAX=0xffffffffb50fb5f6 is an unknown value
RBX=0x0000008d772fc3f0 is pointing into the stack for thread: 0x00000196b4080800
RCX=0x00007ff85e68c194 is an unknown value
RDX=0x0000000000000000 is an unknown value
RSP=0x0000008d772fc380 is pointing into the stack for thread: 0x00000196b4080800
RBP=0x0000008d772fc500 is pointing into the stack for thread: 0x00000196b4080800
RSI=0x00000196b40809f8 is an unknown value
RDI=0x0000000000000b30 is an unknown value
R8 =0x0000008d772fc278 is pointing into the stack for thread: 0x00000196b4080800
R9 =0x0000008d772fc370 is pointing into the stack for thread: 0x00000196b4080800
R10=0x0000000000000000 is an unknown value
R11=0x0000000000000246 is an unknown value
R12=0x0000008d772fc5b0 is pointing into the stack for thread: 0x00000196b4080800
R13=0x00000196bb97fb20 is an unknown value
R14=0x0000008d772fc4b0 is pointing into the stack for thread: 0x00000196b4080800
R15=0x00000196b4080800 is a thread


Stack: [0x0000008d77200000,0x0000008d77300000],  sp=0x0000008d772fc380,  free space=1008k
Native frames: (J=compiled Java code, j=interpreted, Vv=VM code, C=native code)
C  [jSSC-2.8_x86_64.dll+0xb5db]
C  [jSSC-2.8_x86_64.dll+0x12590]
C  [jSSC-2.8_x86_64.dll+0x1595]
C  0x000001969cd89f4e

Java frames: (J=compiled Java code, j=interpreted, Vv=VM code)
j  jssc.SerialNativeInterface.openPort(Ljava/lang/String;Z)J+0
j  jssc.SerialPort.openPort()Z+65
j  com.panamahitek.PanamaHitek_Arduino.arduinoTX(Ljava/lang/String;I)V+58
j  ventanas.Ingreso.<init>()V+511
j  ventanas.Administrador.jButton_CreatividadActionPerformed(Ljava/awt/event/ActionEvent;)V+4
j  ventanas.Administrador.access$200(Lventanas/Administrador;Ljava/awt/event/ActionEvent;)V+2
j  ventanas.Administrador$3.actionPerformed(Ljava/awt/event/ActionEvent;)V+5
j  javax.swing.AbstractButton.fireActionPerformed(Ljava/awt/event/ActionEvent;)V+83
j  javax.swing.AbstractButton$Handler.actionPerformed(Ljava/awt/event/ActionEvent;)V+5
j  javax.swing.DefaultButtonModel.fireActionPerformed(Ljava/awt/event/ActionEvent;)V+34
j  javax.swing.DefaultButtonModel.setPressed(Z)V+117
j  javax.swing.plaf.basic.BasicButtonListener.mouseReleased(Ljava/awt/event/MouseEvent;)V+35
j  java.awt.Component.processMouseEvent(Ljava/awt/event/MouseEvent;)V+64
j  javax.swing.JComponent.processMouseEvent(Ljava/awt/event/MouseEvent;)V+23
j  java.awt.Component.processEvent(Ljava/awt/AWTEvent;)V+81
j  java.awt.Container.processEvent(Ljava/awt/AWTEvent;)V+18
j  java.awt.Component.dispatchEventImpl(Ljava/awt/AWTEvent;)V+589
J 1348 C1 java.awt.Container.dispatchEventImpl(Ljava/awt/AWTEvent;)V (129 bytes) @ 0x000001969d1b5184 [0x000001969d1b5040+0x144]
J 1347 C1 java.awt.Component.dispatchEvent(Ljava/awt/AWTEvent;)V (6 bytes) @ 0x000001969d19e244 [0x000001969d19e140+0x104]
j  java.awt.LightweightDispatcher.retargetMouseEvent(Ljava/awt/Component;ILjava/awt/event/MouseEvent;)V+349
j  java.awt.LightweightDispatcher.processMouseEvent(Ljava/awt/event/MouseEvent;)Z+155
j  java.awt.LightweightDispatcher.dispatchEvent(Ljava/awt/AWTEvent;)Z+50
J 1348 C1 java.awt.Container.dispatchEventImpl(Ljava/awt/AWTEvent;)V (129 bytes) @ 0x000001969d1b5124 [0x000001969d1b5040+0xe4]
j  java.awt.Window.dispatchEventImpl(Ljava/awt/AWTEvent;)V+19
J 1347 C1 java.awt.Component.dispatchEvent(Ljava/awt/AWTEvent;)V (6 bytes) @ 0x000001969d19e244 [0x000001969d19e140+0x104]
j  java.awt.EventQueue.dispatchEventImpl(Ljava/awt/AWTEvent;Ljava/lang/Object;)V+41
j  java.awt.EventQueue.access$500(Ljava/awt/EventQueue;Ljava/awt/AWTEvent;Ljava/lang/Object;)V+3
j  java.awt.EventQueue$3.run()Ljava/lang/Void;+32
j  java.awt.EventQueue$3.run()Ljava/lang/Object;+1
v  ~StubRoutines::call_stub
J 558  java.security.AccessController.doPrivileged(Ljava/security/PrivilegedAction;Ljava/security/AccessControlContext;)Ljava/lang/Object; (0 bytes) @ 0x000001969cfabe66 [0x000001969cfabe00+0x66]
J 990 C1 java.security.ProtectionDomain$JavaSecurityAccessImpl.doIntersectionPrivilege(Ljava/security/PrivilegedAction;Ljava/security/AccessControlContext;Ljava/security/AccessControlContext;)Ljava/lang/Object; (22 bytes) @ 0x000001969d0d1b2c [0x000001969d0d16c0+0x46c]
j  java.security.ProtectionDomain$JavaSecurityAccessImpl.doIntersectionPrivilege(Ljava/security/PrivilegedAction;Ljava/security/AccessControlContext;)Ljava/lang/Object;+6
j  java.awt.EventQueue$4.run()Ljava/lang/Void;+11
j  java.awt.EventQueue$4.run()Ljava/lang/Object;+1
v  ~StubRoutines::call_stub
J 558  java.security.AccessController.doPrivileged(Ljava/security/PrivilegedAction;Ljava/security/AccessControlContext;)Ljava/lang/Object; (0 bytes) @ 0x000001969cfabe66 [0x000001969cfabe00+0x66]
J 1344 C1 java.awt.EventQueue.dispatchEvent(Ljava/awt/AWTEvent;)V (80 bytes) @ 0x000001969d1b3f7c [0x000001969d1b3100+0xe7c]
J 1349 C1 java.awt.EventDispatchThread.pumpOneEventForFilters(I)V (190 bytes) @ 0x000001969d1b738c [0x000001969d1b6240+0x114c]
j  java.awt.EventDispatchThread.pumpEventsForFilter(ILjava/awt/Conditional;Ljava/awt/EventFilter;)V+35
j  java.awt.EventDispatchThread.pumpEventsForHierarchy(ILjava/awt/Conditional;Ljava/awt/Component;)V+11
j  java.awt.EventDispatchThread.pumpEvents(ILjava/awt/Conditional;)V+4
j  java.awt.EventDispatchThread.pumpEvents(Ljava/awt/Conditional;)V+3
j  java.awt.EventDispatchThread.run()V+9
v  ~StubRoutines::call_stub

---------------  P R O C E S S  ---------------

Java Threads: ( => current thread )
  0x00000196bbc01800 JavaThread "Image Fetcher 0" daemon [_thread_blocked, id=8864, stack(0x0000008d77b90000,0x0000008d77c90000)]
  0x00000196b3e38800 JavaThread "Abandoned connection cleanup thread" daemon [_thread_blocked, id=2372, stack(0x0000008d77510000,0x0000008d77610000)]
  0x00000196bb977000 JavaThread "TimerQueue" daemon [_thread_blocked, id=15892, stack(0x0000008d77a20000,0x0000008d77b20000)]
  0x00000196bb89b800 JavaThread "D3D Screen Updater" daemon [_thread_blocked, id=10836, stack(0x0000008d77910000,0x0000008d77a10000)]
  0x000001969b3d1800 JavaThread "DestroyJavaVM" [_thread_blocked, id=5916, stack(0x0000008d75900000,0x0000008d75a00000)]
=>0x00000196b4080800 JavaThread "AWT-EventQueue-0" [_thread_in_native, id=10348, stack(0x0000008d77200000,0x0000008d77300000)]
  0x00000196b401d800 JavaThread "AWT-Windows" daemon [_thread_in_native, id=20060, stack(0x0000008d77100000,0x0000008d77200000)]
  0x00000196b4013000 JavaThread "AWT-Shutdown" [_thread_blocked, id=9168, stack(0x0000008d77000000,0x0000008d77100000)]
  0x00000196b4012800 JavaThread "Java2D Disposer" daemon [_thread_blocked, id=6608, stack(0x0000008d76f00000,0x0000008d77000000)]
  0x00000196b3ab2000 JavaThread "Service Thread" daemon [_thread_blocked, id=7472, stack(0x0000008d76d00000,0x0000008d76e00000)]
  0x00000196b22b8000 JavaThread "C1 CompilerThread3" daemon [_thread_blocked, id=20172, stack(0x0000008d76c00000,0x0000008d76d00000)]
  0x00000196b22b5000 JavaThread "C2 CompilerThread2" daemon [_thread_blocked, id=2476, stack(0x0000008d76b00000,0x0000008d76c00000)]
  0x00000196b22b1000 JavaThread "C2 CompilerThread1" daemon [_thread_blocked, id=16640, stack(0x0000008d76a00000,0x0000008d76b00000)]
  0x00000196b22af000 JavaThread "C2 CompilerThread0" daemon [_thread_blocked, id=8812, stack(0x0000008d76900000,0x0000008d76a00000)]
  0x00000196b22a8000 JavaThread "Attach Listener" daemon [_thread_blocked, id=19924, stack(0x0000008d76800000,0x0000008d76900000)]
  0x00000196b22a7000 JavaThread "Signal Dispatcher" daemon [_thread_blocked, id=13348, stack(0x0000008d76700000,0x0000008d76800000)]
  0x00000196b142e800 JavaThread "Finalizer" daemon [_thread_blocked, id=10272, stack(0x0000008d76600000,0x0000008d76700000)]
  0x00000196b227c000 JavaThread "Reference Handler" daemon [_thread_blocked, id=2196, stack(0x0000008d76500000,0x0000008d76600000)]

Other Threads:
  0x00000196b2258000 VMThread [stack: 0x0000008d76400000,0x0000008d76500000] [id=15700]
  0x00000196b3ac4000 WatcherThread [stack: 0x0000008d76e00000,0x0000008d76f00000] [id=19684]

VM state:not at safepoint (normal execution)

VM Mutex/Monitor currently owned by a thread: None

heap address: 0x0000000081600000, size: 2026 MB, Compressed Oops mode: 32-bit
Narrow klass base: 0x0000000000000000, Narrow klass shift: 3
Compressed class space size: 1073741824 Address: 0x0000000100000000

Heap:
 PSYoungGen      total 38400K, used 18402K [0x00000000d5d00000, 0x00000000d8780000, 0x0000000100000000)
  eden space 33280K, 39% used [0x00000000d5d00000,0x00000000d69fbe38,0x00000000d7d80000)
  from space 5120K, 99% used [0x00000000d7d80000,0x00000000d827cba0,0x00000000d8280000)
  to   space 5120K, 0% used [0x00000000d8280000,0x00000000d8280000,0x00000000d8780000)
 ParOldGen       total 87552K, used 28178K [0x0000000081600000, 0x0000000086b80000, 0x00000000d5d00000)
  object space 87552K, 32% used [0x0000000081600000,0x0000000083184868,0x0000000086b80000)
 Metaspace       used 16530K, capacity 16802K, committed 17024K, reserved 1064960K
  class space    used 2005K, capacity 2097K, committed 2176K, reserved 1048576K

Card table byte_map: [0x00000196ac130000,0x00000196ac530000] byte_map_base: 0x00000196abd25000

Marking Bits: (ParMarkBitMap*) 0x00000000580b6ff0
 Begin Bits: [0x00000196ac7e0000, 0x00000196ae788000)
 End Bits:   [0x00000196ae788000, 0x00000196b0730000)

Polling page: 0x000001969b4f0000

CodeCache: size=245760Kb used=4573Kb max_used=4573Kb free=241187Kb
 bounds [0x000001969cd70000, 0x000001969d1f0000, 0x00000196abd70000]
 total_blobs=2007 nmethods=1415 adapters=504
 compilation: enabled

Compilation events (10 events):
Event: 11.428 Thread 0x00000196b22b8000 1411       3       sun.awt.AWTAccessor::getSequencedEventAccessor (4 bytes)
Event: 11.428 Thread 0x00000196b22b8000 nmethod 1411 0x000001969d1e3cd0 code [0x000001969d1e3e20, 0x000001969d1e3f78]
Event: 11.857 Thread 0x00000196b22b8000 1412       3       sun.misc.SharedSecrets::javaUtilJarAccess (18 bytes)
Event: 11.857 Thread 0x00000196b22b8000 nmethod 1412 0x000001969d1e3890 code [0x000001969d1e3a00, 0x000001969d1e3c50]
Event: 11.858 Thread 0x00000196b22b8000 1413       1       java.util.jar.Manifest::getEntries (5 bytes)
Event: 11.858 Thread 0x00000196b22b8000 nmethod 1413 0x000001969d1e35d0 code [0x000001969d1e3720, 0x000001969d1e3838]
Event: 11.858 Thread 0x00000196b22b8000 1414       1       java.util.jar.Manifest::getMainAttributes (5 bytes)
Event: 11.858 Thread 0x00000196b22b8000 nmethod 1414 0x000001969d1e3310 code [0x000001969d1e3460, 0x000001969d1e3578]
Event: 11.858 Thread 0x00000196b22b8000 1415       1       java.util.jar.JarFile::access$300 (5 bytes)
Event: 11.858 Thread 0x00000196b22b8000 nmethod 1415 0x000001969d1e3050 code [0x000001969d1e31a0, 0x000001969d1e3298]

GC Heap History (2 events):
Event: 9.546 GC heap before
{Heap before GC invocations=1 (full 0):
 PSYoungGen      total 38400K, used 33270K [0x00000000d5d00000, 0x00000000d8780000, 0x0000000100000000)
  eden space 33280K, 99% used [0x00000000d5d00000,0x00000000d7d7dbc0,0x00000000d7d80000)
  from space 5120K, 0% used [0x00000000d8280000,0x00000000d8280000,0x00000000d8780000)
  to   space 5120K, 0% used [0x00000000d7d80000,0x00000000d7d80000,0x00000000d8280000)
 ParOldGen       total 87552K, used 0K [0x0000000081600000, 0x0000000086b80000, 0x00000000d5d00000)
  object space 87552K, 0% used [0x0000000081600000,0x0000000081600000,0x0000000086b80000)
 Metaspace       used 13137K, capacity 13322K, committed 13568K, reserved 1060864K
  class space    used 1676K, capacity 1771K, committed 1792K, reserved 1048576K
Event: 9.555 GC heap after
Heap after GC invocations=1 (full 0):
 PSYoungGen      total 38400K, used 5106K [0x00000000d5d00000, 0x00000000d8780000, 0x0000000100000000)
  eden space 33280K, 0% used [0x00000000d5d00000,0x00000000d5d00000,0x00000000d7d80000)
  from space 5120K, 99% used [0x00000000d7d80000,0x00000000d827cba0,0x00000000d8280000)
  to   space 5120K, 0% used [0x00000000d8280000,0x00000000d8280000,0x00000000d8780000)
 ParOldGen       total 87552K, used 28178K [0x0000000081600000, 0x0000000086b80000, 0x00000000d5d00000)
  object space 87552K, 32% used [0x0000000081600000,0x0000000083184868,0x0000000086b80000)
 Metaspace       used 13137K, capacity 13322K, committed 13568K, reserved 1060864K
  class space    used 1676K, capacity 1771K, committed 1792K, reserved 1048576K
}

Deoptimization events (10 events):
Event: 0.488 Thread 0x00000196b4540800 Uncommon trap: reason=unstable_if action=reinterpret pc=0x000001969cfbb05c method=java.awt.image.ReplicateScaleFilter.setPixels(IIIILjava/awt/image/ColorModel;[III)V @ 4
Event: 1.581 Thread 0x00000196b4080800 Uncommon trap: reason=class_check action=maybe_recompile pc=0x000001969cee0054 method=java.lang.String.equals(Ljava/lang/Object;)Z @ 8
Event: 1.581 Thread 0x00000196b4080800 Uncommon trap: reason=class_check action=maybe_recompile pc=0x000001969cee0054 method=java.lang.String.equals(Ljava/lang/Object;)Z @ 8
Event: 1.764 Thread 0x00000196b4080800 Uncommon trap: reason=class_check action=maybe_recompile pc=0x000001969cee0054 method=java.lang.String.equals(Ljava/lang/Object;)Z @ 8
Event: 1.764 Thread 0x00000196b4080800 Uncommon trap: reason=class_check action=maybe_recompile pc=0x000001969cee0054 method=java.lang.String.equals(Ljava/lang/Object;)Z @ 8
Event: 9.545 Thread 0x00000196b3e38800 Uncommon trap: reason=unstable_if action=reinterpret pc=0x000001969d084ce0 method=java.lang.String.indexOf([CII[CIII)I @ 3
Event: 9.659 Thread 0x00000196b4080800 Uncommon trap: reason=unstable_if action=reinterpret pc=0x000001969d114bdc method=java.util.Properties.loadConvert([CII[C)Ljava/lang/String; @ 4
Event: 9.660 Thread 0x00000196b4080800 Uncommon trap: reason=unstable_if action=reinterpret pc=0x000001969d112540 method=java.util.Properties$LineReader.readLine()I @ 252
Event: 9.668 Thread 0x00000196b4080800 Uncommon trap: reason=class_check action=maybe_recompile pc=0x000001969d151dd4 method=java.util.Properties$LineReader.readLine()I @ 410
Event: 9.770 Thread 0x00000196bbc01800 Uncommon trap: reason=unstable_if action=reinterpret pc=0x000001969cff6148 method=sun.awt.image.PNGImageDecoder.produceImage()V @ 867

Classes redefined (0 events):
No events

Internal exceptions (10 events):
Event: 0.170 Thread 0x000001969b3d1800 Exception <a 'java/lang/ClassNotFoundException': ToggleButton> (0x00000000d61280a8) thrown at [C:\jenkins\workspace\8-2-build-windows-amd64-cygwin\jdk8u281\880\hotspot\src\share\vm\classfile\systemDictionary.cpp, line 212]
Event: 0.170 Thread 0x000001969b3d1800 Exception <a 'java/lang/ClassNotFoundException': javax/swing/JToolBarSeparator> (0x00000000d6128508) thrown at [C:\jenkins\workspace\8-2-build-windows-amd64-cygwin\jdk8u281\880\hotspot\src\share\vm\classfile\systemDictionary.cpp, line 212]
Event: 0.170 Thread 0x000001969b3d1800 Exception <a 'java/lang/ClassNotFoundException': ToolBarSeparator> (0x00000000d61289a0) thrown at [C:\jenkins\workspace\8-2-build-windows-amd64-cygwin\jdk8u281\880\hotspot\src\share\vm\classfile\systemDictionary.cpp, line 212]
Event: 0.170 Thread 0x000001969b3d1800 Exception <a 'java/lang/ClassNotFoundException': ToolTip> (0x00000000d61290e0) thrown at [C:\jenkins\workspace\8-2-build-windows-amd64-cygwin\jdk8u281\880\hotspot\src\share\vm\classfile\systemDictionary.cpp, line 212]
Event: 0.171 Thread 0x000001969b3d1800 Exception <a 'java/lang/ClassNotFoundException': Tree> (0x00000000d6129d00) thrown at [C:\jenkins\workspace\8-2-build-windows-amd64-cygwin\jdk8u281\880\hotspot\src\share\vm\classfile\systemDictionary.cpp, line 212]
Event: 0.171 Thread 0x000001969b3d1800 Exception <a 'java/lang/ClassNotFoundException': Tree> (0x00000000d612a440) thrown at [C:\jenkins\workspace\8-2-build-windows-amd64-cygwin\jdk8u281\880\hotspot\src\share\vm\classfile\systemDictionary.cpp, line 212]
Event: 0.171 Thread 0x000001969b3d1800 Exception <a 'java/lang/ClassNotFoundException': javax/swing/JTreeCell> (0x00000000d612a7c0) thrown at [C:\jenkins\workspace\8-2-build-windows-amd64-cygwin\jdk8u281\880\hotspot\src\share\vm\classfile\systemDictionary.cpp, line 212]
Event: 0.171 Thread 0x000001969b3d1800 Exception <a 'java/lang/ClassNotFoundException': TreeCell> (0x00000000d612ac48) thrown at [C:\jenkins\workspace\8-2-build-windows-amd64-cygwin\jdk8u281\880\hotspot\src\share\vm\classfile\systemDictionary.cpp, line 212]
Event: 0.171 Thread 0x000001969b3d1800 Exception <a 'java/lang/ClassNotFoundException': RootPane> (0x00000000d612b6a8) thrown at [C:\jenkins\workspace\8-2-build-windows-amd64-cygwin\jdk8u281\880\hotspot\src\share\vm\classfile\systemDictionary.cpp, line 212]
Event: 0.488 Thread 0x00000196b4540800 Implicit null exception at 0x000001969cfba90d to 0x000001969cfbb049

Events (10 events):
Event: 11.857 loading class jssc/SerialPort
Event: 11.857 loading class jssc/SerialPort done
Event: 11.858 loading class jssc/SerialPortTimeoutException
Event: 11.858 loading class jssc/SerialPortTimeoutException done
Event: 11.858 loading class jssc/SerialPort$EventThread
Event: 11.858 loading class jssc/SerialPort$EventThread done
Event: 11.858 loading class jssc/SerialPort$LinuxEventThread
Event: 11.858 loading class jssc/SerialPort$LinuxEventThread done
Event: 11.858 loading class jssc/SerialNativeInterface
Event: 11.858 loading class jssc/SerialNativeInterface done


Dynamic libraries:
0x00007ff6d91b0000 - 0x00007ff6d91f7000 	C:\Program Files\Java\jdk1.8.0_281\bin\java.exe
0x00007ff85e5f0000 - 0x00007ff85e7e6000 	C:\Windows\SYSTEM32\ntdll.dll
0x00007ff842020000 - 0x00007ff842032000 	C:\Program Files\Avast Software\Avast\aswhook.dll
0x00007ff85e280000 - 0x00007ff85e33d000 	C:\Windows\System32\KERNEL32.DLL
0x00007ff85c060000 - 0x00007ff85c329000 	C:\Windows\System32\KERNELBASE.dll
0x00007ff85df80000 - 0x00007ff85e02c000 	C:\Windows\System32\ADVAPI32.dll
0x00007ff85e340000 - 0x00007ff85e3de000 	C:\Windows\System32\msvcrt.dll
0x00007ff85e1e0000 - 0x00007ff85e27c000 	C:\Windows\System32\sechost.dll
0x00007ff85c8c0000 - 0x00007ff85c9eb000 	C:\Windows\System32\RPCRT4.dll
0x00007ff85d270000 - 0x00007ff85d410000 	C:\Windows\System32\USER32.dll
0x00007ff85c030000 - 0x00007ff85c052000 	C:\Windows\System32\win32u.dll
0x00007ff85e520000 - 0x00007ff85e54a000 	C:\Windows\System32\GDI32.dll
0x00007ff85c540000 - 0x00007ff85c64b000 	C:\Windows\System32\gdi32full.dll
0x00007ff85be30000 - 0x00007ff85becd000 	C:\Windows\System32\msvcp_win.dll
0x00007ff85bd30000 - 0x00007ff85be30000 	C:\Windows\System32\ucrtbase.dll
0x00007ff85b140000 - 0x00007ff85b3db000 	C:\Windows\WinSxS\amd64_microsoft.windows.common-controls_6595b64144ccf1df_6.0.19041.746_none_ca02b4b61b8320a4\COMCTL32.dll
0x00007ff85d410000 - 0x00007ff85d440000 	C:\Windows\System32\IMM32.DLL
0x00007ff8587f0000 - 0x00007ff858805000 	C:\Program Files\Java\jdk1.8.0_281\jre\bin\vcruntime140.dll
0x00007ff839c90000 - 0x00007ff839d2b000 	C:\Program Files\Java\jdk1.8.0_281\jre\bin\msvcp140.dll
0x00000000578d0000 - 0x000000005812f000 	C:\Program Files\Java\jdk1.8.0_281\jre\bin\server\jvm.dll
0x00007ff85e440000 - 0x00007ff85e448000 	C:\Windows\System32\PSAPI.DLL
0x00007ff843e00000 - 0x00007ff843e09000 	C:\Windows\SYSTEM32\WSOCK32.dll
0x00007ff85df10000 - 0x00007ff85df7b000 	C:\Windows\System32\WS2_32.dll
0x00007ff845680000 - 0x00007ff8456a7000 	C:\Windows\SYSTEM32\WINMM.dll
0x00007ff854ff0000 - 0x00007ff854ffa000 	C:\Windows\SYSTEM32\VERSION.dll
0x00007ff859620000 - 0x00007ff859632000 	C:\Windows\SYSTEM32\kernel.appcore.dll
0x00007ff858d50000 - 0x00007ff858d60000 	C:\Program Files\Java\jdk1.8.0_281\jre\bin\verify.dll
0x00007ff851290000 - 0x00007ff8512bb000 	C:\Program Files\Java\jdk1.8.0_281\jre\bin\java.dll
0x00007ff856ea0000 - 0x00007ff856eb8000 	C:\Program Files\Java\jdk1.8.0_281\jre\bin\zip.dll
0x00007ff85d670000 - 0x00007ff85ddb3000 	C:\Windows\System32\SHELL32.dll
0x00007ff859820000 - 0x00007ff859faf000 	C:\Windows\SYSTEM32\windows.storage.dll
0x00007ff85caa0000 - 0x00007ff85cdf6000 	C:\Windows\System32\combase.dll
0x00007ff85b030000 - 0x00007ff85b05c000 	C:\Windows\SYSTEM32\Wldp.dll
0x00007ff85c9f0000 - 0x00007ff85ca9e000 	C:\Windows\System32\SHCORE.dll
0x00007ff85e3e0000 - 0x00007ff85e435000 	C:\Windows\System32\shlwapi.dll
0x00007ff85bc60000 - 0x00007ff85bc86000 	C:\Windows\SYSTEM32\profapi.dll
0x00007ff839d30000 - 0x00007ff839ec5000 	C:\Program Files\Java\jdk1.8.0_281\jre\bin\awt.dll
0x00007ff85e450000 - 0x00007ff85e51d000 	C:\Windows\System32\OLEAUT32.dll
0x00007ff858a00000 - 0x00007ff858a90000 	C:\Windows\SYSTEM32\apphelp.dll
0x00007ff859240000 - 0x00007ff8592de000 	C:\Windows\system32\uxtheme.dll
0x00007ff85dde0000 - 0x00007ff85def6000 	C:\Windows\System32\MSCTF.dll
0x00007ff85e0b0000 - 0x00007ff85e1da000 	C:\Windows\System32\ole32.dll
0x00007ff85c330000 - 0x00007ff85c3b0000 	C:\Windows\System32\bcryptPrimitives.dll
0x00007ff859410000 - 0x00007ff85943f000 	C:\Windows\system32\DWMAPI.DLL
0x00007ff8400b0000 - 0x00007ff8400f9000 	C:\Program Files\Java\jdk1.8.0_281\jre\bin\fontmanager.dll
0x00007ff834a40000 - 0x00007ff834b65000 	C:\Windows\system32\opengl32.dll
0x00007ff840100000 - 0x00007ff84012c000 	C:\Windows\SYSTEM32\GLU32.dll
0x00007ff8538b0000 - 0x00007ff853a7f000 	C:\Windows\system32\d3d9.dll
0x00007ff84e700000 - 0x00007ff84e805000 	C:\Windows\System32\DriverStore\FileRepository\nv_dispi.inf_amd64_d67c20d727d4578c\nvldumdx.dll
0x00007ff85b4e0000 - 0x00007ff85b4f2000 	C:\Windows\SYSTEM32\msasn1.dll
0x00007ff852d20000 - 0x00007ff852d51000 	C:\Windows\SYSTEM32\cryptnet.dll
0x00007ff85bed0000 - 0x00007ff85c026000 	C:\Windows\System32\CRYPT32.dll
0x00007ff85af50000 - 0x00007ff85af5c000 	C:\Windows\SYSTEM32\cryptbase.dll
0x00007ff85c3e0000 - 0x00007ff85c440000 	C:\Windows\System32\WINTRUST.DLL
0x00007ff85ddc0000 - 0x00007ff85dddd000 	C:\Windows\System32\imagehlp.dll
0x00007ff85bab0000 - 0x00007ff85bac8000 	C:\Windows\SYSTEM32\CRYPTSP.dll
0x00007ff85a730000 - 0x00007ff85a764000 	C:\Windows\system32\rsaenh.dll
0x00007ff85c3b0000 - 0x00007ff85c3d7000 	C:\Windows\System32\bcrypt.dll
0x00007ff8037c0000 - 0x00007ff805408000 	C:\Windows\System32\DriverStore\FileRepository\nv_dispi.inf_amd64_d67c20d727d4578c\nvd3dumx.dll
0x00007ff813fe0000 - 0x00007ff814299000 	C:\Windows\system32\nvspcap64.dll
0x00007ff85ba70000 - 0x00007ff85baa3000 	C:\Windows\SYSTEM32\ntmarta.dll
0x00007ff859fc0000 - 0x00007ff859fe3000 	C:\Windows\SYSTEM32\gpapi.dll
0x00007ff84f3e0000 - 0x00007ff84f41b000 	C:\Windows\SYSTEM32\dxcore.dll
0x00007ff85c4f0000 - 0x00007ff85c53e000 	C:\Windows\System32\cfgmgr32.dll
0x00007ff85d440000 - 0x00007ff85d4e9000 	C:\Windows\System32\clbcatq.dll
0x00007ff853af0000 - 0x00007ff853ca4000 	C:\Windows\SYSTEM32\WindowsCodecs.dll
0x00007ff8441d0000 - 0x00007ff84420e000 	C:\Windows\system32\dataexchange.dll
0x00007ff8575e0000 - 0x00007ff857844000 	C:\Windows\system32\d3d11.dll
0x00007ff857e10000 - 0x00007ff857ff7000 	C:\Windows\system32\dcomp.dll
0x00007ff859ff0000 - 0x00007ff85a0e3000 	C:\Windows\system32\dxgi.dll
0x00007ff854ac0000 - 0x00007ff854cc1000 	C:\Windows\system32\twinapi.appcore.dll
0x00007ff8511d0000 - 0x00007ff8511ec000 	C:\Program Files\Java\jdk1.8.0_281\jre\bin\net.dll
0x00007ff85ada0000 - 0x00007ff85ae0a000 	C:\Windows\system32\mswsock.dll
0x00007ff84c260000 - 0x00007ff84c273000 	C:\Program Files\Java\jdk1.8.0_281\jre\bin\nio.dll
0x00007ff83bb80000 - 0x00007ff83bbc3000 	C:\Program Files\Java\jdk1.8.0_281\jre\bin\t2k.dll
0x00007ff844670000 - 0x00007ff8446a2000 	C:\Program Files\Java\jdk1.8.0_281\jre\bin\jpeg.dll
0x00007ff84ee60000 - 0x00007ff84ef5b000 	C:\Windows\SYSTEM32\textinputframework.dll
0x00007ff858000000 - 0x00007ff85835e000 	C:\Windows\System32\CoreUIComponents.dll
0x00007ff8586e0000 - 0x00007ff8587d2000 	C:\Windows\System32\CoreMessaging.dll
0x00007ff857020000 - 0x00007ff857174000 	C:\Windows\SYSTEM32\wintypes.dll
0x00007ff83bf90000 - 0x00007ff83bfba000 	C:\Program Files\Java\jdk1.8.0_281\jre\bin\dcpr.dll
0x00007ff85ab10000 - 0x00007ff85abdb000 	C:\Windows\SYSTEM32\DNSAPI.dll
0x00007ff85aad0000 - 0x00007ff85ab0b000 	C:\Windows\SYSTEM32\IPHLPAPI.DLL
0x00007ff85d5d0000 - 0x00007ff85d5d8000 	C:\Windows\System32\NSI.dll
0x00000000597d0000 - 0x00000000597f6000 	C:\Program Files\Bonjour\mdnsNSP.dll
0x00007ff8525f0000 - 0x00007ff8525fa000 	C:\Windows\System32\rasadhlp.dll
0x00007ff84d9f0000 - 0x00007ff84da6f000 	C:\Windows\System32\fwpuclnt.dll
0x0000000180000000 - 0x000000018000b000 	C:\Windows\System32\jnifplib\x64\jnisgfplib.dll
0x00007ff83a270000 - 0x00007ff83a2ac000 	C:\Windows\System32\jnifplib\x64\sgfplib.dll
0x00007ff85ce00000 - 0x00007ff85d267000 	C:\Windows\System32\SETUPAPI.dll
0x00000000593f0000 - 0x0000000059493000 	C:\Windows\WinSxS\amd64_microsoft.vc90.crt_1fc8b3b9a1e18e3b_9.0.30729.9625_none_08e1c10da83fbc83\MSVCR90.dll
0x00007ff8447b0000 - 0x00007ff8447c8000 	C:\Windows\System32\jnifplib\x64\sgwsqlib.dll
0x00007ff83e960000 - 0x00007ff83e991000 	C:\Windows\SYSTEM32\winbio.dll
0x00007ff83e240000 - 0x00007ff83e24f000 	C:\Windows\SYSTEM32\winbioext.dll
0x00000196bd4b0000 - 0x00000196bd563000 	C:\Windows\SYSTEM32\SGFu03x64.dll
0x00007ff85d4f0000 - 0x00007ff85d5cb000 	C:\Windows\System32\COMDLG32.dll
0x00007ff8428c0000 - 0x00007ff84294e000 	C:\Windows\SYSTEM32\WINSPOOL.DRV
0x0000000010000000 - 0x0000000010033000 	C:\Windows\SYSTEM32\sgfpaMX.dll
0x0000000071100000 - 0x0000000071125000 	C:\Users\alex_\.jssc\windows\jSSC-2.8_x86_64.dll
0x00007ff85b750000 - 0x00007ff85b934000 	C:\Windows\SYSTEM32\dbghelp.dll

VM Arguments:
jvm_args: -Dfile.encoding=UTF-8 
java_command: ventanas.Login
java_class_path (initial): C:\Program Files\NetBeans-12.0\netbeans\java\modules\ext\AbsoluteLayout.jar;C:\Users\alex_\Downloads\DataSystem\conector\mysql-connector-java-5.1.46.jar;C:\Users\alex_\Downloads\DataSystem\driver-PDF\itext5-itextpdf-5.5.12.jar;C:\Users\alex_\Downloads\DataSystem\driver-SecuGen\FDxSDKPro.jar;C:\Users\alex_\Downloads\DataSystem\driver-calendario\jcalendar-1.4.jar;C:\Users\alex_\Downloads\DataSystem\driver-arduino\PanamaHitek_Arduino-3.0.0.jar;C:\Users\alex_\Downloads\DataSystem\driver-arduino\PanamaHitek_Arduino-3.0.0-javadoc.jar;C:\Users\alex_\Downloads\DataSystem\driver-arduino\PanamaHitek_Arduino-3.0.0-sources.jar;C:\Users\alex_\Downloads\DataSystem\build\classes
Launcher Type: SUN_STANDARD

Environment Variables:
PATH=C:\Program Files (x86)\Common Files\Oracle\Java\javapath;C:\Program Files (x86)\VMware\VMware Workstation\bin\;C:\Windows\system32;C:\Windows;C:\Windows\System32\Wbem;C:\Windows\System32\WindowsPowerShell\v1.0\;C:\Windows\System32\OpenSSH\;C:\Program Files\MATLAB\R2020b\bin;C:\Program Files (x86)\NVIDIA Corporation\PhysX\Common;C:\Program Files\NVIDIA Corporation\NVIDIA NvDLISR;C:\Program Files\nodejs\;C:\ProgramData\chocolatey\bin;C:\Program Files\Git\cmd;C:\Program Files\Java\jdk1.8.0_281\bin;C:\Windows\System32\jnifplib\x64;;C:\Program Files\Docker\Docker\resources\bin;C:\ProgramData\DockerDesktop\version-bin;C:\Users\alex_\AppData\Local\Programs\Python\Python39\Scripts\;C:\Users\alex_\AppData\Local\Programs\Python\Python39\;C:\Users\alex_\AppData\Local\Microsoft\WindowsApps;C:\Users\alex_\AppData\Local\Programs\Microsoft VS Code\bin;C:\Users\alex_\AppData\Roaming\npm;C:\Program Files\PostgreSQL\13\bin\;C:\Users\alex_\AppData\Local\GitHubDesktop\bin
USERNAME=alex_
OS=Windows_NT
PROCESSOR_IDENTIFIER=Intel64 Family 6 Model 165 Stepping 3, GenuineIntel



---------------  S Y S T E M  ---------------

OS: Windows 10.0 , 64 bit Build 19041 (10.0.19041.662)

CPU:total 12 (initial active 12) (6 cores per cpu, 2 threads per core) family 6 model 165 stepping 3, cmov, cx8, fxsr, mmx, sse, sse2, sse3, ssse3, sse4.1, sse4.2, popcnt, avx, avx2, aes, clmul, erms, 3dnowpref, lzcnt, ht, tsc, tscinvbit, bmi1, bmi2, adx

Memory: 4k page, physical 8296496k(2391184k free), swap 14063664k(2973136k free)

vm_info: Java HotSpot(TM) 64-Bit Server VM (25.281-b09) for windows-amd64 JRE (1.8.0_281-b09), built on Dec  9 2020 13:54:07 by "" with MS VC++ 15.9 (VS2017)

time: Wed Feb 10 16:40:24 2021
timezone: Hora est. Pacífico, Sudamérica
elapsed time: 11.978669 seconds (0d 0h 0m 11s)

