#
# A fatal error has been detected by the Java Runtime Environment:
#
#  EXCEPTION_ACCESS_VIOLATION (0xc0000005) at pc=0x000000007110b5db, pid=16724, tid=0x0000000000004910
#
# JRE version: Java(TM) SE Runtime Environment (8.0_281-b09) (build 1.8.0_281-b09)
# Java VM: Java HotSpot(TM) 64-Bit Server VM (25.281-b09 mixed mode windows-amd64 compressed oops)
# Problematic frame:
# C  [jSSC-2.8_x86_64.dll+0xb5db]
#
# Failed to write core dump. Minidumps are not enabled by default on client versions of Windows
#
# If you would like to submit a bug report, please visit:
#   http://bugreport.java.com/bugreport/crash.jsp
# The crash happened outside the Java Virtual Machine in native code.
# See problematic frame for where to report the bug.
#

---------------  T H R E A D  ---------------

Current thread (0x000001a72bf5b800):  JavaThread "AWT-EventQueue-0" [_thread_in_native, id=18704, stack(0x0000002d9e200000,0x0000002d9e300000)]

siginfo: ExceptionCode=0xc0000005, reading address 0x000000002cf8c7e7

Registers:
RAX=0x000000002cf8c7e7, RBX=0x0000002d9e2fc980, RCX=0x00007ff85e68c194, RDX=0x0000000000000000
RSP=0x0000002d9e2fc910, RBP=0x0000002d9e2fca90, RSI=0x000001a72bf5b9f8, RDI=0x0000000000000bb4
R8 =0x0000002d9e2fc808, R9 =0x0000002d9e2fc900, R10=0x0000000000000000, R11=0x0000000000000246
R12=0x0000002d9e2fcb40, R13=0x000001a733a17550, R14=0x0000002d9e2fca40, R15=0x000001a72bf5b800
RIP=0x000000007110b5db, EFLAGS=0x0000000000010206

Top of Stack: (sp=0x0000002d9e2fc910)
0x0000002d9e2fc910:   000001a72c457bb0 000001a733a17320
0x0000002d9e2fc920:   000000007110b230 000001a7130c0000
0x0000002d9e2fc930:   000001a7131c0000 0000000000000004
0x0000002d9e2fc940:   000001a72bf5b9f8 0000000000000bb4
0x0000002d9e2fc950:   0000002d9e2fca90 0000000071112590
0x0000002d9e2fc960:   000001a72bf5b800 0000002d9e2fca40
0x0000002d9e2fc970:   000001a733a17550 0000002d9e2fcb40
0x0000002d9e2fc980:   000001a733a17550 00007ff85e605d21
0x0000002d9e2fc990:   0000002d9e2fc9c0 000001a7130c0000
0x0000002d9e2fc9a0:   0000002d9e2fca90 0000000000000000
0x0000002d9e2fc9b0:   0000000071113500 0000000071113be8
0x0000002d9e2fc9c0:   0000002d9e2fc9f0 0000000071112641
0x0000002d9e2fc9d0:   0000002d9e2fc960 000001a72bf5b9f8
0x0000002d9e2fc9e0:   0000000000000000 0000000000000000
0x0000002d9e2fc9f0:   0000002d9e2fca90 0000000071101595
0x0000002d9e2fca00:   000000000000001c 000001a700000000 

Instructions: (pc=0x000000007110b5db)
0x000000007110b5bb:   c5 0f 1f 40 00 55 57 56 53 48 83 ec 28 48 8b 05
0x000000007110b5cb:   39 33 01 00 48 89 cb 48 85 c0 0f 84 c5 00 00 00
0x000000007110b5db:   8b 38 85 ff 0f 88 ab 00 00 00 48 8b 05 1c 33 01
0x000000007110b5eb:   00 48 85 c0 0f 84 bc 00 00 00 8b 30 85 f6 74 57 


Register to memory mapping:

RAX=0x000000002cf8c7e7 is an unknown value
RBX=0x0000002d9e2fc980 is pointing into the stack for thread: 0x000001a72bf5b800
RCX=0x00007ff85e68c194 is an unknown value
RDX=0x0000000000000000 is an unknown value
RSP=0x0000002d9e2fc910 is pointing into the stack for thread: 0x000001a72bf5b800
RBP=0x0000002d9e2fca90 is pointing into the stack for thread: 0x000001a72bf5b800
RSI=0x000001a72bf5b9f8 is an unknown value
RDI=0x0000000000000bb4 is an unknown value
R8 =0x0000002d9e2fc808 is pointing into the stack for thread: 0x000001a72bf5b800
R9 =0x0000002d9e2fc900 is pointing into the stack for thread: 0x000001a72bf5b800
R10=0x0000000000000000 is an unknown value
R11=0x0000000000000246 is an unknown value
R12=0x0000002d9e2fcb40 is pointing into the stack for thread: 0x000001a72bf5b800
R13=0x000001a733a17550 is an unknown value
R14=0x0000002d9e2fca40 is pointing into the stack for thread: 0x000001a72bf5b800
R15=0x000001a72bf5b800 is a thread


Stack: [0x0000002d9e200000,0x0000002d9e300000],  sp=0x0000002d9e2fc910,  free space=1010k
Native frames: (J=compiled Java code, j=interpreted, Vv=VM code, C=native code)
C  [jSSC-2.8_x86_64.dll+0xb5db]
C  [jSSC-2.8_x86_64.dll+0x12590]
C  [jSSC-2.8_x86_64.dll+0x1595]
C  0x000001a714c29f4e

Java frames: (J=compiled Java code, j=interpreted, Vv=VM code)
j  jssc.SerialNativeInterface.openPort(Ljava/lang/String;Z)J+0
j  jssc.SerialPort.openPort()Z+65
j  com.panamahitek.PanamaHitek_Arduino.arduinoTX(Ljava/lang/String;I)V+58
j  ventanas.Ingreso.<init>()V+511
j  ventanas.Administrador.jButton_CreatividadActionPerformed(Ljava/awt/event/ActionEvent;)V+4
j  ventanas.Administrador.access$200(Lventanas/Administrador;Ljava/awt/event/ActionEvent;)V+2
j  ventanas.Administrador$3.actionPerformed(Ljava/awt/event/ActionEvent;)V+5
j  javax.swing.AbstractButton.fireActionPerformed(Ljava/awt/event/ActionEvent;)V+83
j  javax.swing.AbstractButton$Handler.actionPerformed(Ljava/awt/event/ActionEvent;)V+5
j  javax.swing.DefaultButtonModel.fireActionPerformed(Ljava/awt/event/ActionEvent;)V+34
j  javax.swing.DefaultButtonModel.setPressed(Z)V+117
j  javax.swing.plaf.basic.BasicButtonListener.mouseReleased(Ljava/awt/event/MouseEvent;)V+35
j  java.awt.Component.processMouseEvent(Ljava/awt/event/MouseEvent;)V+64
j  javax.swing.JComponent.processMouseEvent(Ljava/awt/event/MouseEvent;)V+23
j  java.awt.Component.processEvent(Ljava/awt/AWTEvent;)V+81
j  java.awt.Container.processEvent(Ljava/awt/AWTEvent;)V+18
j  java.awt.Component.dispatchEventImpl(Ljava/awt/AWTEvent;)V+589
J 1278 C1 java.awt.Container.dispatchEventImpl(Ljava/awt/AWTEvent;)V (129 bytes) @ 0x000001a715010304 [0x000001a7150101c0+0x144]
J 1277 C1 java.awt.Component.dispatchEvent(Ljava/awt/AWTEvent;)V (6 bytes) @ 0x000001a71500fe44 [0x000001a71500fd40+0x104]
j  java.awt.LightweightDispatcher.retargetMouseEvent(Ljava/awt/Component;ILjava/awt/event/MouseEvent;)V+349
j  java.awt.LightweightDispatcher.processMouseEvent(Ljava/awt/event/MouseEvent;)Z+155
j  java.awt.LightweightDispatcher.dispatchEvent(Ljava/awt/AWTEvent;)Z+50
J 1278 C1 java.awt.Container.dispatchEventImpl(Ljava/awt/AWTEvent;)V (129 bytes) @ 0x000001a7150102a4 [0x000001a7150101c0+0xe4]
j  java.awt.Window.dispatchEventImpl(Ljava/awt/AWTEvent;)V+19
J 1342 C1 java.awt.EventQueue.dispatchEventImpl(Ljava/awt/AWTEvent;Ljava/lang/Object;)V (149 bytes) @ 0x000001a715046c3c [0x000001a715045400+0x183c]
J 1340 C1 java.awt.EventQueue$3.run()Ljava/lang/Void; (60 bytes) @ 0x000001a71504480c [0x000001a715044600+0x20c]
J 1339 C1 java.awt.EventQueue$3.run()Ljava/lang/Object; (5 bytes) @ 0x000001a71504428c [0x000001a715044200+0x8c]
v  ~StubRoutines::call_stub
J 556  java.security.AccessController.doPrivileged(Ljava/security/PrivilegedAction;Ljava/security/AccessControlContext;)Ljava/lang/Object; (0 bytes) @ 0x000001a714e521e6 [0x000001a714e52180+0x66]
J 750 C1 java.security.ProtectionDomain$JavaSecurityAccessImpl.doIntersectionPrivilege(Ljava/security/PrivilegedAction;Ljava/security/AccessControlContext;Ljava/security/AccessControlContext;)Ljava/lang/Object; (22 bytes) @ 0x000001a714ec052c [0x000001a714ec00c0+0x46c]
j  java.security.ProtectionDomain$JavaSecurityAccessImpl.doIntersectionPrivilege(Ljava/security/PrivilegedAction;Ljava/security/AccessControlContext;)Ljava/lang/Object;+6
j  java.awt.EventQueue$4.run()Ljava/lang/Void;+11
j  java.awt.EventQueue$4.run()Ljava/lang/Object;+1
v  ~StubRoutines::call_stub
J 556  java.security.AccessController.doPrivileged(Ljava/security/PrivilegedAction;Ljava/security/AccessControlContext;)Ljava/lang/Object; (0 bytes) @ 0x000001a714e521e6 [0x000001a714e52180+0x66]
J 860 C1 java.awt.EventQueue.dispatchEvent(Ljava/awt/AWTEvent;)V (80 bytes) @ 0x000001a714f1c2fc [0x000001a714f1b480+0xe7c]
J 868 C1 java.awt.EventDispatchThread.pumpOneEventForFilters(I)V (190 bytes) @ 0x000001a714f20e0c [0x000001a714f1fcc0+0x114c]
j  java.awt.EventDispatchThread.pumpEventsForFilter(ILjava/awt/Conditional;Ljava/awt/EventFilter;)V+35
j  java.awt.EventDispatchThread.pumpEventsForHierarchy(ILjava/awt/Conditional;Ljava/awt/Component;)V+11
j  java.awt.EventDispatchThread.pumpEvents(ILjava/awt/Conditional;)V+4
j  java.awt.EventDispatchThread.pumpEvents(Ljava/awt/Conditional;)V+3
j  java.awt.EventDispatchThread.run()V+9
v  ~StubRoutines::call_stub

---------------  P R O C E S S  ---------------

Java Threads: ( => current thread )
  0x000001a72c65a800 JavaThread "Image Fetcher 0" daemon [_thread_blocked, id=3160, stack(0x0000002d9eb00000,0x0000002d9ec00000)]
  0x000001a7339c8800 JavaThread "Abandoned connection cleanup thread" daemon [_thread_blocked, id=10028, stack(0x0000002d9e500000,0x0000002d9e600000)]
  0x000001a733957800 JavaThread "TimerQueue" daemon [_thread_blocked, id=4152, stack(0x0000002d9ea00000,0x0000002d9eb00000)]
  0x000001a72c59e800 JavaThread "D3D Screen Updater" daemon [_thread_blocked, id=18028, stack(0x0000002d9e900000,0x0000002d9ea00000)]
  0x000001a7130f1800 JavaThread "DestroyJavaVM" [_thread_blocked, id=10440, stack(0x0000002d9c900000,0x0000002d9ca00000)]
=>0x000001a72bf5b800 JavaThread "AWT-EventQueue-0" [_thread_in_native, id=18704, stack(0x0000002d9e200000,0x0000002d9e300000)]
  0x000001a72bf3f800 JavaThread "AWT-Windows" daemon [_thread_in_native, id=17304, stack(0x0000002d9e100000,0x0000002d9e200000)]
  0x000001a72bf33000 JavaThread "AWT-Shutdown" [_thread_blocked, id=16784, stack(0x0000002d9e000000,0x0000002d9e100000)]
  0x000001a72bf2e800 JavaThread "Java2D Disposer" daemon [_thread_blocked, id=16296, stack(0x0000002d9df00000,0x0000002d9e000000)]
  0x000001a72a1cd800 JavaThread "Service Thread" daemon [_thread_blocked, id=3812, stack(0x0000002d9dd00000,0x0000002d9de00000)]
  0x000001a72a1a0000 JavaThread "C1 CompilerThread3" daemon [_thread_blocked, id=7760, stack(0x0000002d9dc00000,0x0000002d9dd00000)]
  0x000001a72a19d800 JavaThread "C2 CompilerThread2" daemon [_thread_blocked, id=20216, stack(0x0000002d9db00000,0x0000002d9dc00000)]
  0x000001a72a196800 JavaThread "C2 CompilerThread1" daemon [_thread_blocked, id=4172, stack(0x0000002d9da00000,0x0000002d9db00000)]
  0x000001a72a190800 JavaThread "C2 CompilerThread0" daemon [_thread_blocked, id=14860, stack(0x0000002d9d900000,0x0000002d9da00000)]
  0x000001a72a189000 JavaThread "Attach Listener" daemon [_thread_blocked, id=7328, stack(0x0000002d9d800000,0x0000002d9d900000)]
  0x000001a72a188000 JavaThread "Signal Dispatcher" daemon [_thread_blocked, id=7764, stack(0x0000002d9d700000,0x0000002d9d800000)]
  0x000001a72a163000 JavaThread "Finalizer" daemon [_thread_blocked, id=19116, stack(0x0000002d9d600000,0x0000002d9d700000)]
  0x000001a72a15c000 JavaThread "Reference Handler" daemon [_thread_blocked, id=6600, stack(0x0000002d9d500000,0x0000002d9d600000)]

Other Threads:
  0x000001a72a138000 VMThread [stack: 0x0000002d9d400000,0x0000002d9d500000] [id=17956]
  0x000001a72a1ce800 WatcherThread [stack: 0x0000002d9de00000,0x0000002d9df00000] [id=1824]

VM state:not at safepoint (normal execution)

VM Mutex/Monitor currently owned by a thread: None

heap address: 0x0000000081600000, size: 2026 MB, Compressed Oops mode: 32-bit
Narrow klass base: 0x0000000000000000, Narrow klass shift: 3
Compressed class space size: 1073741824 Address: 0x0000000100000000

Heap:
 PSYoungGen      total 38400K, used 17795K [0x00000000d5d00000, 0x00000000d8780000, 0x0000000100000000)
  eden space 33280K, 38% used [0x00000000d5d00000,0x00000000d6961e38,0x00000000d7d80000)
  from space 5120K, 99% used [0x00000000d7d80000,0x00000000d827ef20,0x00000000d8280000)
  to   space 5120K, 0% used [0x00000000d8280000,0x00000000d8280000,0x00000000d8780000)
 ParOldGen       total 87552K, used 28017K [0x0000000081600000, 0x0000000086b80000, 0x00000000d5d00000)
  object space 87552K, 32% used [0x0000000081600000,0x000000008315c4d8,0x0000000086b80000)
 Metaspace       used 16502K, capacity 16802K, committed 17024K, reserved 1064960K
  class space    used 2005K, capacity 2097K, committed 2176K, reserved 1048576K

Card table byte_map: [0x000001a723fd0000,0x000001a7243d0000] byte_map_base: 0x000001a723bc5000

Marking Bits: (ParMarkBitMap*) 0x00000000580b6ff0
 Begin Bits: [0x000001a724680000, 0x000001a726628000)
 End Bits:   [0x000001a726628000, 0x000001a7285d0000)

Polling page: 0x000001a713390000

CodeCache: size=245760Kb used=4461Kb max_used=4470Kb free=241299Kb
 bounds [0x000001a714c10000, 0x000001a715070000, 0x000001a723c10000]
 total_blobs=2008 nmethods=1416 adapters=504
 compilation: enabled

Compilation events (10 events):
Event: 9.851 Thread 0x000001a72a190800 nmethod 1411 0x000001a71506ebd0 code [0x000001a71506ed60, 0x000001a71506f848]
Event: 10.853 Thread 0x000001a72a1a0000 1412       3       sun.misc.SharedSecrets::javaUtilJarAccess (18 bytes)
Event: 10.853 Thread 0x000001a72a1a0000 nmethod 1412 0x000001a71506e790 code [0x000001a71506e900, 0x000001a71506eb50]
Event: 10.854 Thread 0x000001a72a1a0000 1413       1       java.util.jar.Manifest::getEntries (5 bytes)
Event: 10.854 Thread 0x000001a72a1a0000 nmethod 1413 0x000001a71506e4d0 code [0x000001a71506e620, 0x000001a71506e738]
Event: 10.854 Thread 0x000001a72a1a0000 1414       1       java.util.jar.Manifest::getMainAttributes (5 bytes)
Event: 10.854 Thread 0x000001a72a1a0000 nmethod 1414 0x000001a71506e210 code [0x000001a71506e360, 0x000001a71506e478]
Event: 10.854 Thread 0x000001a72a1a0000 1415       1       java.util.jar.JarFile::access$300 (5 bytes)
Event: 10.854 Thread 0x000001a72a1a0000 nmethod 1415 0x000001a71506df50 code [0x000001a71506e0a0, 0x000001a71506e198]
Event: 10.856 Thread 0x000001a72a1a0000 1416       3       java.util.Vector::ensureCapacityHelper (16 bytes)

GC Heap History (2 events):
Event: 7.441 GC heap before
{Heap before GC invocations=1 (full 0):
 PSYoungGen      total 38400K, used 33270K [0x00000000d5d00000, 0x00000000d8780000, 0x0000000100000000)
  eden space 33280K, 99% used [0x00000000d5d00000,0x00000000d7d7d9f0,0x00000000d7d80000)
  from space 5120K, 0% used [0x00000000d8280000,0x00000000d8280000,0x00000000d8780000)
  to   space 5120K, 0% used [0x00000000d7d80000,0x00000000d7d80000,0x00000000d8280000)
 ParOldGen       total 87552K, used 0K [0x0000000081600000, 0x0000000086b80000, 0x00000000d5d00000)
  object space 87552K, 0% used [0x0000000081600000,0x0000000081600000,0x0000000086b80000)
 Metaspace       used 13338K, capacity 13578K, committed 13824K, reserved 1060864K
  class space    used 1691K, capacity 1771K, committed 1792K, reserved 1048576K
Event: 7.450 GC heap after
Heap after GC invocations=1 (full 0):
 PSYoungGen      total 38400K, used 5115K [0x00000000d5d00000, 0x00000000d8780000, 0x0000000100000000)
  eden space 33280K, 0% used [0x00000000d5d00000,0x00000000d5d00000,0x00000000d7d80000)
  from space 5120K, 99% used [0x00000000d7d80000,0x00000000d827ef20,0x00000000d8280000)
  to   space 5120K, 0% used [0x00000000d8280000,0x00000000d8280000,0x00000000d8780000)
 ParOldGen       total 87552K, used 28017K [0x0000000081600000, 0x0000000086b80000, 0x00000000d5d00000)
  object space 87552K, 32% used [0x0000000081600000,0x000000008315c4d8,0x0000000086b80000)
 Metaspace       used 13338K, capacity 13578K, committed 13824K, reserved 1060864K
  class space    used 1691K, capacity 1771K, committed 1792K, reserved 1048576K
}

Deoptimization events (9 events):
Event: 0.520 Thread 0x000001a72c45c800 Uncommon trap: reason=unstable_if action=reinterpret pc=0x000001a714e60e5c method=java.awt.image.ReplicateScaleFilter.setPixels(IIIILjava/awt/image/ColorModel;[III)V @ 4
Event: 2.184 Thread 0x000001a72bf5b800 Uncommon trap: reason=class_check action=maybe_recompile pc=0x000001a714d82e94 method=java.lang.String.equals(Ljava/lang/Object;)Z @ 8
Event: 2.184 Thread 0x000001a72bf5b800 Uncommon trap: reason=class_check action=maybe_recompile pc=0x000001a714d82e94 method=java.lang.String.equals(Ljava/lang/Object;)Z @ 8
Event: 2.367 Thread 0x000001a72bf5b800 Uncommon trap: reason=class_check action=maybe_recompile pc=0x000001a714d82e94 method=java.lang.String.equals(Ljava/lang/Object;)Z @ 8
Event: 2.367 Thread 0x000001a72bf5b800 Uncommon trap: reason=class_check action=maybe_recompile pc=0x000001a714d82e94 method=java.lang.String.equals(Ljava/lang/Object;)Z @ 8
Event: 7.437 Thread 0x000001a7339c8800 Uncommon trap: reason=unstable_if action=reinterpret pc=0x000001a714f3dbe0 method=java.lang.String.indexOf([CII[CIII)I @ 3
Event: 7.550 Thread 0x000001a72bf5b800 Uncommon trap: reason=unstable_if action=reinterpret pc=0x000001a714f88aac method=java.util.Properties$LineReader.readLine()I @ 252
Event: 7.551 Thread 0x000001a72bf5b800 Uncommon trap: reason=unstable_if action=reinterpret pc=0x000001a714f8b15c method=java.util.Properties.loadConvert([CII[C)Ljava/lang/String; @ 4
Event: 7.559 Thread 0x000001a72bf5b800 Uncommon trap: reason=class_check action=maybe_recompile pc=0x000001a714fccf98 method=java.util.Properties$LineReader.readLine()I @ 410

Classes redefined (0 events):
No events

Internal exceptions (10 events):
Event: 0.181 Thread 0x000001a7130f1800 Exception <a 'java/lang/ClassNotFoundException': ToggleButton> (0x00000000d61280a8) thrown at [C:\jenkins\workspace\8-2-build-windows-amd64-cygwin\jdk8u281\880\hotspot\src\share\vm\classfile\systemDictionary.cpp, line 212]
Event: 0.182 Thread 0x000001a7130f1800 Exception <a 'java/lang/ClassNotFoundException': javax/swing/JToolBarSeparator> (0x00000000d6128508) thrown at [C:\jenkins\workspace\8-2-build-windows-amd64-cygwin\jdk8u281\880\hotspot\src\share\vm\classfile\systemDictionary.cpp, line 212]
Event: 0.182 Thread 0x000001a7130f1800 Exception <a 'java/lang/ClassNotFoundException': ToolBarSeparator> (0x00000000d61289a0) thrown at [C:\jenkins\workspace\8-2-build-windows-amd64-cygwin\jdk8u281\880\hotspot\src\share\vm\classfile\systemDictionary.cpp, line 212]
Event: 0.182 Thread 0x000001a7130f1800 Exception <a 'java/lang/ClassNotFoundException': ToolTip> (0x00000000d61290e0) thrown at [C:\jenkins\workspace\8-2-build-windows-amd64-cygwin\jdk8u281\880\hotspot\src\share\vm\classfile\systemDictionary.cpp, line 212]
Event: 0.182 Thread 0x000001a7130f1800 Exception <a 'java/lang/ClassNotFoundException': Tree> (0x00000000d6129d00) thrown at [C:\jenkins\workspace\8-2-build-windows-amd64-cygwin\jdk8u281\880\hotspot\src\share\vm\classfile\systemDictionary.cpp, line 212]
Event: 0.182 Thread 0x000001a7130f1800 Exception <a 'java/lang/ClassNotFoundException': Tree> (0x00000000d612a440) thrown at [C:\jenkins\workspace\8-2-build-windows-amd64-cygwin\jdk8u281\880\hotspot\src\share\vm\classfile\systemDictionary.cpp, line 212]
Event: 0.182 Thread 0x000001a7130f1800 Exception <a 'java/lang/ClassNotFoundException': javax/swing/JTreeCell> (0x00000000d612a7c0) thrown at [C:\jenkins\workspace\8-2-build-windows-amd64-cygwin\jdk8u281\880\hotspot\src\share\vm\classfile\systemDictionary.cpp, line 212]
Event: 0.182 Thread 0x000001a7130f1800 Exception <a 'java/lang/ClassNotFoundException': TreeCell> (0x00000000d612ac48) thrown at [C:\jenkins\workspace\8-2-build-windows-amd64-cygwin\jdk8u281\880\hotspot\src\share\vm\classfile\systemDictionary.cpp, line 212]
Event: 0.183 Thread 0x000001a7130f1800 Exception <a 'java/lang/ClassNotFoundException': RootPane> (0x00000000d612b6a8) thrown at [C:\jenkins\workspace\8-2-build-windows-amd64-cygwin\jdk8u281\880\hotspot\src\share\vm\classfile\systemDictionary.cpp, line 212]
Event: 0.520 Thread 0x000001a72c45c800 Implicit null exception at 0x000001a714e6070d to 0x000001a714e60e49

Events (10 events):
Event: 10.852 loading class jssc/SerialPort
Event: 10.852 loading class jssc/SerialPort done
Event: 10.853 loading class jssc/SerialPort$EventThread
Event: 10.853 loading class jssc/SerialPort$EventThread done
Event: 10.853 loading class jssc/SerialPort$LinuxEventThread
Event: 10.853 loading class jssc/SerialPort$LinuxEventThread done
Event: 10.854 loading class jssc/SerialPortTimeoutException
Event: 10.854 loading class jssc/SerialPortTimeoutException done
Event: 10.854 loading class jssc/SerialNativeInterface
Event: 10.854 loading class jssc/SerialNativeInterface done


Dynamic libraries:
0x00007ff6d91b0000 - 0x00007ff6d91f7000 	C:\Program Files\Java\jdk1.8.0_281\bin\java.exe
0x00007ff85e5f0000 - 0x00007ff85e7e6000 	C:\Windows\SYSTEM32\ntdll.dll
0x00007ff842020000 - 0x00007ff842032000 	C:\Program Files\Avast Software\Avast\aswhook.dll
0x00007ff85e280000 - 0x00007ff85e33d000 	C:\Windows\System32\KERNEL32.DLL
0x00007ff85c060000 - 0x00007ff85c329000 	C:\Windows\System32\KERNELBASE.dll
0x00007ff85df80000 - 0x00007ff85e02c000 	C:\Windows\System32\ADVAPI32.dll
0x00007ff85e340000 - 0x00007ff85e3de000 	C:\Windows\System32\msvcrt.dll
0x00007ff85e1e0000 - 0x00007ff85e27c000 	C:\Windows\System32\sechost.dll
0x00007ff85c8c0000 - 0x00007ff85c9eb000 	C:\Windows\System32\RPCRT4.dll
0x00007ff85d270000 - 0x00007ff85d410000 	C:\Windows\System32\USER32.dll
0x00007ff85c030000 - 0x00007ff85c052000 	C:\Windows\System32\win32u.dll
0x00007ff85e520000 - 0x00007ff85e54a000 	C:\Windows\System32\GDI32.dll
0x00007ff85c540000 - 0x00007ff85c64b000 	C:\Windows\System32\gdi32full.dll
0x00007ff85be30000 - 0x00007ff85becd000 	C:\Windows\System32\msvcp_win.dll
0x00007ff85bd30000 - 0x00007ff85be30000 	C:\Windows\System32\ucrtbase.dll
0x00007ff85b140000 - 0x00007ff85b3db000 	C:\Windows\WinSxS\amd64_microsoft.windows.common-controls_6595b64144ccf1df_6.0.19041.746_none_ca02b4b61b8320a4\COMCTL32.dll
0x00007ff85d410000 - 0x00007ff85d440000 	C:\Windows\System32\IMM32.DLL
0x00007ff8587f0000 - 0x00007ff858805000 	C:\Program Files\Java\jdk1.8.0_281\jre\bin\vcruntime140.dll
0x00007ff839c90000 - 0x00007ff839d2b000 	C:\Program Files\Java\jdk1.8.0_281\jre\bin\msvcp140.dll
0x00000000578d0000 - 0x000000005812f000 	C:\Program Files\Java\jdk1.8.0_281\jre\bin\server\jvm.dll
0x00007ff85e440000 - 0x00007ff85e448000 	C:\Windows\System32\PSAPI.DLL
0x00007ff843e00000 - 0x00007ff843e09000 	C:\Windows\SYSTEM32\WSOCK32.dll
0x00007ff85df10000 - 0x00007ff85df7b000 	C:\Windows\System32\WS2_32.dll
0x00007ff845680000 - 0x00007ff8456a7000 	C:\Windows\SYSTEM32\WINMM.dll
0x00007ff854ff0000 - 0x00007ff854ffa000 	C:\Windows\SYSTEM32\VERSION.dll
0x00007ff859620000 - 0x00007ff859632000 	C:\Windows\SYSTEM32\kernel.appcore.dll
0x00007ff858d50000 - 0x00007ff858d60000 	C:\Program Files\Java\jdk1.8.0_281\jre\bin\verify.dll
0x00007ff851290000 - 0x00007ff8512bb000 	C:\Program Files\Java\jdk1.8.0_281\jre\bin\java.dll
0x00007ff856ea0000 - 0x00007ff856eb8000 	C:\Program Files\Java\jdk1.8.0_281\jre\bin\zip.dll
0x00007ff85d670000 - 0x00007ff85ddb3000 	C:\Windows\System32\SHELL32.dll
0x00007ff859820000 - 0x00007ff859faf000 	C:\Windows\SYSTEM32\windows.storage.dll
0x00007ff85caa0000 - 0x00007ff85cdf6000 	C:\Windows\System32\combase.dll
0x00007ff85b030000 - 0x00007ff85b05c000 	C:\Windows\SYSTEM32\Wldp.dll
0x00007ff85c9f0000 - 0x00007ff85ca9e000 	C:\Windows\System32\SHCORE.dll
0x00007ff85e3e0000 - 0x00007ff85e435000 	C:\Windows\System32\shlwapi.dll
0x00007ff85bc60000 - 0x00007ff85bc86000 	C:\Windows\SYSTEM32\profapi.dll
0x00007ff839d30000 - 0x00007ff839ec5000 	C:\Program Files\Java\jdk1.8.0_281\jre\bin\awt.dll
0x00007ff85e450000 - 0x00007ff85e51d000 	C:\Windows\System32\OLEAUT32.dll
0x00007ff858a00000 - 0x00007ff858a90000 	C:\Windows\SYSTEM32\apphelp.dll
0x00007ff859240000 - 0x00007ff8592de000 	C:\Windows\system32\uxtheme.dll
0x00007ff85dde0000 - 0x00007ff85def6000 	C:\Windows\System32\MSCTF.dll
0x00007ff85e0b0000 - 0x00007ff85e1da000 	C:\Windows\System32\ole32.dll
0x00007ff85c330000 - 0x00007ff85c3b0000 	C:\Windows\System32\bcryptPrimitives.dll
0x00007ff859410000 - 0x00007ff85943f000 	C:\Windows\system32\DWMAPI.DLL
0x00007ff8400b0000 - 0x00007ff8400f9000 	C:\Program Files\Java\jdk1.8.0_281\jre\bin\fontmanager.dll
0x00007ff834a40000 - 0x00007ff834b65000 	C:\Windows\system32\opengl32.dll
0x00007ff840100000 - 0x00007ff84012c000 	C:\Windows\SYSTEM32\GLU32.dll
0x00007ff8538b0000 - 0x00007ff853a7f000 	C:\Windows\system32\d3d9.dll
0x00007ff84e700000 - 0x00007ff84e805000 	C:\Windows\System32\DriverStore\FileRepository\nv_dispi.inf_amd64_d67c20d727d4578c\nvldumdx.dll
0x00007ff85b4e0000 - 0x00007ff85b4f2000 	C:\Windows\SYSTEM32\msasn1.dll
0x00007ff852d20000 - 0x00007ff852d51000 	C:\Windows\SYSTEM32\cryptnet.dll
0x00007ff85bed0000 - 0x00007ff85c026000 	C:\Windows\System32\CRYPT32.dll
0x00007ff85af50000 - 0x00007ff85af5c000 	C:\Windows\SYSTEM32\cryptbase.dll
0x00007ff85c3e0000 - 0x00007ff85c440000 	C:\Windows\System32\WINTRUST.DLL
0x00007ff85ddc0000 - 0x00007ff85dddd000 	C:\Windows\System32\imagehlp.dll
0x00007ff85bab0000 - 0x00007ff85bac8000 	C:\Windows\SYSTEM32\CRYPTSP.dll
0x00007ff85a730000 - 0x00007ff85a764000 	C:\Windows\system32\rsaenh.dll
0x00007ff85c3b0000 - 0x00007ff85c3d7000 	C:\Windows\System32\bcrypt.dll
0x00007ff8037c0000 - 0x00007ff805408000 	C:\Windows\System32\DriverStore\FileRepository\nv_dispi.inf_amd64_d67c20d727d4578c\nvd3dumx.dll
0x00007ff813fe0000 - 0x00007ff814299000 	C:\Windows\system32\nvspcap64.dll
0x00007ff85ba70000 - 0x00007ff85baa3000 	C:\Windows\SYSTEM32\ntmarta.dll
0x00007ff859fc0000 - 0x00007ff859fe3000 	C:\Windows\SYSTEM32\gpapi.dll
0x00007ff84f3e0000 - 0x00007ff84f41b000 	C:\Windows\SYSTEM32\dxcore.dll
0x00007ff85c4f0000 - 0x00007ff85c53e000 	C:\Windows\System32\cfgmgr32.dll
0x00007ff85d440000 - 0x00007ff85d4e9000 	C:\Windows\System32\clbcatq.dll
0x00007ff853af0000 - 0x00007ff853ca4000 	C:\Windows\SYSTEM32\WindowsCodecs.dll
0x00007ff8441d0000 - 0x00007ff84420e000 	C:\Windows\system32\dataexchange.dll
0x00007ff8575e0000 - 0x00007ff857844000 	C:\Windows\system32\d3d11.dll
0x00007ff857e10000 - 0x00007ff857ff7000 	C:\Windows\system32\dcomp.dll
0x00007ff859ff0000 - 0x00007ff85a0e3000 	C:\Windows\system32\dxgi.dll
0x00007ff854ac0000 - 0x00007ff854cc1000 	C:\Windows\system32\twinapi.appcore.dll
0x00007ff8511d0000 - 0x00007ff8511ec000 	C:\Program Files\Java\jdk1.8.0_281\jre\bin\net.dll
0x00007ff85ada0000 - 0x00007ff85ae0a000 	C:\Windows\system32\mswsock.dll
0x00007ff84c260000 - 0x00007ff84c273000 	C:\Program Files\Java\jdk1.8.0_281\jre\bin\nio.dll
0x00007ff83bb80000 - 0x00007ff83bbc3000 	C:\Program Files\Java\jdk1.8.0_281\jre\bin\t2k.dll
0x00007ff844670000 - 0x00007ff8446a2000 	C:\Program Files\Java\jdk1.8.0_281\jre\bin\jpeg.dll
0x00007ff84ee60000 - 0x00007ff84ef5b000 	C:\Windows\SYSTEM32\textinputframework.dll
0x00007ff858000000 - 0x00007ff85835e000 	C:\Windows\System32\CoreUIComponents.dll
0x00007ff8586e0000 - 0x00007ff8587d2000 	C:\Windows\System32\CoreMessaging.dll
0x00007ff857020000 - 0x00007ff857174000 	C:\Windows\SYSTEM32\wintypes.dll
0x00007ff83bf90000 - 0x00007ff83bfba000 	C:\Program Files\Java\jdk1.8.0_281\jre\bin\dcpr.dll
0x00007ff85ab10000 - 0x00007ff85abdb000 	C:\Windows\SYSTEM32\DNSAPI.dll
0x00007ff85aad0000 - 0x00007ff85ab0b000 	C:\Windows\SYSTEM32\IPHLPAPI.DLL
0x00007ff85d5d0000 - 0x00007ff85d5d8000 	C:\Windows\System32\NSI.dll
0x00000000597d0000 - 0x00000000597f6000 	C:\Program Files\Bonjour\mdnsNSP.dll
0x00007ff8525f0000 - 0x00007ff8525fa000 	C:\Windows\System32\rasadhlp.dll
0x00007ff84d9f0000 - 0x00007ff84da6f000 	C:\Windows\System32\fwpuclnt.dll
0x0000000180000000 - 0x000000018000b000 	C:\Windows\System32\jnifplib\x64\jnisgfplib.dll
0x00007ff8320b0000 - 0x00007ff8320ec000 	C:\Windows\System32\jnifplib\x64\sgfplib.dll
0x00007ff85ce00000 - 0x00007ff85d267000 	C:\Windows\System32\SETUPAPI.dll
0x00000000593f0000 - 0x0000000059493000 	C:\Windows\WinSxS\amd64_microsoft.vc90.crt_1fc8b3b9a1e18e3b_9.0.30729.9625_none_08e1c10da83fbc83\MSVCR90.dll
0x00007ff8447b0000 - 0x00007ff8447c8000 	C:\Windows\System32\jnifplib\x64\sgwsqlib.dll
0x00007ff83e960000 - 0x00007ff83e991000 	C:\Windows\SYSTEM32\winbio.dll
0x00007ff83e240000 - 0x00007ff83e24f000 	C:\Windows\SYSTEM32\winbioext.dll
0x000001a735670000 - 0x000001a735723000 	C:\Windows\SYSTEM32\SGFu03x64.dll
0x00007ff85d4f0000 - 0x00007ff85d5cb000 	C:\Windows\System32\COMDLG32.dll
0x00007ff8428c0000 - 0x00007ff84294e000 	C:\Windows\SYSTEM32\WINSPOOL.DRV
0x0000000010000000 - 0x0000000010033000 	C:\Windows\SYSTEM32\sgfpaMX.dll
0x0000000071100000 - 0x0000000071125000 	C:\Users\alex_\.jssc\windows\jSSC-2.8_x86_64.dll
0x00007ff85b750000 - 0x00007ff85b934000 	C:\Windows\SYSTEM32\dbghelp.dll

VM Arguments:
jvm_args: -Dfile.encoding=UTF-8 
java_command: ventanas.Login
java_class_path (initial): C:\Program Files\NetBeans-12.0\netbeans\java\modules\ext\AbsoluteLayout.jar;C:\Users\alex_\Downloads\DataSystem\conector\mysql-connector-java-5.1.46.jar;C:\Users\alex_\Downloads\DataSystem\driver-PDF\itext5-itextpdf-5.5.12.jar;C:\Users\alex_\Downloads\DataSystem\driver-SecuGen\FDxSDKPro.jar;C:\Users\alex_\Downloads\DataSystem\driver-calendario\jcalendar-1.4.jar;C:\Users\alex_\Downloads\DataSystem\driver-arduino\PanamaHitek_Arduino-3.0.0.jar;C:\Users\alex_\Downloads\DataSystem\driver-arduino\PanamaHitek_Arduino-3.0.0-javadoc.jar;C:\Users\alex_\Downloads\DataSystem\driver-arduino\PanamaHitek_Arduino-3.0.0-sources.jar;C:\Users\alex_\Downloads\DataSystem\build\classes
Launcher Type: SUN_STANDARD

Environment Variables:
PATH=C:\Program Files (x86)\Common Files\Oracle\Java\javapath;C:\Program Files (x86)\VMware\VMware Workstation\bin\;C:\Windows\system32;C:\Windows;C:\Windows\System32\Wbem;C:\Windows\System32\WindowsPowerShell\v1.0\;C:\Windows\System32\OpenSSH\;C:\Program Files\MATLAB\R2020b\bin;C:\Program Files (x86)\NVIDIA Corporation\PhysX\Common;C:\Program Files\NVIDIA Corporation\NVIDIA NvDLISR;C:\Program Files\nodejs\;C:\ProgramData\chocolatey\bin;C:\Program Files\Git\cmd;C:\Program Files\Java\jdk1.8.0_281\bin;C:\Windows\System32\jnifplib\x64;;C:\Program Files\Docker\Docker\resources\bin;C:\ProgramData\DockerDesktop\version-bin;C:\Users\alex_\AppData\Local\Programs\Python\Python39\Scripts\;C:\Users\alex_\AppData\Local\Programs\Python\Python39\;C:\Users\alex_\AppData\Local\Microsoft\WindowsApps;C:\Users\alex_\AppData\Local\Programs\Microsoft VS Code\bin;C:\Users\alex_\AppData\Roaming\npm;C:\Program Files\PostgreSQL\13\bin\;C:\Users\alex_\AppData\Local\GitHubDesktop\bin
USERNAME=alex_
OS=Windows_NT
PROCESSOR_IDENTIFIER=Intel64 Family 6 Model 165 Stepping 3, GenuineIntel



---------------  S Y S T E M  ---------------

OS: Windows 10.0 , 64 bit Build 19041 (10.0.19041.662)

CPU:total 12 (initial active 12) (6 cores per cpu, 2 threads per core) family 6 model 165 stepping 3, cmov, cx8, fxsr, mmx, sse, sse2, sse3, ssse3, sse4.1, sse4.2, popcnt, avx, avx2, aes, clmul, erms, 3dnowpref, lzcnt, ht, tsc, tscinvbit, bmi1, bmi2, adx

Memory: 4k page, physical 8296496k(2271808k free), swap 14063664k(2945076k free)

vm_info: Java HotSpot(TM) 64-Bit Server VM (25.281-b09) for windows-amd64 JRE (1.8.0_281-b09), built on Dec  9 2020 13:54:07 by "" with MS VC++ 15.9 (VS2017)

time: Wed Feb 10 16:37:28 2021
timezone: Hora est. Pacífico, Sudamérica
elapsed time: 10.975990 seconds (0d 0h 0m 10s)

